id*log*stage*time
1*add vm (192.168.80.54) in stage 1*98*2018-11-09 11:11:30.0
2*170440;170;1*1*2018-11-09 11:13:42.0
3*Trying to create vm in stage 1*98*2018-11-09 11:13:42.0
4*Trying to create vm in stage 2*98*2018-11-09 11:13:55.0
5*add vm (192.168.80.55) in stage 1*98*2018-11-09 11:14:18.0
6*53455;53;2*1*2018-11-09 11:14:36.0
7*Trying to create vm in stage 1*98*2018-11-09 11:14:37.0
8*add vm (192.168.80.56) in stage 2*98*2018-11-09 11:14:38.0
9*25817;25;3*1*2018-11-09 11:15:02.0
10*add vm (192.168.80.57) in stage 1*98*2018-11-09 11:15:18.0
11*24933;24;3*1*2018-11-09 11:15:27.0
12*Trying to create vm in stage 1*98*2018-11-09 11:15:28.0
13*16748;16;4*1*2018-11-09 11:15:45.0
14*16439;16;4*1*2018-11-09 11:16:02.0
15*add vm (192.168.80.58) in stage 1*98*2018-11-09 11:16:06.0
16*14609;14;4*1*2018-11-09 11:16:17.0
17*Trying to create vm in stage 1*98*2018-11-09 11:16:17.0
18*13385;13;5*1*2018-11-09 11:16:31.0
19*11518;11;5*1*2018-11-09 11:16:43.0
20*add vm (192.168.80.59) in stage 1*98*2018-11-09 11:16:50.0
21*11167;11;5*1*2018-11-09 11:16:54.0
22*Trying to create vm in stage 1*98*2018-11-09 11:16:55.0
23*10018;10;6*1*2018-11-09 11:17:05.0
24*9533;9;6*1*2018-11-09 11:17:15.0
25*220905;220;1*2*2018-11-09 11:17:23.0
26*9936;9;6*1*2018-11-09 11:17:25.0
27*Trying to create vm in stage 2*98*2018-11-09 11:17:26.0
28*add vm (192.168.80.60) in stage 1*98*2018-11-09 11:17:32.0
29*12566;12;6*1*2018-11-09 11:17:38.0
30*Trying to create vm in stage 3*98*2018-11-09 11:17:40.0
31*Trying to create vm in stage 1*98*2018-11-09 11:17:48.0
32*8798;8;7*1*2018-11-09 11:17:48.0
33*8443;8;7*1*2018-11-09 11:17:57.0
34*7823;7;7*1*2018-11-09 11:18:05.0
35*7420;7;7*1*2018-11-09 11:18:13.0
36*add vm (192.168.80.61) in stage 2*98*2018-11-09 11:18:13.0
37*6499;6;7*1*2018-11-09 11:18:20.0
38*6535;6;7*1*2018-11-09 11:18:27.0
39*69790;69;2*2*2018-11-09 11:18:34.0
40*6696;6;7*1*2018-11-09 11:18:34.0
41*Trying to create vm in stage 2*98*2018-11-09 11:18:36.0
42*add vm (192.168.80.62) in stage 3*98*2018-11-09 11:18:40.0
43*add vm (192.168.80.63) in stage 1*98*2018-11-09 11:18:44.0
44*8486;8;7*1*2018-11-09 11:18:45.0
45*Trying to create vm in stage 1*98*2018-11-09 11:18:49.0
46*6051;6;8*1*2018-11-09 11:18:51.0
47*5739;5;8*1*2018-11-09 11:18:58.0
48*5675;5;8*1*2018-11-09 11:19:04.0
49*32901;32;3*2*2018-11-09 11:19:08.0
50*12711;12;8*1*2018-11-09 11:19:17.0
51*4227;4;8*1*2018-11-09 11:19:21.0
52*4244;4;8*1*2018-11-09 11:19:26.0
53*add vm (192.168.80.64) in stage 2*98*2018-11-09 11:19:28.0
54*3475;3;8*1*2018-11-09 11:19:30.0
55*3424;3;8*1*2018-11-09 11:19:34.0
56*add vm (192.168.80.65) in stage 1*98*2018-11-09 11:19:34.0
57*2995;2;8*1*2018-11-09 11:19:37.0
58*33128;33;3*2*2018-11-09 11:19:41.0
59*Trying to create vm in stage 2*98*2018-11-09 11:19:42.0
60*7106;7;9*1*2018-11-09 11:19:45.0
61*3171;3;9*1*2018-11-09 11:19:49.0
62*2500;2;9*1*2018-11-09 11:19:52.0
63*2002;2;9*1*2018-11-09 11:19:54.0
64*1933;1;9*1*2018-11-09 11:19:56.0
65*1238;1;9*1*2018-11-09 11:19:58.0
66*1702;1;9*1*2018-11-09 11:20:00.0
67*574;0;9*1*2018-11-09 11:20:01.0
68*625;0;9*1*2018-11-09 11:20:03.0
69*22650;22;4*2*2018-11-09 11:20:05.0
70*167680;167;1*3*2018-11-09 11:20:11.0
71*Trying to create vm in stage 3*98*2018-11-09 11:20:12.0
72*add vm (192.168.80.66) in stage 2*98*2018-11-09 11:20:17.0
73*21958;21;4*2*2018-11-09 11:20:27.0
74*add vm (192.168.80.59) in stage 2*98*2018-11-09 11:20:29.0
75*15802;15;5*2*2018-11-09 11:20:44.0
76*Trying to create vm in stage 2*98*2018-11-09 11:20:45.0
77*add vm (192.168.80.67) in stage 3*98*2018-11-09 11:20:48.0
78*12274;12;6*2*2018-11-09 11:20:56.0
79*46116;46;2*3*2018-11-09 11:20:59.0
80*Trying to create vm in stage 3*98*2018-11-09 11:21:00.0
81*16259;16;6*2*2018-11-09 11:21:13.0
82*add vm (192.168.80.51) in stage 2*98*2018-11-09 11:21:22.0
83*11338;11;6*2*2018-11-09 11:21:25.0
84*Trying to create vm in stage 2*98*2018-11-09 11:21:26.0
85*28928;28;3*3*2018-11-09 11:21:28.0
86*17516;17;7*2*2018-11-09 11:21:43.0
87*add vm (192.168.80.54) in stage 3*98*2018-11-09 11:21:49.0
88*10437;10;7*2*2018-11-09 11:21:54.0
89*27731;27;3*3*2018-11-09 11:21:57.0
90*Trying to create vm in stage 3*98*2018-11-09 11:21:58.0
91*14981;14;7*2*2018-11-09 11:22:09.0
92*add vm (192.168.80.55) in stage 2*98*2018-11-09 11:22:17.0
93*20319;20;4*3*2018-11-09 11:22:18.0
94*9724;9;7*2*2018-11-09 11:22:20.0
95*Trying to create vm in stage 2*98*2018-11-09 11:22:21.0
96*11642;11;8*2*2018-11-09 11:22:32.0
97*19666;19;4*3*2018-11-09 11:22:38.0
98*13813;13;8*2*2018-11-09 11:22:46.0
99*add vm (192.168.80.57) in stage 3*98*2018-11-09 11:22:47.0
100*14341;14;4*3*2018-11-09 11:22:52.0
101*Trying to create vm in stage 3*98*2018-11-09 11:22:54.0
102*12488;12;8*2*2018-11-09 11:22:59.0
103*8839;8;8*2*2018-11-09 11:23:08.0
104*15911;15;5*3*2018-11-09 11:23:09.0
105*add vm (192.168.80.58) in stage 2*98*2018-11-09 11:23:17.0
106*11280;11;8*2*2018-11-09 11:23:20.0
107*14558;14;5*3*2018-11-09 11:23:24.0
108*14813;14;9*2*2018-11-09 11:23:35.0
109*13139;13;5*3*2018-11-09 11:23:38.0
110*add vm (192.168.80.60) in stage 3*98*2018-11-09 11:23:44.0
111*10963;10;9*2*2018-11-09 11:23:47.0
112*13155;13;5*3*2018-11-09 11:23:52.0
113*Trying to create vm in stage 3*98*2018-11-09 11:23:53.0
114*12009;12;9*2*2018-11-09 11:23:59.0
115*10834;10;6*3*2018-11-09 11:24:03.0
116*9393;9;9*2*2018-11-09 11:24:09.0
117*7095;7;9*2*2018-11-09 11:24:16.0
118*14303;14;6*3*2018-11-09 11:24:18.0
119*8830;8;9*2*2018-11-09 11:24:26.0
120*add vm (192.168.80.63) in stage 3*98*2018-11-09 11:24:29.0
121*12664;12;6*3*2018-11-09 11:24:31.0
122*Trying to create vm in stage 3*98*2018-11-09 11:24:32.0
123*9502;9;9*2*2018-11-09 11:24:36.0
124*5132;5;9*2*2018-11-09 11:24:42.0
125*12912;12;7*3*2018-11-09 11:24:44.0
126*8513;8;9*2*2018-11-09 11:24:51.0
127*4676;4;9*2*2018-11-09 11:24:56.0
128*14541;14;7*3*2018-11-09 11:24:59.0
129*3735;3;9*2*2018-11-09 11:25:00.0
130*5953;5;9*2*2018-11-09 11:25:06.0
131*add vm (192.168.80.65) in stage 3*98*2018-11-09 11:25:09.0
132*9841;9;7*3*2018-11-09 11:25:10.0
133*5393;5;9*2*2018-11-09 11:25:12.0
134*4216;4;9*2*2018-11-09 11:25:17.0
135*3426;3;9*2*2018-11-09 11:25:21.0
136*12285;12;8*3*2018-11-09 11:25:22.0
137*1769;1;9*2*2018-11-09 11:25:23.0
138*Trying to create vm in stage 3*98*2018-11-09 11:25:25.0
139*3649;3;9*2*2018-11-09 11:25:27.0
140*1225;1;9*2*2018-11-09 11:25:29.0
141*1242;1;9*2*2018-11-09 11:25:30.0
142*636;0;9*2*2018-11-09 11:25:31.0
143*632;0;9*2*2018-11-09 11:25:32.0
144*23414;23;8*3*2018-11-09 11:25:47.0
145*7733;7;8*3*2018-11-09 11:25:55.0
146*add vm (192.168.80.68) in stage 3*98*2018-11-09 11:26:01.0
147*5883;5;8*3*2018-11-09 11:26:02.0
148*Trying to create vm in stage 3*98*2018-11-09 11:26:05.0
149*6097;6;9*3*2018-11-09 11:26:09.0
150*5362;5;9*3*2018-11-09 11:26:14.0
151*5207;5;9*3*2018-11-09 11:26:20.0
152*4652;4;9*3*2018-11-09 11:26:25.0
153*4792;4;9*3*2018-11-09 11:26:30.0
154*3898;3;9*3*2018-11-09 11:26:35.0
155*3933;3;9*3*2018-11-09 11:26:39.0
156*add vm (192.168.80.51) in stage 3*98*2018-11-09 11:26:40.0
157*3441;3;9*3*2018-11-09 11:26:43.0
158*4349;4;10*3*2018-11-09 11:26:48.0
159*2964;2;10*3*2018-11-09 11:26:51.0
160*3180;3;10*3*2018-11-09 11:26:55.0
161*2423;2;10*3*2018-11-09 11:26:57.0
162*2439;2;10*3*2018-11-09 11:27:00.0
163*1774;1;10*3*2018-11-09 11:27:02.0
164*1796;1;10*3*2018-11-09 11:27:05.0
165*1197;1;10*3*2018-11-09 11:27:06.0
166*1262;1;10*3*2018-11-09 11:27:08.0
167*639;0;10*3*2018-11-09 11:27:09.0
168*645;0;10*3*2018-11-09 11:27:10.0
169*Final time: 981*96*2018-11-09 11:27:11.0
