id*log*stage*time
1*add vm (192.168.80.54) in stage 1*98*2018-11-09 12:10:24.0
2*171516;171;1*1*2018-11-09 12:12:35.0
3*Trying to create vm in stage 1*98*2018-11-09 12:12:36.0
4*Trying to create vm in stage 2*98*2018-11-09 12:12:47.0
5*add vm (192.168.80.55) in stage 1*98*2018-11-09 12:13:17.0
6*52833;52;2*1*2018-11-09 12:13:28.0
7*Trying to create vm in stage 1*98*2018-11-09 12:13:29.0
8*add vm (192.168.80.56) in stage 2*98*2018-11-09 12:13:34.0
9*25703;25;3*1*2018-11-09 12:13:55.0
10*add vm (192.168.80.57) in stage 1*98*2018-11-09 12:14:11.0
11*24775;24;3*1*2018-11-09 12:14:20.0
12*Trying to create vm in stage 1*98*2018-11-09 12:14:21.0
13*17638;17;4*1*2018-11-09 12:14:39.0
14*add vm (192.168.80.58) in stage 1*98*2018-11-09 12:14:55.0
15*16173;16;4*1*2018-11-09 12:14:55.0
16*Trying to create vm in stage 1*98*2018-11-09 12:14:57.0
17*13238;13;5*1*2018-11-09 12:15:09.0
18*12510;12;5*1*2018-11-09 12:15:22.0
19*add vm (192.168.80.59) in stage 1*98*2018-11-09 12:15:32.0
20*11299;11;5*1*2018-11-09 12:15:34.0
21*Trying to create vm in stage 1*98*2018-11-09 12:15:35.0
22*13305;13;6*1*2018-11-09 12:15:48.0
23*9546;9;6*1*2018-11-09 12:15:58.0
24*9190;9;6*1*2018-11-09 12:16:07.0
25*add vm (192.168.80.60) in stage 1*98*2018-11-09 12:16:08.0
26*216742;216;1*2*2018-11-09 12:16:13.0
27*Trying to create vm in stage 2*98*2018-11-09 12:16:13.0
28*16303;16;6*1*2018-11-09 12:16:24.0
29*Trying to create vm in stage 3*98*2018-11-09 12:16:25.0
30*Trying to create vm in stage 1*98*2018-11-09 12:16:33.0
31*9934;9;7*1*2018-11-09 12:16:35.0
32*8259;8;7*1*2018-11-09 12:16:43.0
33*add vm (192.168.80.61) in stage 2*98*2018-11-09 12:16:50.0
34*8132;8;7*1*2018-11-09 12:16:52.0
35*7502;7;7*1*2018-11-09 12:17:00.0
36*11511;11;7*1*2018-11-09 12:17:12.0
37*63996;63;2*2*2018-11-09 12:17:17.0
38*Trying to create vm in stage 2*98*2018-11-09 12:17:18.0
39*add vm (192.168.80.62) in stage 3*98*2018-11-09 12:17:21.0
40*12912;12;7*1*2018-11-09 12:17:25.0
41*add vm (192.168.80.63) in stage 1*98*2018-11-09 12:17:27.0
42*6715;6;7*1*2018-11-09 12:17:32.0
43*Trying to create vm in stage 1*98*2018-11-09 12:17:35.0
44*6818;6;8*1*2018-11-09 12:17:40.0
45*6863;6;8*1*2018-11-09 12:17:47.0
46*32388;32;3*2*2018-11-09 12:17:51.0
47*10921;10;8*1*2018-11-09 12:17:58.0
48*5458;5;8*1*2018-11-09 12:18:04.0
49*add vm (192.168.80.64) in stage 2*98*2018-11-09 12:18:08.0
50*4755;4;8*1*2018-11-09 12:18:10.0
51*4949;4;8*1*2018-11-09 12:18:15.0
52*add vm (192.168.80.65) in stage 1*98*2018-11-09 12:18:15.0
53*5327;5;9*1*2018-11-09 12:18:21.0
54*35018;35;3*2*2018-11-09 12:18:26.0
55*5264;5;9*1*2018-11-09 12:18:27.0
56*Trying to create vm in stage 2*98*2018-11-09 12:18:27.0
57*6439;6;9*1*2018-11-09 12:18:34.0
58*3766;3;9*1*2018-11-09 12:18:39.0
59*3059;3;9*1*2018-11-09 12:18:42.0
60*3674;3;9*1*2018-11-09 12:18:46.0
61*24947;24;4*2*2018-11-09 12:18:52.0
62*4908;4;9*1*2018-11-09 12:18:52.0
63*161934;161;1*3*2018-11-09 12:18:57.0
64*4299;4;9*1*2018-11-09 12:18:58.0
65*Trying to create vm in stage 3*98*2018-11-09 12:18:59.0
66*2610;2;9*1*2018-11-09 12:19:01.0
67*add vm (192.168.80.66) in stage 2*98*2018-11-09 12:19:03.0
68*1978;1;9*1*2018-11-09 12:19:04.0
69*2527;2;9*1*2018-11-09 12:19:07.0
70*1227;1;9*1*2018-11-09 12:19:09.0
71*654;0;9*1*2018-11-09 12:19:09.0
72*664;0;9*1*2018-11-09 12:19:11.0
73*32035;32;4*2*2018-11-09 12:19:25.0
74*Trying to create vm in stage 2*98*2018-11-09 12:19:34.0
75*20074;20;5*2*2018-11-09 12:19:46.0
76*add vm (192.168.80.67) in stage 3*98*2018-11-09 12:19:48.0
77*52290;52;2*3*2018-11-09 12:19:51.0
78*Trying to create vm in stage 3*98*2018-11-09 12:19:52.0
79*19434;19;5*2*2018-11-09 12:20:06.0
80*13202;13;5*2*2018-11-09 12:20:20.0
81*28690;28;3*3*2018-11-09 12:20:20.0
82*add vm (192.168.80.51) in stage 2*98*2018-11-09 12:20:32.0
83*18124;18;5*2*2018-11-09 12:20:38.0
84*add vm (192.168.80.54) in stage 3*98*2018-11-09 12:20:41.0
85*25792;25;3*3*2018-11-09 12:20:46.0
86*Trying to create vm in stage 2*98*2018-11-09 12:20:47.0
87*Trying to create vm in stage 3*98*2018-11-09 12:20:47.0
88*11321;11;6*2*2018-11-09 12:20:50.0
89*13319;13;6*2*2018-11-09 12:21:04.0
90*10637;10;6*2*2018-11-09 12:21:15.0
91*30001;30;4*3*2018-11-09 12:21:17.0
92*14411;14;6*2*2018-11-09 12:21:30.0
93*add vm (192.168.80.55) in stage 2*98*2018-11-09 12:21:32.0
94*16464;16;4*3*2018-11-09 12:21:34.0
95*add vm (192.168.80.57) in stage 3*98*2018-11-09 12:21:34.0
96*Trying to create vm in stage 3*98*2018-11-09 12:21:35.0
97*11398;11;6*2*2018-11-09 12:21:41.0
98*16248;16;5*3*2018-11-09 12:21:51.0
99*Trying to create vm in stage 2*98*2018-11-09 12:21:52.0
100*11585;11;7*2*2018-11-09 12:21:54.0
101*10329;10;7*2*2018-11-09 12:22:05.0
102*16921;16;5*3*2018-11-09 12:22:08.0
103*add vm (192.168.80.58) in stage 3*98*2018-11-09 12:22:12.0
104*11381;11;7*2*2018-11-09 12:22:16.0
105*13445;13;5*3*2018-11-09 12:22:22.0
106*Trying to create vm in stage 3*98*2018-11-09 12:22:23.0
107*11044;11;7*2*2018-11-09 12:22:28.0
108*7678;7;7*2*2018-11-09 12:22:36.0
109*15757;15;6*3*2018-11-09 12:22:38.0
110*add vm (192.168.80.59) in stage 2*98*2018-11-09 12:22:39.0
111*10242;10;7*2*2018-11-09 12:22:47.0
112*11604;11;6*3*2018-11-09 12:22:50.0
113*9915;9;8*2*2018-11-09 12:22:57.0
114*12936;12;6*3*2018-11-09 12:23:04.0
115*6562;6;8*2*2018-11-09 12:23:04.0
116*add vm (192.168.80.60) in stage 3*98*2018-11-09 12:23:13.0
117*8186;8;8*2*2018-11-09 12:23:14.0
118*12499;12;6*3*2018-11-09 12:23:17.0
119*9193;9;8*2*2018-11-09 12:23:23.0
120*5247;5;8*2*2018-11-09 12:23:29.0
121*14082;14;7*3*2018-11-09 12:23:32.0
122*6829;6;8*2*2018-11-09 12:23:36.0
123*5890;5;8*2*2018-11-09 12:23:43.0
124*13462;13;7*3*2018-11-09 12:23:46.0
125*6035;6;8*2*2018-11-09 12:23:49.0
126*4888;4;8*2*2018-11-09 12:23:55.0
127*11605;11;7*3*2018-11-09 12:23:58.0
128*4917;4;8*2*2018-11-09 12:24:00.0
129*4554;4;8*2*2018-11-09 12:24:05.0
130*2282;2;8*2*2018-11-09 12:24:08.0
131*2203;2;8*2*2018-11-09 12:24:10.0
132*14003;14;7*3*2018-11-09 12:24:12.0
133*1632;1;8*2*2018-11-09 12:24:12.0
134*2845;2;8*2*2018-11-09 12:24:16.0
135*1723;1;8*2*2018-11-09 12:24:18.0
136*1898;1;8*2*2018-11-09 12:24:21.0
137*529;0;8*2*2018-11-09 12:24:22.0
138*680;0;8*2*2018-11-09 12:24:23.0
139*10436;10;7*3*2018-11-09 12:24:23.0
140*7815;7;7*3*2018-11-09 12:24:32.0
141*11347;11;7*3*2018-11-09 12:24:44.0
142*7804;7;7*3*2018-11-09 12:24:52.0
143*Trying to create vm in stage 3*98*2018-11-09 12:24:55.0
144*5457;5;7*3*2018-11-09 12:24:58.0
145*5035;5;7*3*2018-11-09 12:25:03.0
146*4921;4;7*3*2018-11-09 12:25:09.0
147*4306;4;7*3*2018-11-09 12:25:14.0
148*4283;4;7*3*2018-11-09 12:25:18.0
149*3731;3;7*3*2018-11-09 12:25:22.0
150*3794;3;7*3*2018-11-09 12:25:27.0
151*add vm (192.168.80.51) in stage 3*98*2018-11-09 12:25:29.0
152*3079;3;7*3*2018-11-09 12:25:30.0
153*3850;3;8*3*2018-11-09 12:25:35.0
154*2725;2;8*3*2018-11-09 12:25:38.0
155*2732;2;8*3*2018-11-09 12:25:41.0
156*2131;2;8*3*2018-11-09 12:25:43.0
157*2123;2;8*3*2018-11-09 12:25:46.0
158*1666;1;8*3*2018-11-09 12:25:48.0
159*1666;1;8*3*2018-11-09 12:25:50.0
160*1037;1;8*3*2018-11-09 12:25:51.0
161*1052;1;8*3*2018-11-09 12:25:53.0
162*543;0;8*3*2018-11-09 12:25:53.0
163*530;0;8*3*2018-11-09 12:25:54.0
164*Final time: 973*96*2018-11-09 12:25:56.0
