id*log*stage*time
1*add vm (192.168.80.54) in stage 1*98*2018-11-09 10:05:14.0
2*add vm (192.168.80.54) in stage 1*98*2018-11-09 10:05:14.0
3*170439;170;1*1*2018-11-09 10:07:24.0
4*Trying to create vm in stage 1*98*2018-11-09 10:07:24.0
5*Trying to create vm in stage 2*98*2018-11-09 10:07:36.0
6*add vm (192.168.80.55) in stage 1*98*2018-11-09 10:07:57.0
7*51956;51;2*1*2018-11-09 10:08:16.0
8*Trying to create vm in stage 1*98*2018-11-09 10:08:18.0
9*add vm (192.168.80.56) in stage 2*98*2018-11-09 10:08:22.0
10*25658;25;3*1*2018-11-09 10:08:43.0
11*add vm (192.168.80.57) in stage 1*98*2018-11-09 10:09:00.0
12*26148;26;3*1*2018-11-09 10:09:09.0
13*Trying to create vm in stage 1*98*2018-11-09 10:09:11.0
14*17402;17;4*1*2018-11-09 10:09:27.0
15*16108;16;4*1*2018-11-09 10:09:44.0
16*add vm (192.168.80.58) in stage 1*98*2018-11-09 10:09:44.0
17*Trying to create vm in stage 1*98*2018-11-09 10:09:46.0
18*14906;14;5*1*2018-11-09 10:10:00.0
19*12416;12;5*1*2018-11-09 10:10:12.0
20*add vm (192.168.80.59) in stage 1*98*2018-11-09 10:10:19.0
21*11063;11;5*1*2018-11-09 10:10:24.0
22*Trying to create vm in stage 1*98*2018-11-09 10:10:25.0
23*10949;10;6*1*2018-11-09 10:10:36.0
24*9306;9;6*1*2018-11-09 10:10:46.0
25*8975;8;6*1*2018-11-09 10:10:55.0
26*add vm (192.168.80.60) in stage 1*98*2018-11-09 10:11:00.0
27*217845;217;1*2*2018-11-09 10:11:02.0
28*Trying to create vm in stage 2*98*2018-11-09 10:11:03.0
29*11564;11;6*1*2018-11-09 10:11:07.0
30*Trying to create vm in stage 3*98*2018-11-09 10:11:10.0
31*Trying to create vm in stage 1*98*2018-11-09 10:11:17.0
32*11426;11;7*1*2018-11-09 10:11:19.0
33*8381;8;7*1*2018-11-09 10:11:28.0
34*8307;8;7*1*2018-11-09 10:11:37.0
35*add vm (192.168.80.61) in stage 2*98*2018-11-09 10:11:39.0
36*7457;7;7*1*2018-11-09 10:11:45.0
37*7181;7;7*1*2018-11-09 10:11:52.0
38*6635;6;7*1*2018-11-09 10:11:59.0
39*add vm (192.168.80.62) in stage 3*98*2018-11-09 10:12:06.0
40*7614;7;7*1*2018-11-09 10:12:08.0
41*64986;64;2*2*2018-11-09 10:12:08.0
42*Trying to create vm in stage 2*98*2018-11-09 10:12:09.0
43*add vm (192.168.80.63) in stage 1*98*2018-11-09 10:12:15.0
44*9257;9;7*1*2018-11-09 10:12:17.0
45*6599;6;8*1*2018-11-09 10:12:24.0
46*Trying to create vm in stage 1*98*2018-11-09 10:12:26.0
47*5289;5;8*1*2018-11-09 10:12:30.0
48*5867;5;8*1*2018-11-09 10:12:37.0
49*32423;32;3*2*2018-11-09 10:12:41.0
50*9746;9;8*1*2018-11-09 10:12:47.0
51*4920;4;8*1*2018-11-09 10:12:52.0
52*4085;4;8*1*2018-11-09 10:12:56.0
53*add vm (192.168.80.64) in stage 2*98*2018-11-09 10:13:00.0
54*3998;3;8*1*2018-11-09 10:13:01.0
55*3596;3;8*1*2018-11-09 10:13:05.0
56*add vm (192.168.80.65) in stage 1*98*2018-11-09 10:13:08.0
57*4473;4;8*1*2018-11-09 10:13:10.0
58*30489;30;3*2*2018-11-09 10:13:12.0
59*Trying to create vm in stage 2*98*2018-11-09 10:13:13.0
60*4368;4;9*1*2018-11-09 10:13:15.0
61*4300;4;9*1*2018-11-09 10:13:20.0
62*2400;2;9*1*2018-11-09 10:13:23.0
63*2382;2;9*1*2018-11-09 10:13:26.0
64*1775;1;9*1*2018-11-09 10:13:28.0
65*1932;1;9*1*2018-11-09 10:13:30.0
66*1537;1;9*1*2018-11-09 10:13:33.0
67*1224;1;9*1*2018-11-09 10:13:34.0
68*592;0;9*1*2018-11-09 10:13:35.0
69*625;0;9*1*2018-11-09 10:13:37.0
70*27034;27;4*2*2018-11-09 10:13:40.0
71*add vm (192.168.80.66) in stage 2*98*2018-11-09 10:13:47.0
72*167042;167;1*3*2018-11-09 10:13:50.0
73*Trying to create vm in stage 3*98*2018-11-09 10:13:50.0
74*24484;24;4*2*2018-11-09 10:14:06.0
75*Trying to create vm in stage 2*98*2018-11-09 10:14:06.0
76*14752;14;5*2*2018-11-09 10:14:21.0
77*add vm (192.168.80.67) in stage 3*98*2018-11-09 10:14:29.0
78*14591;14;5*2*2018-11-09 10:14:36.0
79*49940;49;2*3*2018-11-09 10:14:41.0
80*Trying to create vm in stage 3*98*2018-11-09 10:14:42.0
81*18859;18;5*2*2018-11-09 10:14:55.0
82*add vm (192.168.80.51) in stage 2*98*2018-11-09 10:14:56.0
83*Trying to create vm in stage 2*98*2018-11-09 10:14:57.0
84*25165;25;3*3*2018-11-09 10:15:06.0
85*12872;12;6*2*2018-11-09 10:15:09.0
86*12683;12;6*2*2018-11-09 10:15:22.0
87*add vm (192.168.80.54) in stage 3*98*2018-11-09 10:15:32.0
88*10998;10;6*2*2018-11-09 10:15:34.0
89*27157;27;3*3*2018-11-09 10:15:34.0
90*Trying to create vm in stage 3*98*2018-11-09 10:15:35.0
91*add vm (192.168.80.55) in stage 2*98*2018-11-09 10:15:47.0
92*13950;13;6*2*2018-11-09 10:15:48.0
93*Trying to create vm in stage 2*98*2018-11-09 10:15:49.0
94*19741;19;4*3*2018-11-09 10:15:54.0
95*15694;15;7*2*2018-11-09 10:16:05.0
96*15829;15;4*3*2018-11-09 10:16:11.0
97*14382;14;7*2*2018-11-09 10:16:20.0
98*add vm (192.168.80.57) in stage 3*98*2018-11-09 10:16:24.0
99*14804;14;4*3*2018-11-09 10:16:26.0
100*Trying to create vm in stage 3*98*2018-11-09 10:16:26.0
101*14439;14;7*2*2018-11-09 10:16:35.0
102*13008;13;5*3*2018-11-09 10:16:40.0
103*add vm (192.168.80.58) in stage 2*98*2018-11-09 10:16:42.0
104*10315;10;7*2*2018-11-09 10:16:46.0
105*Trying to create vm in stage 2*98*2018-11-09 10:16:55.0
106*16412;16;5*3*2018-11-09 10:16:57.0
107*10863;10;8*2*2018-11-09 10:16:57.0
108*11954;11;8*2*2018-11-09 10:17:10.0
109*15658;15;5*3*2018-11-09 10:17:13.0
110*12308;12;8*2*2018-11-09 10:17:22.0
111*add vm (192.168.80.59) in stage 3*98*2018-11-09 10:17:24.0
112*12061;12;5*3*2018-11-09 10:17:26.0
113*Trying to create vm in stage 3*98*2018-11-09 10:17:27.0
114*9872;9;8*2*2018-11-09 10:17:33.0
115*add vm (192.168.80.60) in stage 2*98*2018-11-09 10:17:33.0
116*8189;8;9*2*2018-11-09 10:17:42.0
117*15529;15;6*3*2018-11-09 10:17:42.0
118*8895;8;9*2*2018-11-09 10:17:51.0
119*7006;7;9*2*2018-11-09 10:17:58.0
120*18257;18;6*3*2018-11-09 10:18:01.0
121*add vm (192.168.80.63) in stage 3*98*2018-11-09 10:18:03.0
122*8929;8;9*2*2018-11-09 10:18:08.0
123*12970;12;6*3*2018-11-09 10:18:14.0
124*7320;7;9*2*2018-11-09 10:18:16.0
125*6185;6;9*2*2018-11-09 10:18:23.0
126*4577;4;9*2*2018-11-09 10:18:28.0
127*3881;3;9*2*2018-11-09 10:18:32.0
128*3747;3;9*2*2018-11-09 10:18:37.0
129*21984;21;7*3*2018-11-09 10:18:37.0
130*3338;3;9*2*2018-11-09 10:18:40.0
131*5429;5;9*2*2018-11-09 10:18:46.0
132*3240;3;9*2*2018-11-09 10:18:50.0
133*12178;12;7*3*2018-11-09 10:18:52.0
134*5255;5;9*2*2018-11-09 10:18:56.0
135*2019;2;9*2*2018-11-09 10:18:59.0
136*1906;1;9*2*2018-11-09 10:19:01.0
137*Trying to create vm in stage 3*98*2018-11-09 10:19:01.0
138*1203;1;9*2*2018-11-09 10:19:03.0
139*1197;1;9*2*2018-11-09 10:19:04.0
140*582;0;9*2*2018-11-09 10:19:05.0
141*567;0;9*2*2018-11-09 10:19:07.0
142*14284;14;7*3*2018-11-09 10:19:07.0
143*18303;18;7*3*2018-11-09 10:19:25.0
144*6704;6;7*3*2018-11-09 10:19:35.0
145*add vm (192.168.80.65) in stage 3*98*2018-11-09 10:19:37.0
146*6097;6;7*3*2018-11-09 10:19:42.0
147*Trying to create vm in stage 3*98*2018-11-09 10:19:45.0
148*6489;6;8*3*2018-11-09 10:19:49.0
149*5893;5;8*3*2018-11-09 10:19:55.0
150*5116;5;8*3*2018-11-09 10:20:01.0
151*5028;5;8*3*2018-11-09 10:20:06.0
152*4419;4;8*3*2018-11-09 10:20:11.0
153*4658;4;8*3*2018-11-09 10:20:16.0
154*add vm (192.168.80.51) in stage 3*98*2018-11-09 10:20:19.0
155*3811;3;8*3*2018-11-09 10:20:20.0
156*4229;4;9*3*2018-11-09 10:20:25.0
157*3503;3;9*3*2018-11-09 10:20:29.0
158*3415;3;9*3*2018-11-09 10:20:33.0
159*2839;2;9*3*2018-11-09 10:20:36.0
160*2819;2;9*3*2018-11-09 10:20:39.0
161*2304;2;9*3*2018-11-09 10:20:42.0
162*2221;2;9*3*2018-11-09 10:20:45.0
163*1676;1;9*3*2018-11-09 10:20:47.0
164*1762;1;9*3*2018-11-09 10:20:49.0
165*1118;1;9*3*2018-11-09 10:20:51.0
166*1123;1;9*3*2018-11-09 10:20:53.0
167*549;0;9*3*2018-11-09 10:20:54.0
168*594;0;9*3*2018-11-09 10:20:55.0
169*Final time: 984*96*2018-11-09 10:20:56.0
