id*log*stage*time
1*add vm (192.168.80.54) in stage 1*98*2018-11-09 11:47:34.0
2*171895;171;1*1*2018-11-09 11:49:44.0
3*Trying to create vm in stage 1*98*2018-11-09 11:49:45.0
4*Trying to create vm in stage 2*98*2018-11-09 11:49:57.0
5*add vm (192.168.80.55) in stage 1*98*2018-11-09 11:50:20.0
6*52312;52;2*1*2018-11-09 11:50:37.0
7*Trying to create vm in stage 1*98*2018-11-09 11:50:38.0
8*add vm (192.168.80.56) in stage 2*98*2018-11-09 11:50:41.0
9*26193;26;3*1*2018-11-09 11:51:04.0
10*add vm (192.168.80.57) in stage 1*98*2018-11-09 11:51:20.0
11*25121;25;3*1*2018-11-09 11:51:29.0
12*Trying to create vm in stage 1*98*2018-11-09 11:51:31.0
13*16547;16;4*1*2018-11-09 11:51:46.0
14*16420;16;4*1*2018-11-09 11:52:03.0
15*add vm (192.168.80.58) in stage 1*98*2018-11-09 11:52:04.0
16*Trying to create vm in stage 1*98*2018-11-09 11:52:04.0
17*13208;13;5*1*2018-11-09 11:52:17.0
18*12641;12;5*1*2018-11-09 11:52:30.0
19*add vm (192.168.80.59) in stage 1*98*2018-11-09 11:52:41.0
20*11309;11;5*1*2018-11-09 11:52:42.0
21*Trying to create vm in stage 1*98*2018-11-09 11:52:43.0
22*11231;11;6*1*2018-11-09 11:52:54.0
23*9442;9;6*1*2018-11-09 11:53:04.0
24*9097;9;6*1*2018-11-09 11:53:14.0
25*add vm (192.168.80.60) in stage 1*98*2018-11-09 11:53:17.0
26*8525;8;6*1*2018-11-09 11:53:23.0
27*218225;218;1*2*2018-11-09 11:53:23.0
28*Trying to create vm in stage 1*98*2018-11-09 11:53:24.0
29*Trying to create vm in stage 2*98*2018-11-09 11:53:25.0
30*Trying to create vm in stage 3*98*2018-11-09 11:53:38.0
31*15331;15;7*1*2018-11-09 11:53:39.0
32*8717;8;7*1*2018-11-09 11:53:48.0
33*8382;8;7*1*2018-11-09 11:53:56.0
34*add vm (192.168.80.61) in stage 1*98*2018-11-09 11:53:58.0
35*8712;8;7*1*2018-11-09 11:54:06.0
36*Trying to create vm in stage 1*98*2018-11-09 11:54:07.0
37*8539;8;8*1*2018-11-09 11:54:15.0
38*add vm (192.168.80.62) in stage 2*98*2018-11-09 11:54:21.0
39*6805;6;8*1*2018-11-09 11:54:22.0
40*7121;7;8*1*2018-11-09 11:54:29.0
41*add vm (192.168.80.63) in stage 3*98*2018-11-09 11:54:31.0
42*69617;69;2*2*2018-11-09 11:54:34.0
43*Trying to create vm in stage 2*98*2018-11-09 11:54:35.0
44*11388;11;8*1*2018-11-09 11:54:41.0
45*6523;6;8*1*2018-11-09 11:54:48.0
46*5258;5;8*1*2018-11-09 11:54:54.0
47*5417;5;8*1*2018-11-09 11:55:00.0
48*add vm (192.168.80.64) in stage 1*98*2018-11-09 11:55:02.0
49*31048;31;3*2*2018-11-09 11:55:06.0
50*6079;6;8*1*2018-11-09 11:55:06.0
51*11784;11;9*1*2018-11-09 11:55:19.0
52*4336;4;9*1*2018-11-09 11:55:23.0
53*4382;4;9*1*2018-11-09 11:55:28.0
54*add vm (192.168.80.65) in stage 2*98*2018-11-09 11:55:29.0
55*3675;3;9*1*2018-11-09 11:55:33.0
56*4278;4;9*1*2018-11-09 11:55:37.0
57*4107;4;9*1*2018-11-09 11:55:42.0
58*35132;35;3*2*2018-11-09 11:55:42.0
59*5424;5;9*1*2018-11-09 11:55:48.0
60*3288;3;9*1*2018-11-09 11:55:51.0
61*Trying to create vm in stage 2*98*2018-11-09 11:55:53.0
62*2482;2;9*1*2018-11-09 11:55:54.0
63*1931;1;9*1*2018-11-09 11:55:56.0
64*2057;2;9*1*2018-11-09 11:55:59.0
65*1412;1;9*1*2018-11-09 11:56:01.0
66*1848;1;9*1*2018-11-09 11:56:03.0
67*1176;1;9*1*2018-11-09 11:56:05.0
68*640;0;9*1*2018-11-09 11:56:06.0
69*25483;25;4*2*2018-11-09 11:56:08.0
70*163880;163;1*3*2018-11-09 11:56:08.0
71*Trying to create vm in stage 3*98*2018-11-09 11:56:10.0
72*add vm (192.168.80.66) in stage 2*98*2018-11-09 11:56:29.0
73*32810;32;4*2*2018-11-09 11:56:41.0
74*Trying to create vm in stage 2*98*2018-11-09 11:56:50.0
75*add vm (192.168.80.67) in stage 3*98*2018-11-09 11:56:57.0
76*15772;15;5*2*2018-11-09 11:56:58.0
77*48876;48;2*3*2018-11-09 11:56:58.0
78*Trying to create vm in stage 3*98*2018-11-09 11:56:59.0
79*17860;17;5*2*2018-11-09 11:57:16.0
80*26932;26;3*3*2018-11-09 11:57:25.0
81*13190;13;5*2*2018-11-09 11:57:30.0
82*add vm (192.168.80.51) in stage 2*98*2018-11-09 11:57:40.0
83*13460;13;5*2*2018-11-09 11:57:44.0
84*Trying to create vm in stage 2*98*2018-11-09 11:57:45.0
85*add vm (192.168.80.54) in stage 3*98*2018-11-09 11:57:49.0
86*25267;25;3*3*2018-11-09 11:57:51.0
87*Trying to create vm in stage 3*98*2018-11-09 11:57:53.0
88*12918;12;6*2*2018-11-09 11:57:57.0
89*11733;11;6*2*2018-11-09 11:58:09.0
90*17706;17;4*3*2018-11-09 11:58:10.0
91*15055;15;6*2*2018-11-09 11:58:25.0
92*21521;21;4*3*2018-11-09 11:58:32.0
93*add vm (192.168.80.55) in stage 2*98*2018-11-09 11:58:33.0
94*9453;9;6*2*2018-11-09 11:58:35.0
95*Trying to create vm in stage 2*98*2018-11-09 11:58:36.0
96*add vm (192.168.80.57) in stage 3*98*2018-11-09 11:58:43.0
97*10395;10;7*2*2018-11-09 11:58:46.0
98*19027;19;4*3*2018-11-09 11:58:51.0
99*Trying to create vm in stage 3*98*2018-11-09 11:58:52.0
100*15071;15;7*2*2018-11-09 11:59:01.0
101*12838;12;5*3*2018-11-09 11:59:05.0
102*12796;12;7*2*2018-11-09 11:59:15.0
103*13770;13;5*3*2018-11-09 11:59:19.0
104*add vm (192.168.80.58) in stage 2*98*2018-11-09 11:59:23.0
105*13469;13;7*2*2018-11-09 11:59:29.0
106*13592;13;5*3*2018-11-09 11:59:33.0
107*12883;12;8*2*2018-11-09 11:59:42.0
108*add vm (192.168.80.59) in stage 3*98*2018-11-09 11:59:43.0
109*11954;11;5*3*2018-11-09 11:59:46.0
110*Trying to create vm in stage 3*98*2018-11-09 11:59:47.0
111*11017;11;8*2*2018-11-09 11:59:54.0
112*13496;13;6*3*2018-11-09 12:00:00.0
113*6594;6;8*2*2018-11-09 12:00:01.0
114*11853;11;8*2*2018-11-09 12:00:13.0
115*14496;14;6*3*2018-11-09 12:00:15.0
116*7743;7;8*2*2018-11-09 12:00:21.0
117*add vm (192.168.80.60) in stage 3*98*2018-11-09 12:00:21.0
118*5802;5;8*2*2018-11-09 12:00:27.0
119*16463;16;6*3*2018-11-09 12:00:32.0
120*5104;5;8*2*2018-11-09 12:00:33.0
121*6841;6;8*2*2018-11-09 12:00:40.0
122*4225;4;8*2*2018-11-09 12:00:45.0
123*4032;4;8*2*2018-11-09 12:00:49.0
124*18514;18;7*3*2018-11-09 12:00:52.0
125*6837;6;8*2*2018-11-09 12:00:56.0
126*3436;3;8*2*2018-11-09 12:01:00.0
127*2919;2;8*2*2018-11-09 12:01:04.0
128*2720;2;8*2*2018-11-09 12:01:07.0
129*16826;16;7*3*2018-11-09 12:01:09.0
130*2103;2;8*2*2018-11-09 12:01:09.0
131*2125;2;8*2*2018-11-09 12:01:12.0
132*1715;1;8*2*2018-11-09 12:01:14.0
133*1760;1;8*2*2018-11-09 12:01:16.0
134*1045;1;8*2*2018-11-09 12:01:17.0
135*1103;1;8*2*2018-11-09 12:01:19.0
136*546;0;8*2*2018-11-09 12:01:20.0
137*543;0;8*2*2018-11-09 12:01:21.0
138*23126;23;7*3*2018-11-09 12:01:33.0
139*8288;8;7*3*2018-11-09 12:01:41.0
140*5934;5;7*3*2018-11-09 12:01:48.0
141*Trying to create vm in stage 3*98*2018-11-09 12:01:50.0
142*5721;5;7*3*2018-11-09 12:01:54.0
143*7497;7;7*3*2018-11-09 12:02:02.0
144*5524;5;7*3*2018-11-09 12:02:08.0
145*4924;4;7*3*2018-11-09 12:02:13.0
146*4666;4;7*3*2018-11-09 12:02:18.0
147*4405;4;7*3*2018-11-09 12:02:23.0
148*add vm (192.168.80.51) in stage 3*98*2018-11-09 12:02:23.0
149*4518;4;7*3*2018-11-09 12:02:27.0
150*4419;4;8*3*2018-11-09 12:02:33.0
151*4031;4;8*3*2018-11-09 12:02:37.0
152*3426;3;8*3*2018-11-09 12:02:41.0
153*3355;3;8*3*2018-11-09 12:02:45.0
154*2645;2;8*3*2018-11-09 12:02:48.0
155*2674;2;8*3*2018-11-09 12:02:51.0
156*2130;2;8*3*2018-11-09 12:02:53.0
157*2139;2;8*3*2018-11-09 12:02:56.0
158*1636;1;8*3*2018-11-09 12:02:58.0
159*1657;1;8*3*2018-11-09 12:03:00.0
160*1055;1;8*3*2018-11-09 12:03:01.0
161*1090;1;8*3*2018-11-09 12:03:03.0
162*550;0;8*3*2018-11-09 12:03:04.0
163*532;0;8*3*2018-11-09 12:03:05.0
164*Final time: 974*96*2018-11-09 12:03:06.0
