id*log*stage*time
1*add vm (192.168.80.54) in stage 1*98*2018-11-09 10:53:56.0
2*171274;171;1*1*2018-11-09 10:56:08.0
3*Trying to create vm in stage 1*98*2018-11-09 10:56:09.0
4*Trying to create vm in stage 2*98*2018-11-09 10:56:20.0
5*add vm (192.168.80.55) in stage 1*98*2018-11-09 10:56:44.0
6*52775;52;2*1*2018-11-09 10:57:01.0
7*Trying to create vm in stage 1*98*2018-11-09 10:57:02.0
8*add vm (192.168.80.56) in stage 2*98*2018-11-09 10:57:05.0
9*25751;25;3*1*2018-11-09 10:57:28.0
10*add vm (192.168.80.57) in stage 1*98*2018-11-09 10:57:46.0
11*25595;25;3*1*2018-11-09 10:57:54.0
12*Trying to create vm in stage 1*98*2018-11-09 10:57:55.0
13*17960;17;4*1*2018-11-09 10:58:13.0
14*add vm (192.168.80.58) in stage 1*98*2018-11-09 10:58:28.0
15*16596;16;4*1*2018-11-09 10:58:30.0
16*Trying to create vm in stage 1*98*2018-11-09 10:58:30.0
17*15097;15;5*1*2018-11-09 10:58:45.0
18*12386;12;5*1*2018-11-09 10:58:58.0
19*add vm (192.168.80.59) in stage 1*98*2018-11-09 10:59:05.0
20*11368;11;5*1*2018-11-09 10:59:10.0
21*Trying to create vm in stage 1*98*2018-11-09 10:59:11.0
22*11070;11;6*1*2018-11-09 10:59:22.0
23*9382;9;6*1*2018-11-09 10:59:32.0
24*9224;9;6*1*2018-11-09 10:59:41.0
25*add vm (192.168.80.60) in stage 1*98*2018-11-09 10:59:46.0
26*219259;219;1*2*2018-11-09 10:59:48.0
27*13369;13;6*1*2018-11-09 10:59:55.0
28*Trying to create vm in stage 2*98*2018-11-09 10:59:56.0
29*Trying to create vm in stage 3*98*2018-11-09 11:00:00.0
30*Trying to create vm in stage 1*98*2018-11-09 11:00:05.0
31*10353;10;7*1*2018-11-09 11:00:06.0
32*9568;9;7*1*2018-11-09 11:00:16.0
33*8275;8;7*1*2018-11-09 11:00:25.0
34*add vm (192.168.80.61) in stage 2*98*2018-11-09 11:00:32.0
35*7285;7;7*1*2018-11-09 11:00:33.0
36*8264;8;7*1*2018-11-09 11:00:41.0
37*6499;6;7*1*2018-11-09 11:00:48.0
38*65110;65;2*2*2018-11-09 11:00:54.0
39*add vm (192.168.80.62) in stage 3*98*2018-11-09 11:00:54.0
40*Trying to create vm in stage 2*98*2018-11-09 11:00:55.0
41*11681;11;7*1*2018-11-09 11:01:01.0
42*add vm (192.168.80.63) in stage 1*98*2018-11-09 11:01:02.0
43*6041;6;7*1*2018-11-09 11:01:07.0
44*Trying to create vm in stage 1*98*2018-11-09 11:01:10.0
45*7416;7;8*1*2018-11-09 11:01:15.0
46*5558;5;8*1*2018-11-09 11:01:21.0
47*31199;31;3*2*2018-11-09 11:01:25.0
48*13359;13;8*1*2018-11-09 11:01:35.0
49*4859;4;8*1*2018-11-09 11:01:40.0
50*add vm (192.168.80.64) in stage 2*98*2018-11-09 11:01:45.0
51*4941;4;8*1*2018-11-09 11:01:46.0
52*4323;4;8*1*2018-11-09 11:01:50.0
53*add vm (192.168.80.65) in stage 1*98*2018-11-09 11:01:54.0
54*4445;4;8*1*2018-11-09 11:01:55.0
55*34787;34;3*2*2018-11-09 11:02:01.0
56*5474;5;9*1*2018-11-09 11:02:01.0
57*Trying to create vm in stage 2*98*2018-11-09 11:02:02.0
58*5742;5;9*1*2018-11-09 11:02:08.0
59*4152;4;9*1*2018-11-09 11:02:12.0
60*3256;3;9*1*2018-11-09 11:02:16.0
61*2442;2;9*1*2018-11-09 11:02:19.0
62*3039;3;9*1*2018-11-09 11:02:22.0
63*1987;1;9*1*2018-11-09 11:02:25.0
64*25832;25;4*2*2018-11-09 11:02:27.0
65*3426;3;9*1*2018-11-09 11:02:29.0
66*1873;1;9*1*2018-11-09 11:02:32.0
67*1811;1;9*1*2018-11-09 11:02:34.0
68*600;0;9*1*2018-11-09 11:02:35.0
69*609;0;9*1*2018-11-09 11:02:36.0
70*168641;168;1*3*2018-11-09 11:02:38.0
71*Trying to create vm in stage 3*98*2018-11-09 11:02:40.0
72*add vm (192.168.80.66) in stage 2*98*2018-11-09 11:02:40.0
73*24470;24;4*2*2018-11-09 11:02:53.0
74*Trying to create vm in stage 2*98*2018-11-09 11:02:54.0
75*18484;18;5*2*2018-11-09 11:03:12.0
76*add vm (192.168.80.67) in stage 3*98*2018-11-09 11:03:19.0
77*45735;45;2*3*2018-11-09 11:03:25.0
78*Trying to create vm in stage 3*98*2018-11-09 11:03:26.0
79*14640;14;5*2*2018-11-09 11:03:27.0
80*15445;15;5*2*2018-11-09 11:03:43.0
81*add vm (192.168.80.68) in stage 2*98*2018-11-09 11:03:45.0
82*28546;28;3*3*2018-11-09 11:03:54.0
83*13949;13;5*2*2018-11-09 11:03:58.0
84*Trying to create vm in stage 2*98*2018-11-09 11:03:59.0
85*11310;11;6*2*2018-11-09 11:04:10.0
86*add vm (192.168.80.51) in stage 3*98*2018-11-09 11:04:15.0
87*24461;24;3*3*2018-11-09 11:04:19.0
88*Trying to create vm in stage 3*98*2018-11-09 11:04:20.0
89*12282;12;6*2*2018-11-09 11:04:24.0
90*10197;10;6*2*2018-11-09 11:04:35.0
91*19982;19;4*3*2018-11-09 11:04:40.0
92*add vm (192.168.80.54) in stage 2*98*2018-11-09 11:04:49.0
93*14548;14;6*2*2018-11-09 11:04:50.0
94*15801;15;4*3*2018-11-09 11:04:56.0
95*Trying to create vm in stage 2*98*2018-11-09 11:05:00.0
96*14437;14;7*2*2018-11-09 11:05:05.0
97*add vm (192.168.80.55) in stage 3*98*2018-11-09 11:05:09.0
98*14080;14;4*3*2018-11-09 11:05:11.0
99*Trying to create vm in stage 3*98*2018-11-09 11:05:11.0
100*14077;14;7*2*2018-11-09 11:05:19.0
101*13216;13;5*3*2018-11-09 11:05:25.0
102*11661;11;7*2*2018-11-09 11:05:32.0
103*12621;12;5*3*2018-11-09 11:05:38.0
104*10602;10;7*2*2018-11-09 11:05:43.0
105*add vm (192.168.80.57) in stage 2*98*2018-11-09 11:05:48.0
106*11607;11;5*3*2018-11-09 11:05:50.0
107*9455;9;7*2*2018-11-09 11:05:53.0
108*Trying to create vm in stage 2*98*2018-11-09 11:05:54.0
109*9218;9;8*2*2018-11-09 11:06:03.0
110*14929;14;5*3*2018-11-09 11:06:05.0
111*add vm (192.168.80.58) in stage 3*98*2018-11-09 11:06:05.0
112*Trying to create vm in stage 3*98*2018-11-09 11:06:06.0
113*10620;10;8*2*2018-11-09 11:06:14.0
114*13076;13;6*3*2018-11-09 11:06:19.0
115*10283;10;8*2*2018-11-09 11:06:25.0
116*5979;5;8*2*2018-11-09 11:06:31.0
117*13039;13;6*3*2018-11-09 11:06:33.0
118*9914;9;8*2*2018-11-09 11:06:42.0
119*11204;11;6*3*2018-11-09 11:06:44.0
120*add vm (192.168.80.59) in stage 2*98*2018-11-09 11:06:45.0
121*8290;8;8*2*2018-11-09 11:06:50.0
122*11506;11;6*3*2018-11-09 11:06:56.0
123*7030;7;9*2*2018-11-09 11:06:58.0
124*add vm (192.168.80.60) in stage 3*98*2018-11-09 11:07:02.0
125*6965;6;9*2*2018-11-09 11:07:06.0
126*10275;10;6*3*2018-11-09 11:07:07.0
127*Trying to create vm in stage 3*98*2018-11-09 11:07:08.0
128*7239;7;9*2*2018-11-09 11:07:14.0
129*10915;10;7*3*2018-11-09 11:07:19.0
130*7296;7;9*2*2018-11-09 11:07:22.0
131*4111;4;9*2*2018-11-09 11:07:26.0
132*3055;3;9*2*2018-11-09 11:07:30.0
133*13459;13;7*3*2018-11-09 11:07:33.0
134*5124;5;9*2*2018-11-09 11:07:36.0
135*2773;2;9*2*2018-11-09 11:07:39.0
136*2410;2;9*2*2018-11-09 11:07:42.0
137*1830;1;9*2*2018-11-09 11:07:44.0
138*add vm (192.168.80.63) in stage 3*98*2018-11-09 11:07:45.0
139*13683;13;7*3*2018-11-09 11:07:47.0
140*2346;2;9*2*2018-11-09 11:07:47.0
141*1750;1;9*2*2018-11-09 11:07:49.0
142*1749;1;9*2*2018-11-09 11:07:51.0
143*754;0;9*2*2018-11-09 11:07:53.0
144*832;0;9*2*2018-11-09 11:07:54.0
145*10643;10;8*3*2018-11-09 11:07:58.0
146*7130;7;8*3*2018-11-09 11:08:06.0
147*Trying to create vm in stage 3*98*2018-11-09 11:08:07.0
148*14438;14;8*3*2018-11-09 11:08:21.0
149*5268;5;8*3*2018-11-09 11:08:27.0
150*5047;5;8*3*2018-11-09 11:08:33.0
151*4557;4;8*3*2018-11-09 11:08:37.0
152*4655;4;8*3*2018-11-09 11:08:43.0
153*add vm (192.168.80.65) in stage 3*98*2018-11-09 11:08:43.0
154*3841;3;8*3*2018-11-09 11:08:47.0
155*4816;4;9*3*2018-11-09 11:08:52.0
156*3560;3;9*3*2018-11-09 11:08:56.0
157*3516;3;9*3*2018-11-09 11:09:00.0
158*2780;2;9*3*2018-11-09 11:09:03.0
159*2798;2;9*3*2018-11-09 11:09:06.0
160*2200;2;9*3*2018-11-09 11:09:09.0
161*2243;2;9*3*2018-11-09 11:09:12.0
162*1767;1;9*3*2018-11-09 11:09:14.0
163*1757;1;9*3*2018-11-09 11:09:16.0
164*1125;1;9*3*2018-11-09 11:09:17.0
165*1110;1;9*3*2018-11-09 11:09:19.0
166*542;0;9*3*2018-11-09 11:09:20.0
167*596;0;9*3*2018-11-09 11:09:21.0
168*Final time: 967*96*2018-11-09 11:09:23.0
