id*log*stage*time
1*add vm (192.168.80.54) in stage 1*98*2018-11-09 09:41:55.0
2*170878;170;1*1*2018-11-09 09:44:07.0
3*Trying to create vm in stage 1*98*2018-11-09 09:44:08.0
4*Trying to create vm in stage 2*98*2018-11-09 09:44:17.0
5*add vm (192.168.80.55) in stage 1*98*2018-11-09 09:44:42.0
6*52872;52;2*1*2018-11-09 09:45:00.0
7*Trying to create vm in stage 1*98*2018-11-09 09:45:02.0
8*add vm (192.168.80.56) in stage 2*98*2018-11-09 09:45:05.0
9*25944;25;3*1*2018-11-09 09:45:27.0
10*add vm (192.168.80.57) in stage 1*98*2018-11-09 09:45:43.0
11*24770;24;3*1*2018-11-09 09:45:52.0
12*Trying to create vm in stage 1*98*2018-11-09 09:45:54.0
13*16706;16;4*1*2018-11-09 09:46:09.0
14*16463;16;4*1*2018-11-09 09:46:26.0
15*add vm (192.168.80.58) in stage 1*98*2018-11-09 09:46:29.0
16*14742;14;4*1*2018-11-09 09:46:42.0
17*Trying to create vm in stage 1*98*2018-11-09 09:46:42.0
18*13239;13;5*1*2018-11-09 09:46:55.0
19*11576;11;5*1*2018-11-09 09:47:07.0
20*add vm (192.168.80.59) in stage 1*98*2018-11-09 09:47:16.0
21*11406;11;5*1*2018-11-09 09:47:19.0
22*Trying to create vm in stage 1*98*2018-11-09 09:47:20.0
23*9608;9;6*1*2018-11-09 09:47:30.0
24*9469;9;6*1*2018-11-09 09:47:40.0
25*218159;218;1*2*2018-11-09 09:47:46.0
26*Trying to create vm in stage 2*98*2018-11-09 09:47:47.0
27*Trying to create vm in stage 3*98*2018-11-09 09:47:54.0
28*16610;16;6*1*2018-11-09 09:47:57.0
29*add vm (192.168.80.60) in stage 1*98*2018-11-09 09:48:04.0
30*9127;9;6*1*2018-11-09 09:48:06.0
31*Trying to create vm in stage 1*98*2018-11-09 09:48:07.0
32*8800;8;7*1*2018-11-09 09:48:16.0
33*8146;8;7*1*2018-11-09 09:48:24.0
34*11253;11;7*1*2018-11-09 09:48:36.0
35*7299;7;7*1*2018-11-09 09:48:44.0
36*add vm (192.168.80.61) in stage 2*98*2018-11-09 09:48:49.0
37*add vm (192.168.80.62) in stage 3*98*2018-11-09 09:48:49.0
38*7348;7;7*1*2018-11-09 09:48:52.0
39*68566;68;2*2*2018-11-09 09:48:55.0
40*Trying to create vm in stage 2*98*2018-11-09 09:48:57.0
41*add vm (192.168.80.63) in stage 1*98*2018-11-09 09:49:03.0
42*11124;11;7*1*2018-11-09 09:49:04.0
43*Trying to create vm in stage 1*98*2018-11-09 09:49:07.0
44*6832;6;8*1*2018-11-09 09:49:11.0
45*6602;6;8*1*2018-11-09 09:49:18.0
46*5848;5;8*1*2018-11-09 09:49:25.0
47*32217;32;3*2*2018-11-09 09:49:28.0
48*9898;9;8*1*2018-11-09 09:49:35.0
49*5047;5;8*1*2018-11-09 09:49:40.0
50*add vm (192.168.80.64) in stage 2*98*2018-11-09 09:49:44.0
51*4729;4;8*1*2018-11-09 09:49:45.0
52*4146;4;8*1*2018-11-09 09:49:50.0
53*add vm (192.168.80.65) in stage 1*98*2018-11-09 09:49:53.0
54*4560;4;8*1*2018-11-09 09:49:57.0
55*31780;31;3*2*2018-11-09 09:50:01.0
56*Trying to create vm in stage 1*98*2018-11-09 09:50:01.0
57*Trying to create vm in stage 2*98*2018-11-09 09:50:01.0
58*6276;6;9*1*2018-11-09 09:50:04.0
59*4669;4;9*1*2018-11-09 09:50:09.0
60*3093;3;9*1*2018-11-09 09:50:13.0
61*3044;3;9*1*2018-11-09 09:50:16.0
62*2809;2;9*1*2018-11-09 09:50:19.0
63*2583;2;9*1*2018-11-09 09:50:22.0
64*3258;3;9*1*2018-11-09 09:50:26.0
65*161466;161;1*3*2018-11-09 09:50:29.0
66*1732;1;9*1*2018-11-09 09:50:29.0
67*Trying to create vm in stage 3*98*2018-11-09 09:50:29.0
68*2070;2;9*1*2018-11-09 09:50:31.0
69*2029;2;9*1*2018-11-09 09:50:34.0
70*1010;1;9*1*2018-11-09 09:50:36.0
71*35053;35;4*2*2018-11-09 09:50:36.0
72*854;0;9*1*2018-11-09 09:50:37.0
73*add vm (192.168.80.66) in stage 1*98*2018-11-09 09:50:40.0
74*add vm (192.168.80.67) in stage 2*98*2018-11-09 09:50:42.0
75*21109;21;4*2*2018-11-09 09:50:58.0
76*Trying to create vm in stage 2*98*2018-11-09 09:50:59.0
77*18115;18;5*2*2018-11-09 09:51:17.0
78*add vm (192.168.80.68) in stage 3*98*2018-11-09 09:51:19.0
79*52406;52;2*3*2018-11-09 09:51:22.0
80*Trying to create vm in stage 3*98*2018-11-09 09:51:23.0
81*17276;17;5*2*2018-11-09 09:51:34.0
82*14284;14;5*2*2018-11-09 09:51:49.0
83*26891;26;3*3*2018-11-09 09:51:49.0
84*add vm (192.168.80.57) in stage 2*98*2018-11-09 09:51:56.0
85*16581;16;5*2*2018-11-09 09:52:06.0
86*Trying to create vm in stage 2*98*2018-11-09 09:52:07.0
87*add vm (192.168.80.51) in stage 3*98*2018-11-09 09:52:12.0
88*26349;26;3*3*2018-11-09 09:52:16.0
89*Trying to create vm in stage 3*98*2018-11-09 09:52:17.0
90*12608;12;6*2*2018-11-09 09:52:20.0
91*12134;12;6*2*2018-11-09 09:52:33.0
92*19565;19;4*3*2018-11-09 09:52:36.0
93*12360;12;6*2*2018-11-09 09:52:45.0
94*17166;17;4*3*2018-11-09 09:52:54.0
95*add vm (192.168.80.54) in stage 2*98*2018-11-09 09:52:56.0
96*10590;10;6*2*2018-11-09 09:52:57.0
97*Trying to create vm in stage 2*98*2018-11-09 09:52:58.0
98*add vm (192.168.80.55) in stage 3*98*2018-11-09 09:53:06.0
99*11504;11;7*2*2018-11-09 09:53:09.0
100*18223;18;4*3*2018-11-09 09:53:13.0
101*Trying to create vm in stage 3*98*2018-11-09 09:53:14.0
102*14529;14;7*2*2018-11-09 09:53:24.0
103*13186;13;5*3*2018-11-09 09:53:27.0
104*12836;12;7*2*2018-11-09 09:53:37.0
105*13219;13;5*3*2018-11-09 09:53:41.0
106*add vm (192.168.80.58) in stage 2*98*2018-11-09 09:53:45.0
107*13437;13;7*2*2018-11-09 09:53:51.0
108*Trying to create vm in stage 2*98*2018-11-09 09:53:54.0
109*14019;14;5*3*2018-11-09 09:53:55.0
110*9967;9;8*2*2018-11-09 09:54:02.0
111*add vm (192.168.80.59) in stage 3*98*2018-11-09 09:54:03.0
112*8188;8;8*2*2018-11-09 09:54:10.0
113*16400;16;5*3*2018-11-09 09:54:13.0
114*Trying to create vm in stage 3*98*2018-11-09 09:54:14.0
115*8860;8;8*2*2018-11-09 09:54:20.0
116*6506;6;8*2*2018-11-09 09:54:27.0
117*5331;5;8*2*2018-11-09 09:54:32.0
118*22565;22;6*3*2018-11-09 09:54:36.0
119*8145;8;8*2*2018-11-09 09:54:41.0
120*add vm (192.168.80.60) in stage 2*98*2018-11-09 09:54:42.0
121*6212;6;8*2*2018-11-09 09:54:48.0
122*Trying to create vm in stage 2*98*2018-11-09 09:54:50.0
123*14207;14;6*3*2018-11-09 09:54:50.0
124*9077;9;9*2*2018-11-09 09:54:57.0
125*5119;5;9*2*2018-11-09 09:55:03.0
126*add vm (192.168.80.63) in stage 3*98*2018-11-09 09:55:05.0
127*15026;15;6*3*2018-11-09 09:55:06.0
128*6548;6;9*2*2018-11-09 09:55:10.0
129*3748;3;9*2*2018-11-09 09:55:14.0
130*Trying to create vm in stage 3*98*2018-11-09 09:55:15.0
131*4377;4;9*2*2018-11-09 09:55:19.0
132*3134;3;9*2*2018-11-09 09:55:22.0
133*3059;3;9*2*2018-11-09 09:55:26.0
134*2297;2;9*2*2018-11-09 09:55:29.0
135*22050;22;7*3*2018-11-09 09:55:29.0
136*2428;2;9*2*2018-11-09 09:55:32.0
137*3234;3;9*2*2018-11-09 09:55:36.0
138*2359;2;9*2*2018-11-09 09:55:38.0
139*add vm (192.168.80.65) in stage 2*98*2018-11-09 09:55:40.0
140*1633;1;9*2*2018-11-09 09:55:40.0
141*2000;2;10*2*2018-11-09 09:55:44.0
142*13155;13;7*3*2018-11-09 09:55:45.0
143*853;0;10*2*2018-11-09 09:55:45.0
144*950;0;10*2*2018-11-09 09:55:46.0
145*19415;19;7*3*2018-11-09 09:56:05.0
146*add vm (192.168.80.69) in stage 3*98*2018-11-09 09:56:06.0
147*8355;8;7*3*2018-11-09 09:56:14.0
148*Trying to create vm in stage 3*98*2018-11-09 09:56:15.0
149*7063;7;8*3*2018-11-09 09:56:22.0
150*6218;6;8*3*2018-11-09 09:56:29.0
151*7523;7;8*3*2018-11-09 09:56:37.0
152*5713;5;8*3*2018-11-09 09:56:43.0
153*5001;5;8*3*2018-11-09 09:56:48.0
154*add vm (192.168.80.52) in stage 3*98*2018-11-09 09:56:51.0
155*5062;5;8*3*2018-11-09 09:56:53.0
156*Trying to create vm in stage 3*98*2018-11-09 09:56:56.0
157*4945;4;9*3*2018-11-09 09:56:59.0
158*4608;4;9*3*2018-11-09 09:57:04.0
159*4633;4;9*3*2018-11-09 09:57:09.0
160*4045;4;9*3*2018-11-09 09:57:14.0
161*3500;3;9*3*2018-11-09 09:57:18.0
162*3519;3;9*3*2018-11-09 09:57:22.0
163*2863;2;9*3*2018-11-09 09:57:25.0
164*2858;2;9*3*2018-11-09 09:57:28.0
165*2202;2;9*3*2018-11-09 09:57:31.0
166*add vm (192.168.80.54) in stage 3*98*2018-11-09 09:57:33.0
167*2290;2;9*3*2018-11-09 09:57:34.0
168*2369;2;10*3*2018-11-09 09:57:37.0
169*1947;1;10*3*2018-11-09 09:57:39.0
170*1200;1;10*3*2018-11-09 09:57:41.0
171*1270;1;10*3*2018-11-09 09:57:42.0
172*598;0;10*3*2018-11-09 09:57:43.0
173*615;0;10*3*2018-11-09 09:57:44.0
174*Final time: 990*96*2018-11-09 09:57:46.0
