id*log*stage*time
1*add vm (192.168.80.54) in stage 1*98*2018-11-09 09:00:59.0
2*171826;171;1*1*2018-11-09 09:03:09.0
3*Trying to create vm in stage 1*98*2018-11-09 09:03:11.0
4*Trying to create vm in stage 2*98*2018-11-09 09:03:21.0
5*add vm (192.168.80.55) in stage 1*98*2018-11-09 09:03:47.0
6*52015;52;2*1*2018-11-09 09:04:03.0
7*Trying to create vm in stage 1*98*2018-11-09 09:04:04.0
8*add vm (192.168.80.56) in stage 2*98*2018-11-09 09:04:05.0
9*25697;25;3*1*2018-11-09 09:04:29.0
10*add vm (192.168.80.57) in stage 1*98*2018-11-09 09:04:47.0
11*25464;25;3*1*2018-11-09 09:04:55.0
12*Trying to create vm in stage 1*98*2018-11-09 09:04:56.0
13*18378;18;4*1*2018-11-09 09:05:14.0
14*add vm (192.168.80.58) in stage 1*98*2018-11-09 09:05:30.0
15*16139;16;4*1*2018-11-09 09:05:31.0
16*Trying to create vm in stage 1*98*2018-11-09 09:05:31.0
17*12863;12;5*1*2018-11-09 09:05:44.0
18*12549;12;5*1*2018-11-09 09:05:57.0
19*add vm (192.168.80.59) in stage 1*98*2018-11-09 09:06:07.0
20*11410;11;5*1*2018-11-09 09:06:11.0
21*Trying to create vm in stage 1*98*2018-11-09 09:06:11.0
22*11466;11;6*1*2018-11-09 09:06:23.0
23*9464;9;6*1*2018-11-09 09:06:33.0
24*9304;9;6*1*2018-11-09 09:06:42.0
25*add vm (192.168.80.60) in stage 1*98*2018-11-09 09:06:46.0
26*217499;217;1*2*2018-11-09 09:06:48.0
27*Trying to create vm in stage 2*98*2018-11-09 09:06:49.0
28*15816;15;6*1*2018-11-09 09:06:58.0
29*Trying to create vm in stage 3*98*2018-11-09 09:07:00.0
30*Trying to create vm in stage 1*98*2018-11-09 09:07:01.0
31*10631;10;7*1*2018-11-09 09:07:10.0
32*8122;8;7*1*2018-11-09 09:07:18.0
33*add vm (192.168.80.61) in stage 2*98*2018-11-09 09:07:27.0
34*8294;8;7*1*2018-11-09 09:07:27.0
35*7141;7;7*1*2018-11-09 09:07:35.0
36*9771;9;7*1*2018-11-09 09:07:45.0
37*add vm (192.168.80.62) in stage 3*98*2018-11-09 09:07:54.0
38*7933;7;7*1*2018-11-09 09:07:54.0
39*65860;65;2*2*2018-11-09 09:07:54.0
40*add vm (192.168.80.63) in stage 1*98*2018-11-09 09:07:55.0
41*Trying to create vm in stage 2*98*2018-11-09 09:07:56.0
42*10365;10;7*1*2018-11-09 09:08:05.0
43*Trying to create vm in stage 1*98*2018-11-09 09:08:06.0
44*7756;7;8*1*2018-11-09 09:08:14.0
45*6518;6;8*1*2018-11-09 09:08:21.0
46*6660;6;8*1*2018-11-09 09:08:28.0
47*33566;33;3*2*2018-11-09 09:08:29.0
48*add vm (192.168.80.64) in stage 2*98*2018-11-09 09:08:37.0
49*9433;9;8*1*2018-11-09 09:08:38.0
50*4953;4;8*1*2018-11-09 09:08:43.0
51*add vm (192.168.80.65) in stage 1*98*2018-11-09 09:08:46.0
52*5089;5;8*1*2018-11-09 09:08:49.0
53*Trying to create vm in stage 1*98*2018-11-09 09:08:52.0
54*5006;5;9*1*2018-11-09 09:08:54.0
55*5151;5;9*1*2018-11-09 09:09:00.0
56*33004;33;3*2*2018-11-09 09:09:03.0
57*Trying to create vm in stage 2*98*2018-11-09 09:09:04.0
58*9484;9;9*1*2018-11-09 09:09:10.0
59*4212;4;9*1*2018-11-09 09:09:14.0
60*3165;3;9*1*2018-11-09 09:09:18.0
61*3231;3;9*1*2018-11-09 09:09:22.0
62*3848;3;9*1*2018-11-09 09:09:26.0
63*add vm (192.168.80.66) in stage 1*98*2018-11-09 09:09:29.0
64*25571;25;4*2*2018-11-09 09:09:30.0
65*3975;3;9*1*2018-11-09 09:09:31.0
66*2885;2;10*1*2018-11-09 09:09:34.0
67*165250;165;1*3*2018-11-09 09:09:34.0
68*Trying to create vm in stage 3*98*2018-11-09 09:09:37.0
69*3022;3;10*1*2018-11-09 09:09:38.0
70*2468;2;10*1*2018-11-09 09:09:41.0
71*1703;1;10*1*2018-11-09 09:09:44.0
72*675;0;10*1*2018-11-09 09:09:45.0
73*686;0;10*1*2018-11-09 09:09:46.0
74*add vm (192.168.80.67) in stage 2*98*2018-11-09 09:09:54.0
75*31185;31;4*2*2018-11-09 09:10:03.0
76*Trying to create vm in stage 2*98*2018-11-09 09:10:12.0
77*18173;18;5*2*2018-11-09 09:10:22.0
78*50014;50;2*3*2018-11-09 09:10:26.0
79*add vm (192.168.80.68) in stage 3*98*2018-11-09 09:10:28.0
80*18458;18;5*2*2018-11-09 09:10:41.0
81*13299;13;5*2*2018-11-09 09:10:55.0
82*add vm (192.168.80.51) in stage 2*98*2018-11-09 09:11:00.0
83*12376;12;5*2*2018-11-09 09:11:08.0
84*41141;41;2*3*2018-11-09 09:11:08.0
85*Trying to create vm in stage 2*98*2018-11-09 09:11:09.0
86*Trying to create vm in stage 3*98*2018-11-09 09:11:09.0
87*14294;14;6*2*2018-11-09 09:11:23.0
88*10727;10;6*2*2018-11-09 09:11:34.0
89*28700;28;3*3*2018-11-09 09:11:38.0
90*14338;14;6*2*2018-11-09 09:11:49.0
91*add vm (192.168.80.54) in stage 2*98*2018-11-09 09:11:49.0
92*Trying to create vm in stage 2*98*2018-11-09 09:11:50.0
93*add vm (192.168.80.55) in stage 3*98*2018-11-09 09:11:51.0
94*10205;10;7*2*2018-11-09 09:12:00.0
95*22185;22;3*3*2018-11-09 09:12:00.0
96*Trying to create vm in stage 3*98*2018-11-09 09:12:01.0
97*12974;12;7*2*2018-11-09 09:12:13.0
98*8915;8;7*2*2018-11-09 09:12:23.0
99*27339;27;4*3*2018-11-09 09:12:28.0
100*add vm (192.168.80.57) in stage 2*98*2018-11-09 09:12:32.0
101*10446;10;7*2*2018-11-09 09:12:34.0
102*Trying to create vm in stage 2*98*2018-11-09 09:12:35.0
103*add vm (192.168.80.58) in stage 3*98*2018-11-09 09:12:39.0
104*9259;9;8*2*2018-11-09 09:12:43.0
105*16034;16;4*3*2018-11-09 09:12:45.0
106*Trying to create vm in stage 3*98*2018-11-09 09:12:46.0
107*11444;11;8*2*2018-11-09 09:12:55.0
108*8445;8;8*2*2018-11-09 09:13:04.0
109*20601;20;5*3*2018-11-09 09:13:07.0
110*11079;11;8*2*2018-11-09 09:13:16.0
111*add vm (192.168.80.59) in stage 2*98*2018-11-09 09:13:16.0
112*13407;13;5*3*2018-11-09 09:13:21.0
113*add vm (192.168.80.60) in stage 3*98*2018-11-09 09:13:26.0
114*10140;10;9*2*2018-11-09 09:13:27.0
115*Trying to create vm in stage 2*98*2018-11-09 09:13:31.0
116*6354;6;9*2*2018-11-09 09:13:34.0
117*15457;15;5*3*2018-11-09 09:13:37.0
118*Trying to create vm in stage 3*98*2018-11-09 09:13:46.0
119*12571;12;9*2*2018-11-09 09:13:47.0
120*13766;13;6*3*2018-11-09 09:13:52.0
121*8816;8;9*2*2018-11-09 09:13:56.0
122*5984;5;9*2*2018-11-09 09:14:02.0
123*13942;13;6*3*2018-11-09 09:14:06.0
124*add vm (192.168.80.63) in stage 2*98*2018-11-09 09:14:06.0
125*8076;8;9*2*2018-11-09 09:14:11.0
126*5713;5;10*2*2018-11-09 09:14:18.0
127*13850;13;6*3*2018-11-09 09:14:20.0
128*8567;8;10*2*2018-11-09 09:14:27.0
129*4278;4;10*2*2018-11-09 09:14:32.0
130*14311;14;6*3*2018-11-09 09:14:35.0
131*3133;3;10*2*2018-11-09 09:14:35.0
132*add vm (192.168.80.65) in stage 3*98*2018-11-09 09:14:36.0
133*5956;5;10*2*2018-11-09 09:14:42.0
134*3900;3;10*2*2018-11-09 09:14:46.0
135*12511;12;6*3*2018-11-09 09:14:48.0
136*Trying to create vm in stage 3*98*2018-11-09 09:14:49.0
137*4680;4;10*2*2018-11-09 09:14:52.0
138*3842;3;10*2*2018-11-09 09:14:57.0
139*2122;2;10*2*2018-11-09 09:14:59.0
140*12409;12;7*3*2018-11-09 09:15:01.0
141*2061;2;10*2*2018-11-09 09:15:02.0
142*2320;2;10*2*2018-11-09 09:15:05.0
143*1016;1;10*2*2018-11-09 09:15:06.0
144*741;0;10*2*2018-11-09 09:15:08.0
145*11657;11;7*3*2018-11-09 09:15:13.0
146*add vm (192.168.80.66) in stage 3*98*2018-11-09 09:15:24.0
147*18449;18;7*3*2018-11-09 09:15:32.0
148*7076;7;8*3*2018-11-09 09:15:40.0
149*Trying to create vm in stage 3*98*2018-11-09 09:15:41.0
150*6323;6;8*3*2018-11-09 09:15:47.0
151*5767;5;8*3*2018-11-09 09:15:53.0
152*5829;5;8*3*2018-11-09 09:15:59.0
153*5027;5;8*3*2018-11-09 09:16:05.0
154*4994;4;8*3*2018-11-09 09:16:10.0
155*add vm (192.168.80.51) in stage 3*98*2018-11-09 09:16:14.0
156*4516;4;8*3*2018-11-09 09:16:15.0
157*Trying to create vm in stage 3*98*2018-11-09 09:16:20.0
158*4994;4;9*3*2018-11-09 09:16:21.0
159*4025;4;9*3*2018-11-09 09:16:25.0
160*4224;4;9*3*2018-11-09 09:16:30.0
161*3387;3;9*3*2018-11-09 09:16:34.0
162*3455;3;9*3*2018-11-09 09:16:38.0
163*2958;2;9*3*2018-11-09 09:16:41.0
164*2871;2;9*3*2018-11-09 09:16:45.0
165*2159;2;9*3*2018-11-09 09:16:47.0
166*2146;2;9*3*2018-11-09 09:16:50.0
167*1739;1;9*3*2018-11-09 09:16:52.0
168*add vm (192.168.80.52) in stage 3*98*2018-11-09 09:16:53.0
169*1792;1;9*3*2018-11-09 09:16:54.0
170*1806;1;10*3*2018-11-09 09:16:56.0
171*1239;1;10*3*2018-11-09 09:16:58.0
172*601;0;10*3*2018-11-09 09:16:59.0
173*627;0;10*3*2018-11-09 09:17:00.0
174*Final time: 1006*96*2018-11-09 09:17:02.0
