id*log*stage*time
1*add vm (192.168.80.54) in stage 1*98*2018-11-09 11:29:41.0
2*170249;170;1*1*2018-11-09 11:31:48.0
3*Trying to create vm in stage 1*98*2018-11-09 11:31:49.0
4*Trying to create vm in stage 2*98*2018-11-09 11:32:01.0
5*add vm (192.168.80.55) in stage 1*98*2018-11-09 11:32:22.0
6*52718;52;2*1*2018-11-09 11:32:42.0
7*Trying to create vm in stage 1*98*2018-11-09 11:32:42.0
8*add vm (192.168.80.56) in stage 2*98*2018-11-09 11:32:48.0
9*25722;25;3*1*2018-11-09 11:33:08.0
10*add vm (192.168.80.57) in stage 1*98*2018-11-09 11:33:24.0
11*25348;25;3*1*2018-11-09 11:33:34.0
12*Trying to create vm in stage 1*98*2018-11-09 11:33:35.0
13*18060;18;4*1*2018-11-09 11:33:52.0
14*16144;16;4*1*2018-11-09 11:34:09.0
15*add vm (192.168.80.58) in stage 1*98*2018-11-09 11:34:10.0
16*14743;14;4*1*2018-11-09 11:34:24.0
17*Trying to create vm in stage 1*98*2018-11-09 11:34:25.0
18*15502;15;5*1*2018-11-09 11:34:40.0
19*11394;11;5*1*2018-11-09 11:34:52.0
20*add vm (192.168.80.59) in stage 1*98*2018-11-09 11:34:57.0
21*11448;11;5*1*2018-11-09 11:35:04.0
22*Trying to create vm in stage 1*98*2018-11-09 11:35:05.0
23*10158;10;6*1*2018-11-09 11:35:15.0
24*9511;9;6*1*2018-11-09 11:35:25.0
25*218739;218;1*2*2018-11-09 11:35:28.0
26*Trying to create vm in stage 2*98*2018-11-09 11:35:38.0
27*add vm (192.168.80.60) in stage 1*98*2018-11-09 11:35:39.0
28*14734;14;6*1*2018-11-09 11:35:40.0
29*Trying to create vm in stage 3*98*2018-11-09 11:35:41.0
30*Trying to create vm in stage 1*98*2018-11-09 11:35:50.0
31*9774;9;7*1*2018-11-09 11:35:50.0
32*9428;9;7*1*2018-11-09 11:36:00.0
33*8352;8;7*1*2018-11-09 11:36:09.0
34*7174;7;7*1*2018-11-09 11:36:16.0
35*add vm (192.168.80.61) in stage 2*98*2018-11-09 11:36:22.0
36*add vm (192.168.80.62) in stage 3*98*2018-11-09 11:36:22.0
37*7400;7;7*1*2018-11-09 11:36:24.0
38*7400;7;7*1*2018-11-09 11:36:32.0
39*66751;66;2*2*2018-11-09 11:36:35.0
40*Trying to create vm in stage 2*98*2018-11-09 11:36:37.0
41*add vm (192.168.80.63) in stage 1*98*2018-11-09 11:36:40.0
42*11497;11;7*1*2018-11-09 11:36:44.0
43*6664;6;8*1*2018-11-09 11:36:52.0
44*6240;6;8*1*2018-11-09 11:36:58.0
45*5626;5;8*1*2018-11-09 11:37:04.0
46*31229;31;3*2*2018-11-09 11:37:08.0
47*Trying to create vm in stage 1*98*2018-11-09 11:37:08.0
48*10203;10;8*1*2018-11-09 11:37:15.0
49*4894;4;8*1*2018-11-09 11:37:20.0
50*add vm (192.168.80.64) in stage 2*98*2018-11-09 11:37:21.0
51*4962;4;8*1*2018-11-09 11:37:26.0
52*4159;4;8*1*2018-11-09 11:37:30.0
53*4153;4;8*1*2018-11-09 11:37:35.0
54*30631;30;3*2*2018-11-09 11:37:39.0
55*Trying to create vm in stage 2*98*2018-11-09 11:37:40.0
56*8447;8;8*1*2018-11-09 11:37:44.0
57*3903;3;8*1*2018-11-09 11:37:48.0
58*3020;3;8*1*2018-11-09 11:37:52.0
59*3040;3;8*1*2018-11-09 11:37:55.0
60*add vm (192.168.80.65) in stage 1*98*2018-11-09 11:37:58.0
61*3025;3;8*1*2018-11-09 11:37:59.0
62*23467;23;4*2*2018-11-09 11:38:03.0
63*3814;3;9*1*2018-11-09 11:38:03.0
64*4766;4;9*1*2018-11-09 11:38:08.0
65*1969;1;9*1*2018-11-09 11:38:11.0
66*1261;1;9*1*2018-11-09 11:38:12.0
67*1160;1;9*1*2018-11-09 11:38:14.0
68*594;0;9*1*2018-11-09 11:38:15.0
69*166264;166;1*3*2018-11-09 11:38:15.0
70*981;0;9*1*2018-11-09 11:38:16.0
71*Trying to create vm in stage 3*98*2018-11-09 11:38:17.0
72*add vm (192.168.80.66) in stage 2*98*2018-11-09 11:38:33.0
73*31965;31;4*2*2018-11-09 11:38:36.0
74*Trying to create vm in stage 2*98*2018-11-09 11:38:37.0
75*15144;15;5*2*2018-11-09 11:38:52.0
76*49248;49;2*3*2018-11-09 11:39:05.0
77*15124;15;5*2*2018-11-09 11:39:08.0
78*add vm (192.168.80.67) in stage 3*98*2018-11-09 11:39:15.0
79*13613;13;5*2*2018-11-09 11:39:22.0
80*add vm (192.168.80.51) in stage 2*98*2018-11-09 11:39:23.0
81*12565;12;5*2*2018-11-09 11:39:35.0
82*Trying to create vm in stage 2*98*2018-11-09 11:39:35.0
83*10868;10;6*2*2018-11-09 11:39:46.0
84*44734;44;2*3*2018-11-09 11:39:50.0
85*Trying to create vm in stage 3*98*2018-11-09 11:39:51.0
86*15972;15;6*2*2018-11-09 11:40:02.0
87*add vm (192.168.80.54) in stage 2*98*2018-11-09 11:40:11.0
88*9762;9;6*2*2018-11-09 11:40:13.0
89*Trying to create vm in stage 2*98*2018-11-09 11:40:13.0
90*25497;25;3*3*2018-11-09 11:40:16.0
91*15769;15;7*2*2018-11-09 11:40:29.0
92*8358;8;7*2*2018-11-09 11:40:38.0
93*24532;24;3*3*2018-11-09 11:40:41.0
94*add vm (192.168.80.55) in stage 3*98*2018-11-09 11:40:41.0
95*Trying to create vm in stage 3*98*2018-11-09 11:40:42.0
96*12446;12;7*2*2018-11-09 11:40:51.0
97*8416;8;7*2*2018-11-09 11:41:00.0
98*19612;19;4*3*2018-11-09 11:41:02.0
99*add vm (192.168.80.57) in stage 2*98*2018-11-09 11:41:09.0
100*11682;11;7*2*2018-11-09 11:41:12.0
101*15423;15;4*3*2018-11-09 11:41:17.0
102*13173;13;8*2*2018-11-09 11:41:26.0
103*14221;14;4*3*2018-11-09 11:41:32.0
104*add vm (192.168.80.58) in stage 3*98*2018-11-09 11:41:36.0
105*11124;11;8*2*2018-11-09 11:41:37.0
106*6515;6;8*2*2018-11-09 11:41:44.0
107*15255;15;4*3*2018-11-09 11:41:48.0
108*Trying to create vm in stage 3*98*2018-11-09 11:41:49.0
109*10970;10;8*2*2018-11-09 11:41:55.0
110*5899;5;8*2*2018-11-09 11:42:02.0
111*13206;13;5*3*2018-11-09 11:42:02.0
112*9706;9;8*2*2018-11-09 11:42:12.0
113*13567;13;5*3*2018-11-09 11:42:16.0
114*8267;8;8*2*2018-11-09 11:42:20.0
115*add vm (192.168.80.59) in stage 3*98*2018-11-09 11:42:24.0
116*5369;5;8*2*2018-11-09 11:42:26.0
117*13253;13;5*3*2018-11-09 11:42:30.0
118*8915;8;8*2*2018-11-09 11:42:36.0
119*9073;9;6*3*2018-11-09 11:42:39.0
120*Trying to create vm in stage 3*98*2018-11-09 11:42:39.0
121*8873;8;8*2*2018-11-09 11:42:45.0
122*9251;9;6*3*2018-11-09 11:42:49.0
123*5056;5;8*2*2018-11-09 11:42:50.0
124*4605;4;8*2*2018-11-09 11:42:56.0
125*4428;4;8*2*2018-11-09 11:43:00.0
126*13228;13;6*3*2018-11-09 11:43:03.0
127*4413;4;8*2*2018-11-09 11:43:05.0
128*2908;2;8*2*2018-11-09 11:43:09.0
129*3931;3;8*2*2018-11-09 11:43:13.0
130*1866;1;8*2*2018-11-09 11:43:15.0
131*12784;12;6*3*2018-11-09 11:43:16.0
132*3118;3;8*2*2018-11-09 11:43:19.0
133*1078;1;8*2*2018-11-09 11:43:20.0
134*1088;1;8*2*2018-11-09 11:43:22.0
135*567;0;8*2*2018-11-09 11:43:23.0
136*554;0;8*2*2018-11-09 11:43:24.0
137*add vm (192.168.80.60) in stage 3*98*2018-11-09 11:43:25.0
138*19600;19;6*3*2018-11-09 11:43:36.0
139*9122;9;7*3*2018-11-09 11:43:46.0
140*5849;5;7*3*2018-11-09 11:43:52.0
141*5942;5;7*3*2018-11-09 11:43:58.0
142*5517;5;7*3*2018-11-09 11:44:04.0
143*5472;5;7*3*2018-11-09 11:44:10.0
144*Trying to create vm in stage 3*98*2018-11-09 11:44:13.0
145*4876;4;7*3*2018-11-09 11:44:16.0
146*4861;4;7*3*2018-11-09 11:44:21.0
147*6125;6;7*3*2018-11-09 11:44:27.0
148*4531;4;7*3*2018-11-09 11:44:32.0
149*3649;3;7*3*2018-11-09 11:44:36.0
150*3637;3;7*3*2018-11-09 11:44:40.0
151*3169;3;7*3*2018-11-09 11:44:44.0
152*3062;3;7*3*2018-11-09 11:44:47.0
153*add vm (192.168.80.51) in stage 3*98*2018-11-09 11:44:48.0
154*3709;3;8*3*2018-11-09 11:44:52.0
155*2750;2;8*3*2018-11-09 11:44:55.0
156*2216;2;8*3*2018-11-09 11:44:58.0
157*2125;2;8*3*2018-11-09 11:45:00.0
158*1618;1;8*3*2018-11-09 11:45:02.0
159*1630;1;8*3*2018-11-09 11:45:04.0
160*1050;1;8*3*2018-11-09 11:45:05.0
161*1079;1;8*3*2018-11-09 11:45:07.0
162*548;0;8*3*2018-11-09 11:45:08.0
163*530;0;8*3*2018-11-09 11:45:09.0
164*Final time: 973*96*2018-11-09 11:45:10.0
