id*log*stage*time
1*add vm (192.168.80.54) in stage 1*98*2018-11-09 09:20:26.0
2*170402;170;1*1*2018-11-09 09:22:34.0
3*Trying to create vm in stage 1*98*2018-11-09 09:22:35.0
4*Trying to create vm in stage 2*98*2018-11-09 09:22:45.0
5*add vm (192.168.80.55) in stage 1*98*2018-11-09 09:23:09.0
6*52473;52;2*1*2018-11-09 09:23:27.0
7*Trying to create vm in stage 1*98*2018-11-09 09:23:28.0
8*add vm (192.168.80.56) in stage 2*98*2018-11-09 09:23:31.0
9*25795;25;3*1*2018-11-09 09:23:54.0
10*add vm (192.168.80.57) in stage 1*98*2018-11-09 09:24:12.0
11*24816;24;3*1*2018-11-09 09:24:19.0
12*Trying to create vm in stage 1*98*2018-11-09 09:24:20.0
13*18275;18;4*1*2018-11-09 09:24:38.0
14*add vm (192.168.80.58) in stage 1*98*2018-11-09 09:24:55.0
15*16356;16;4*1*2018-11-09 09:24:55.0
16*Trying to create vm in stage 1*98*2018-11-09 09:24:56.0
17*12919;12;5*1*2018-11-09 09:25:09.0
18*12556;12;5*1*2018-11-09 09:25:22.0
19*add vm (192.168.80.59) in stage 1*98*2018-11-09 09:25:31.0
20*11129;11;5*1*2018-11-09 09:25:33.0
21*Trying to create vm in stage 1*98*2018-11-09 09:25:34.0
22*13052;13;6*1*2018-11-09 09:25:47.0
23*9486;9;6*1*2018-11-09 09:25:57.0
24*9228;9;6*1*2018-11-09 09:26:06.0
25*add vm (192.168.80.60) in stage 1*98*2018-11-09 09:26:08.0
26*216843;216;1*2*2018-11-09 09:26:12.0
27*Trying to create vm in stage 2*98*2018-11-09 09:26:13.0
28*16109;16;6*1*2018-11-09 09:26:23.0
29*Trying to create vm in stage 3*98*2018-11-09 09:26:24.0
30*Trying to create vm in stage 1*98*2018-11-09 09:26:24.0
31*9532;9;7*1*2018-11-09 09:26:33.0
32*8537;8;7*1*2018-11-09 09:26:42.0
33*8168;8;7*1*2018-11-09 09:26:51.0
34*add vm (192.168.80.61) in stage 2*98*2018-11-09 09:26:53.0
35*8027;8;7*1*2018-11-09 09:26:59.0
36*7184;7;7*1*2018-11-09 09:27:07.0
37*add vm (192.168.80.62) in stage 3*98*2018-11-09 09:27:15.0
38*6692;6;7*1*2018-11-09 09:27:15.0
39*65686;65;2*2*2018-11-09 09:27:19.0
40*add vm (192.168.80.63) in stage 1*98*2018-11-09 09:27:19.0
41*Trying to create vm in stage 2*98*2018-11-09 09:27:20.0
42*11665;11;7*1*2018-11-09 09:27:27.0
43*6840;6;8*1*2018-11-09 09:27:34.0
44*Trying to create vm in stage 1*98*2018-11-09 09:27:35.0
45*6356;6;8*1*2018-11-09 09:27:41.0
46*30891;30;3*2*2018-11-09 09:27:50.0
47*9958;9;8*1*2018-11-09 09:27:54.0
48*5429;5;8*1*2018-11-09 09:28:00.0
49*4994;4;8*1*2018-11-09 09:28:06.0
50*add vm (192.168.80.64) in stage 2*98*2018-11-09 09:28:09.0
51*4843;4;8*1*2018-11-09 09:28:11.0
52*4053;4;8*1*2018-11-09 09:28:15.0
53*4815;4;8*1*2018-11-09 09:28:21.0
54*33485;33;3*2*2018-11-09 09:28:24.0
55*Trying to create vm in stage 2*98*2018-11-09 09:28:25.0
56*4574;4;8*1*2018-11-09 09:28:26.0
57*add vm (192.168.80.65) in stage 1*98*2018-11-09 09:28:28.0
58*6526;6;8*1*2018-11-09 09:28:33.0
59*3738;3;9*1*2018-11-09 09:28:37.0
60*3188;3;9*1*2018-11-09 09:28:41.0
61*2862;2;9*1*2018-11-09 09:28:44.0
62*2683;2;9*1*2018-11-09 09:28:48.0
63*2586;2;9*1*2018-11-09 09:28:51.0
64*26768;26;4*2*2018-11-09 09:28:51.0
65*3214;3;9*1*2018-11-09 09:28:55.0
66*1445;1;9*1*2018-11-09 09:28:57.0
67*1686;1;9*1*2018-11-09 09:28:59.0
68*606;0;9*1*2018-11-09 09:29:00.0
69*605;0;9*1*2018-11-09 09:29:01.0
70*169294;169;1*3*2018-11-09 09:29:02.0
71*Trying to create vm in stage 3*98*2018-11-09 09:29:03.0
72*add vm (192.168.80.66) in stage 2*98*2018-11-09 09:29:07.0
73*28110;28;4*2*2018-11-09 09:29:20.0
74*Trying to create vm in stage 2*98*2018-11-09 09:29:21.0
75*16073;16;5*2*2018-11-09 09:29:37.0
76*46012;46;2*3*2018-11-09 09:29:48.0
77*15360;15;5*2*2018-11-09 09:29:53.0
78*add vm (192.168.80.67) in stage 3*98*2018-11-09 09:29:54.0
79*12540;12;5*2*2018-11-09 09:30:06.0
80*add vm (192.168.80.58) in stage 2*98*2018-11-09 09:30:17.0
81*12452;12;5*2*2018-11-09 09:30:19.0
82*Trying to create vm in stage 2*98*2018-11-09 09:30:19.0
83*11303;11;6*2*2018-11-09 09:30:31.0
84*42221;42;2*3*2018-11-09 09:30:31.0
85*Trying to create vm in stage 3*98*2018-11-09 09:30:33.0
86*14213;14;6*2*2018-11-09 09:30:46.0
87*11707;11;6*2*2018-11-09 09:30:58.0
88*28830;28;3*3*2018-11-09 09:31:01.0
89*add vm (192.168.80.51) in stage 2*98*2018-11-09 09:31:10.0
90*13933;13;6*2*2018-11-09 09:31:12.0
91*Trying to create vm in stage 2*98*2018-11-09 09:31:14.0
92*add vm (192.168.80.54) in stage 3*98*2018-11-09 09:31:17.0
93*9271;9;7*2*2018-11-09 09:31:22.0
94*22926;22;3*3*2018-11-09 09:31:24.0
95*Trying to create vm in stage 3*98*2018-11-09 09:31:25.0
96*13211;13;7*2*2018-11-09 09:31:36.0
97*7821;7;7*2*2018-11-09 09:31:44.0
98*19681;19;4*3*2018-11-09 09:31:45.0
99*add vm (192.168.80.55) in stage 2*98*2018-11-09 09:31:51.0
100*11395;11;7*2*2018-11-09 09:31:56.0
101*Trying to create vm in stage 2*98*2018-11-09 09:31:57.0
102*17579;17;4*3*2018-11-09 09:32:03.0
103*10904;10;8*2*2018-11-09 09:32:08.0
104*6908;6;8*2*2018-11-09 09:32:15.0
105*add vm (192.168.80.57) in stage 3*98*2018-11-09 09:32:16.0
106*14342;14;4*3*2018-11-09 09:32:18.0
107*Trying to create vm in stage 3*98*2018-11-09 09:32:19.0
108*11201;11;8*2*2018-11-09 09:32:27.0
109*13675;13;5*3*2018-11-09 09:32:32.0
110*10530;10;8*2*2018-11-09 09:32:38.0
111*11168;11;5*3*2018-11-09 09:32:44.0
112*9527;9;8*2*2018-11-09 09:32:48.0
113*add vm (192.168.80.59) in stage 2*98*2018-11-09 09:32:49.0
114*9974;9;5*3*2018-11-09 09:32:54.0
115*6198;6;8*2*2018-11-09 09:32:55.0
116*8221;8;9*2*2018-11-09 09:33:06.0
117*add vm (192.168.80.60) in stage 3*98*2018-11-09 09:33:09.0
118*Trying to create vm in stage 2*98*2018-11-09 09:33:10.0
119*13904;13;5*3*2018-11-09 09:33:11.0
120*Trying to create vm in stage 3*98*2018-11-09 09:33:13.0
121*6185;6;9*2*2018-11-09 09:33:13.0
122*7094;7;9*2*2018-11-09 09:33:21.0
123*5071;5;9*2*2018-11-09 09:33:26.0
124*16373;16;6*3*2018-11-09 09:33:29.0
125*13915;13;9*2*2018-11-09 09:33:41.0
126*15144;15;6*3*2018-11-09 09:33:45.0
127*7494;7;9*2*2018-11-09 09:33:49.0
128*3140;3;9*2*2018-11-09 09:33:52.0
129*3481;3;9*2*2018-11-09 09:33:56.0
130*add vm (192.168.80.63) in stage 2*98*2018-11-09 09:33:58.0
131*13463;13;6*3*2018-11-09 09:33:59.0
132*add vm (192.168.80.65) in stage 3*98*2018-11-09 09:33:59.0
133*7296;7;9*2*2018-11-09 09:34:04.0
134*8456;8;6*3*2018-11-09 09:34:08.0
135*Trying to create vm in stage 3*98*2018-11-09 09:34:09.0
136*4617;4;10*2*2018-11-09 09:34:10.0
137*3119;3;10*2*2018-11-09 09:34:14.0
138*2365;2;10*2*2018-11-09 09:34:16.0
139*1256;1;10*2*2018-11-09 09:34:18.0
140*1285;1;10*2*2018-11-09 09:34:20.0
141*647;0;10*2*2018-11-09 09:34:21.0
142*691;0;10*2*2018-11-09 09:34:22.0
143*14585;14;7*3*2018-11-09 09:34:23.0
144*18979;18;7*3*2018-11-09 09:34:43.0
145*add vm (192.168.80.68) in stage 3*98*2018-11-09 09:34:46.0
146*7444;7;7*3*2018-11-09 09:34:51.0
147*Trying to create vm in stage 3*98*2018-11-09 09:34:52.0
148*7178;7;8*3*2018-11-09 09:34:58.0
149*5771;5;8*3*2018-11-09 09:35:05.0
150*5937;5;8*3*2018-11-09 09:35:11.0
151*4993;4;8*3*2018-11-09 09:35:17.0
152*5072;5;8*3*2018-11-09 09:35:22.0
153*4668;4;8*3*2018-11-09 09:35:27.0
154*add vm (192.168.80.51) in stage 3*98*2018-11-09 09:35:30.0
155*4693;4;8*3*2018-11-09 09:35:32.0
156*Trying to create vm in stage 3*98*2018-11-09 09:35:35.0
157*4628;4;9*3*2018-11-09 09:35:37.0
158*4200;4;9*3*2018-11-09 09:35:42.0
159*3680;3;9*3*2018-11-09 09:35:46.0
160*4481;4;9*3*2018-11-09 09:35:51.0
161*2981;2;9*3*2018-11-09 09:35:54.0
162*2845;2;9*3*2018-11-09 09:35:58.0
163*2167;2;9*3*2018-11-09 09:36:00.0
164*2336;2;9*3*2018-11-09 09:36:03.0
165*1757;1;9*3*2018-11-09 09:36:05.0
166*1747;1;9*3*2018-11-09 09:36:07.0
167*1116;1;9*3*2018-11-09 09:36:09.0
168*1116;1;9*3*2018-11-09 09:36:10.0
169*563;0;9*3*2018-11-09 09:36:11.0
170*add vm (192.168.80.52) in stage 3*98*2018-11-09 09:36:11.0
171*1397;1;10*3*2018-11-09 09:36:13.0
172*Final time: 991*96*2018-11-09 09:36:15.0
