id*log*stage*time
1*48698;48;1*1*2018-11-06 14:26:02.0
2*16354;16;2*1*2018-11-06 14:26:19.0
3*15732;15;2*1*2018-11-06 14:26:35.0
4*add vm (192.168.80.55) in stage 1*98*2018-11-06 14:26:36.0
5*15371;15;2*1*2018-11-06 14:26:50.0
6*add vm (192.168.80.56) in stage 2*98*2018-11-06 14:26:54.0
7*9994;9;3*1*2018-11-06 14:27:01.0
8*62563;62;1*2*2018-11-06 14:27:05.0
9*9582;9;3*1*2018-11-06 14:27:11.0
10*9939;9;3*1*2018-11-06 14:27:22.0
11*21410;21;2*2*2018-11-06 14:27:27.0
12*add vm (192.168.80.57) in stage 1*98*2018-11-06 14:27:28.0
13*10184;10;3*1*2018-11-06 14:27:32.0
14*8483;8;4*1*2018-11-06 14:27:41.0
15*19684;19;2*2*2018-11-06 14:27:47.0
16*8348;8;4*1*2018-11-06 14:27:50.0
17*48537;48;1*3*2018-11-06 14:27:54.0
18*9566;9;4*1*2018-11-06 14:28:01.0
19*add vm (192.168.80.58) in stage 2*98*2018-11-06 14:28:01.0
20*20065;20;2*2*2018-11-06 14:28:08.0
21*7553;7;4*1*2018-11-06 14:28:09.0
22*add vm (192.168.80.59) in stage 3*98*2018-11-06 14:28:10.0
23*9022;9;4*1*2018-11-06 14:28:18.0
24*16553;16;3*2*2018-11-06 14:28:25.0
25*8208;8;4*1*2018-11-06 14:28:27.0
26*add vm (192.168.80.60) in stage 1*98*2018-11-06 14:28:32.0
27*8320;8;4*1*2018-11-06 14:28:36.0
28*13743;13;3*2*2018-11-06 14:28:40.0
29*45067;45;1*3*2018-11-06 14:28:40.0
30*14427;14;5*1*2018-11-06 14:28:51.0
31*14564;14;3*2*2018-11-06 14:28:55.0
32*19232;19;2*3*2018-11-06 14:29:00.0
33*8013;8;5*1*2018-11-06 14:29:00.0
34*add vm (192.168.80.61) in stage 2*98*2018-11-06 14:29:04.0
35*11456;11;3*2*2018-11-06 14:29:07.0
36*9180;9;5*1*2018-11-06 14:29:10.0
37*16521;16;2*3*2018-11-06 14:29:17.0
38*8629;8;5*1*2018-11-06 14:29:19.0
39*17357;17;4*2*2018-11-06 14:29:25.0
40*7805;7;5*1*2018-11-06 14:29:27.0
41*add vm (192.168.80.62) in stage 1*98*2018-11-06 14:29:33.0
42*16482;16;2*3*2018-11-06 14:29:34.0
43*add vm (192.168.80.63) in stage 3*98*2018-11-06 14:29:35.0
44*11053;11;4*2*2018-11-06 14:29:37.0
45*10216;10;5*1*2018-11-06 14:29:38.0
46*11386;11;4*2*2018-11-06 14:29:49.0
47*12033;12;6*1*2018-11-06 14:29:51.0
48*16999;16;2*3*2018-11-06 14:29:51.0
49*add vm (192.168.80.64) in stage 2*98*2018-11-06 14:30:01.0
50*11135;11;6*1*2018-11-06 14:30:02.0
51*14572;14;4*2*2018-11-06 14:30:04.0
52*13132;13;3*3*2018-11-06 14:30:05.0
53*11165;11;6*1*2018-11-06 14:30:14.0
54*14061;14;3*3*2018-11-06 14:30:20.0
55*15340;15;5*2*2018-11-06 14:30:20.0
56*11961;11;6*1*2018-11-06 14:30:26.0
57*9539;9;5*2*2018-11-06 14:30:30.0
58*12817;12;3*3*2018-11-06 14:30:33.0
59*add vm (192.168.80.65) in stage 1*98*2018-11-06 14:30:34.0
60*10992;10;6*1*2018-11-06 14:30:38.0
61*11244;11;5*2*2018-11-06 14:30:42.0
62*11971;11;3*3*2018-11-06 14:30:46.0
63*add vm (192.168.80.66) in stage 3*98*2018-11-06 14:30:51.0
64*14708;14;7*1*2018-11-06 14:30:53.0
65*11890;11;5*2*2018-11-06 14:30:54.0
66*10443;10;3*3*2018-11-06 14:30:57.0
67*add vm (192.168.80.67) in stage 2*98*2018-11-06 14:31:02.0
68*13962;13;7*1*2018-11-06 14:31:07.0
69*15901;15;5*2*2018-11-06 14:31:11.0
70*13484;13;4*3*2018-11-06 14:31:11.0
71*12074;12;7*1*2018-11-06 14:31:20.0
72*13165;13;4*3*2018-11-06 14:31:25.0
73*11106;11;7*1*2018-11-06 14:31:31.0
74*20733;20;6*2*2018-11-06 14:31:33.0
75*9314;9;4*3*2018-11-06 14:31:35.0
76*12793;12;6*2*2018-11-06 14:31:46.0
77*13901;13;7*1*2018-11-06 14:31:46.0
78*add vm (192.168.80.68) in stage 1*98*2018-11-06 14:31:46.0
79*add vm (192.168.80.69) in stage 3*98*2018-11-06 14:31:47.0
80*17066;17;4*3*2018-11-06 14:31:52.0
81*13403;13;6*2*2018-11-06 14:32:00.0
82*16230;16;8*1*2018-11-06 14:32:03.0
83*12524;12;5*3*2018-11-06 14:32:05.0
84*add vm (192.168.80.70) in stage 2*98*2018-11-06 14:32:11.0
85*10153;10;5*3*2018-11-06 14:32:16.0
86*16655;16;6*2*2018-11-06 14:32:17.0
87*15219;15;8*1*2018-11-06 14:32:19.0
88*13991;13;7*2*2018-11-06 14:32:32.0
89*15183;15;5*3*2018-11-06 14:32:32.0
90*15011;15;8*1*2018-11-06 14:32:34.0
91*13633;13;5*3*2018-11-06 14:32:46.0
92*13943;13;7*2*2018-11-06 14:32:46.0
93*19251;19;8*1*2018-11-06 14:32:54.0
94*add vm (192.168.80.71) in stage 3*98*2018-11-06 14:32:55.0
95*add vm (192.168.80.72) in stage 3*98*2018-11-06 14:32:58.0
96*13621;13;5*3*2018-11-06 14:33:00.0
97*13729;13;7*2*2018-11-06 14:33:01.0
98*17726;17;8*1*2018-11-06 14:33:12.0
99*13590;13;7*2*2018-11-06 14:33:15.0
100*14997;14;6*3*2018-11-06 14:33:16.0
101*16517;16;8*1*2018-11-06 14:33:29.0
102*15241;15;7*2*2018-11-06 14:33:31.0
103*15690;15;6*3*2018-11-06 14:33:32.0
104*add vm (192.168.80.73) in stage 2*98*2018-11-06 14:33:37.0
105*11921;11;6*3*2018-11-06 14:33:45.0
106*15135;15;8*1*2018-11-06 14:33:45.0
107*add vm (192.168.80.74) in stage 1*98*2018-11-06 14:33:45.0
108*rem vm (192.168.80.72) in stage 3*97*2018-11-06 14:33:46.0
109*10357;10;6*3*2018-11-06 14:33:56.0
110*rem vm (192.168.80.69) in stage 3*97*2018-11-06 14:33:57.0
111*13255;13;9*1*2018-11-06 14:33:59.0
112*32134;32;7*2*2018-11-06 14:34:04.0
113*add vm 192.168.80.72*99*2018-11-06 14:34:04.0
114*add vm (192.168.80.72) in stage 2*98*2018-11-06 14:34:06.0
115*11238;11;5*3*2018-11-06 14:34:08.0
116*15505;15;9*1*2018-11-06 14:34:15.0
117*11871;11;8*2*2018-11-06 14:34:16.0
118*10498;10;4*3*2018-11-06 14:34:19.0
119*8418;8;4*3*2018-11-06 14:34:28.0
120*12973;12;4*3*2018-11-06 14:34:41.0
121*27079;27;9*2*2018-11-06 14:34:44.0
122*add vm 192.168.80.69*99*2018-11-06 14:34:44.0
123*add vm (192.168.80.69) in stage 2*98*2018-11-06 14:34:46.0
124*add vm (192.168.80.75) in stage 3*98*2018-11-06 14:34:49.0
125*10552;10;9*2*2018-11-06 14:34:55.0
126*12443;12;4*3*2018-11-06 14:34:58.0
127*12169;12;10*2*2018-11-06 14:35:08.0
128*10404;10;5*3*2018-11-06 14:35:09.0
129*10411;10;5*3*2018-11-06 14:35:20.0
130*11472;11;10*2*2018-11-06 14:35:20.0
131*9811;9;5*3*2018-11-06 14:35:30.0
132*13049;13;10*2*2018-11-06 14:35:33.0
133*8770;8;5*3*2018-11-06 14:35:44.0
134*10533;10;10*2*2018-11-06 14:35:44.0
135*add vm (192.168.80.51) in stage 3*98*2018-11-06 14:35:53.0
136*9872;9;5*3*2018-11-06 14:35:55.0
137*10872;10;10*2*2018-11-06 14:35:56.0
138*10904;10;6*3*2018-11-06 14:36:08.0
139*11606;11;10*2*2018-11-06 14:36:08.0
140*10398;10;6*3*2018-11-06 14:36:18.0
141*11058;11;10*2*2018-11-06 14:36:19.0
142*9784;9;6*3*2018-11-06 14:36:30.0
143*11669;11;10*2*2018-11-06 14:36:31.0
144*add vm (192.168.80.54) in stage 3*98*2018-11-06 14:36:35.0
145*10935;10;10*2*2018-11-06 14:36:43.0
146*10515;10;6*3*2018-11-06 14:36:43.0
147*10002;10;7*3*2018-11-06 14:36:53.0
148*12142;12;10*2*2018-11-06 14:36:55.0
149*6730;6;7*3*2018-11-06 14:37:03.0
150*Final time: 712*96*2018-11-06 14:37:04.0
