id*log*stage*time
1*49168;49;1*1*2018-11-06 14:10:54.0
2*16394;16;2*1*2018-11-06 14:11:11.0
3*15733;15;2*1*2018-11-06 14:11:27.0
4*add vm (192.168.80.55) in stage 1*98*2018-11-06 14:11:30.0
5*15493;15;2*1*2018-11-06 14:11:43.0
6*add vm (192.168.80.56) in stage 2*98*2018-11-06 14:11:47.0
7*9835;9;3*1*2018-11-06 14:11:53.0
8*62214;62;1*2*2018-11-06 14:11:57.0
9*9541;9;3*1*2018-11-06 14:12:03.0
10*10327;10;3*1*2018-11-06 14:12:14.0
11*22018;22;2*2*2018-11-06 14:12:19.0
12*10800;10;3*1*2018-11-06 14:12:25.0
13*add vm (192.168.80.57) in stage 1*98*2018-11-06 14:12:31.0
14*9352;9;3*1*2018-11-06 14:12:35.0
15*19232;19;2*2*2018-11-06 14:12:39.0
16*9113;9;4*1*2018-11-06 14:12:45.0
17*49833;49;1*3*2018-11-06 14:12:48.0
18*8038;8;4*1*2018-11-06 14:12:53.0
19*add vm (192.168.80.58) in stage 2*98*2018-11-06 14:12:55.0
20*19294;19;2*2*2018-11-06 14:12:59.0
21*add vm (192.168.80.59) in stage 3*98*2018-11-06 14:13:00.0
22*8051;8;4*1*2018-11-06 14:13:01.0
23*8137;8;4*1*2018-11-06 14:13:10.0
24*13455;13;3*2*2018-11-06 14:13:13.0
25*8930;8;4*1*2018-11-06 14:13:19.0
26*11784;11;3*2*2018-11-06 14:13:25.0
27*add vm (192.168.80.60) in stage 1*98*2018-11-06 14:13:28.0
28*8127;8;4*1*2018-11-06 14:13:28.0
29*44590;44;1*3*2018-11-06 14:13:33.0
30*11685;11;3*2*2018-11-06 14:13:37.0
31*10785;10;5*1*2018-11-06 14:13:40.0
32*7818;7;5*1*2018-11-06 14:13:48.0
33*12374;12;3*2*2018-11-06 14:13:50.0
34*add vm (192.168.80.61) in stage 2*98*2018-11-06 14:13:53.0
35*19807;19;2*3*2018-11-06 14:13:54.0
36*9341;9;5*1*2018-11-06 14:13:58.0
37*7253;7;5*1*2018-11-06 14:14:05.0
38*14875;14;3*2*2018-11-06 14:14:06.0
39*19326;19;2*3*2018-11-06 14:14:13.0
40*10633;10;5*1*2018-11-06 14:14:17.0
41*14438;14;4*2*2018-11-06 14:14:21.0
42*7749;7;5*1*2018-11-06 14:14:25.0
43*add vm (192.168.80.62) in stage 1*98*2018-11-06 14:14:27.0
44*add vm (192.168.80.63) in stage 3*98*2018-11-06 14:14:27.0
45*15155;15;2*3*2018-11-06 14:14:29.0
46*9637;9;4*2*2018-11-06 14:14:31.0
47*11023;11;5*1*2018-11-06 14:14:36.0
48*12463;12;3*3*2018-11-06 14:14:42.0
49*8945;8;6*1*2018-11-06 14:14:46.0
50*15389;15;4*2*2018-11-06 14:14:48.0
51*13254;13;3*3*2018-11-06 14:14:56.0
52*11997;11;4*2*2018-11-06 14:15:00.0
53*16116;16;6*1*2018-11-06 14:15:03.0
54*12264;12;3*3*2018-11-06 14:15:09.0
55*add vm (192.168.80.64) in stage 2*98*2018-11-06 14:15:11.0
56*11398;11;4*2*2018-11-06 14:15:12.0
57*11758;11;6*1*2018-11-06 14:15:15.0
58*add vm (192.168.80.65) in stage 3*98*2018-11-06 14:15:20.0
59*12088;12;3*3*2018-11-06 14:15:21.0
60*8778;8;6*1*2018-11-06 14:15:24.0
61*12839;12;5*2*2018-11-06 14:15:25.0
62*add vm (192.168.80.66) in stage 1*98*2018-11-06 14:15:26.0
63*9207;9;5*2*2018-11-06 14:15:35.0
64*11999;11;6*1*2018-11-06 14:15:36.0
65*17117;17;4*3*2018-11-06 14:15:39.0
66*11553;11;5*2*2018-11-06 14:15:47.0
67*12110;12;4*3*2018-11-06 14:15:52.0
68*7660;7;5*2*2018-11-06 14:15:55.0
69*add vm (192.168.80.67) in stage 2*98*2018-11-06 14:15:58.0
70*23004;23;7*1*2018-11-06 14:16:00.0
71*10736;10;4*3*2018-11-06 14:16:04.0
72*9413;9;5*2*2018-11-06 14:16:05.0
73*add vm (192.168.80.68) in stage 3*98*2018-11-06 14:16:06.0
74*8400;8;4*3*2018-11-06 14:16:13.0
75*16388;16;7*1*2018-11-06 14:16:17.0
76*14139;14;6*2*2018-11-06 14:16:20.0
77*12494;12;7*1*2018-11-06 14:16:30.0
78*11646;11;6*2*2018-11-06 14:16:32.0
79*20719;20;5*3*2018-11-06 14:16:34.0
80*add vm (192.168.80.69) in stage 1*98*2018-11-06 14:16:41.0
81*10639;10;7*1*2018-11-06 14:16:41.0
82*13292;13;5*3*2018-11-06 14:16:48.0
83*17043;17;6*2*2018-11-06 14:16:50.0
84*13316;13;8*1*2018-11-06 14:16:55.0
85*12396;12;5*3*2018-11-06 14:17:01.0
86*15455;15;6*2*2018-11-06 14:17:06.0
87*add vm (192.168.80.70) in stage 2*98*2018-11-06 14:17:11.0
88*13049;13;5*3*2018-11-06 14:17:15.0
89*19225;19;8*1*2018-11-06 14:17:15.0
90*add vm (192.168.80.71) in stage 3*98*2018-11-06 14:17:16.0
91*12174;12;6*2*2018-11-06 14:17:19.0
92*12046;12;5*3*2018-11-06 14:17:27.0
93*15561;15;8*1*2018-11-06 14:17:31.0
94*15336;15;7*2*2018-11-06 14:17:35.0
95*13310;13;8*1*2018-11-06 14:17:45.0
96*17628;17;6*3*2018-11-06 14:17:46.0
97*10166;10;8*1*2018-11-06 14:17:56.0
98*11990;11;6*3*2018-11-06 14:17:58.0
99*22492;22;7*2*2018-11-06 14:18:01.0
100*add vm (192.168.80.72) in stage 1*98*2018-11-06 14:18:01.0
101*add vm (192.168.80.73) in stage 2*98*2018-11-06 14:18:05.0
102*11765;11;6*3*2018-11-06 14:18:10.0
103*15319;15;8*1*2018-11-06 14:18:11.0
104*11365;11;7*2*2018-11-06 14:18:13.0
105*add vm (192.168.80.74) in stage 3*98*2018-11-06 14:18:25.0
106*13712;13;9*1*2018-11-06 14:18:26.0
107*17062;17;6*3*2018-11-06 14:18:28.0
108*24767;24;8*2*2018-11-06 14:18:38.0
109*12311;12;9*1*2018-11-06 14:18:39.0
110*23209;23;7*3*2018-11-06 14:18:52.0
111*13165;13;8*2*2018-11-06 14:18:52.0
112*13276;13;9*1*2018-11-06 14:18:52.0
113*add vm (192.168.80.75) in stage 1*98*2018-11-06 14:19:05.0
114*15662;15;8*2*2018-11-06 14:19:08.0
115*add vm (192.168.80.76) in stage 3*98*2018-11-06 14:19:10.0
116*25800;25;7*3*2018-11-06 14:19:18.0
117*18228;18;8*2*2018-11-06 14:19:27.0
118*7389;7;8*2*2018-11-06 14:19:35.0
119*16179;16;8*3*2018-11-06 14:19:36.0
120*add vm (192.168.80.77) in stage 2*98*2018-11-06 14:19:36.0
121*11739;11;8*3*2018-11-06 14:19:48.0
122*12482;12;8*2*2018-11-06 14:19:48.0
123*10590;10;8*3*2018-11-06 14:19:59.0
124*16257;16;9*2*2018-11-06 14:20:05.0
125*7426;7;8*3*2018-11-06 14:20:07.0
126*add vm (192.168.80.78) in stage 3*98*2018-11-06 14:20:15.0
127*10259;10;8*3*2018-11-06 14:20:18.0
128*12489;12;9*2*2018-11-06 14:20:18.0
129*9786;9;9*3*2018-11-06 14:20:28.0
130*rem vm (192.168.80.78) in stage 3*97*2018-11-06 14:20:30.0
131*15998;15;9*2*2018-11-06 14:20:35.0
132*11323;11;9*3*2018-11-06 14:20:40.0
133*7047;7;9*2*2018-11-06 14:20:42.0
134*add vm 192.168.80.78*99*2018-11-06 14:20:51.0
135*9094;9;9*2*2018-11-06 14:20:52.0
136*add vm (192.168.80.51) in stage 2*98*2018-11-06 14:20:52.0
137*16954;16;8*3*2018-11-06 14:20:58.0
138*add vm (192.168.80.78) in stage 3*98*2018-11-06 14:21:00.0
139*10338;10;9*2*2018-11-06 14:21:03.0
140*9577;9;8*3*2018-11-06 14:21:08.0
141*6871;6;9*3*2018-11-06 14:21:15.0
142*14215;14;10*2*2018-11-06 14:21:18.0
143*22496;22;9*3*2018-11-06 14:21:38.0
144*6291;6;9*3*2018-11-06 14:21:45.0
145*6252;6;9*3*2018-11-06 14:21:52.0
146*add vm (192.168.80.54) in stage 3*98*2018-11-06 14:21:56.0
147*6190;6;9*3*2018-11-06 14:21:58.0
148*6825;6;10*3*2018-11-06 14:22:06.0
149*6765;6;10*3*2018-11-06 14:22:13.0
150*Final time: 731*96*2018-11-06 14:22:15.0
