id*log*stage*time
1*48938;48;1*1*2018-11-06 15:09:21.0
2*17041;17;2*1*2018-11-06 15:09:38.0
3*15679;15;2*1*2018-11-06 15:09:54.0
4*add vm (192.168.80.55) in stage 1*98*2018-11-06 15:09:56.0
5*15465;15;2*1*2018-11-06 15:10:10.0
6*add vm (192.168.80.56) in stage 2*98*2018-11-06 15:10:16.0
7*9780;9;3*1*2018-11-06 15:10:21.0
8*62593;62;1*2*2018-11-06 15:10:24.0
9*9461;9;3*1*2018-11-06 15:10:30.0
10*9952;9;3*1*2018-11-06 15:10:41.0
11*21289;21;2*2*2018-11-06 15:10:46.0
12*9853;9;3*1*2018-11-06 15:10:51.0
13*add vm (192.168.80.57) in stage 1*98*2018-11-06 15:10:55.0
14*9566;9;3*1*2018-11-06 15:11:01.0
15*19261;19;2*2*2018-11-06 15:11:06.0
16*12895;12;4*1*2018-11-06 15:11:15.0
17*51120;51;1*3*2018-11-06 15:11:17.0
18*add vm (192.168.80.58) in stage 2*98*2018-11-06 15:11:20.0
19*8725;8;4*1*2018-11-06 15:11:24.0
20*19674;19;2*2*2018-11-06 15:11:26.0
21*add vm (192.168.80.59) in stage 3*98*2018-11-06 15:11:30.0
22*10782;10;4*1*2018-11-06 15:11:35.0
23*11742;11;3*2*2018-11-06 15:11:39.0
24*8369;8;4*1*2018-11-06 15:11:44.0
25*11240;11;3*2*2018-11-06 15:11:51.0
26*8328;8;4*1*2018-11-06 15:11:53.0
27*add vm (192.168.80.60) in stage 1*98*2018-11-06 15:11:56.0
28*9225;9;4*1*2018-11-06 15:12:02.0
29*12870;12;3*2*2018-11-06 15:12:04.0
30*48858;48;1*3*2018-11-06 15:12:09.0
31*9261;9;5*1*2018-11-06 15:12:13.0
32*add vm (192.168.80.61) in stage 2*98*2018-11-06 15:12:18.0
33*13551;13;3*2*2018-11-06 15:12:18.0
34*7891;7;5*1*2018-11-06 15:12:21.0
35*15949;15;2*3*2018-11-06 15:12:25.0
36*10558;10;5*1*2018-11-06 15:12:32.0
37*16661;16;4*2*2018-11-06 15:12:35.0
38*15346;15;2*3*2018-11-06 15:12:41.0
39*9108;9;5*1*2018-11-06 15:12:42.0
40*11734;11;4*2*2018-11-06 15:12:48.0
41*9857;9;5*1*2018-11-06 15:12:52.0
42*10814;10;4*2*2018-11-06 15:12:59.0
43*17788;17;2*3*2018-11-06 15:12:59.0
44*7841;7;5*1*2018-11-06 15:13:00.0
45*add vm (192.168.80.62) in stage 1*98*2018-11-06 15:13:04.0
46*add vm (192.168.80.63) in stage 3*98*2018-11-06 15:13:04.0
47*10323;10;5*1*2018-11-06 15:13:11.0
48*12265;12;4*2*2018-11-06 15:13:12.0
49*add vm (192.168.80.64) in stage 2*98*2018-11-06 15:13:14.0
50*20438;20;2*3*2018-11-06 15:13:20.0
51*10432;10;6*1*2018-11-06 15:13:23.0
52*12592;12;4*2*2018-11-06 15:13:25.0
53*13031;13;3*3*2018-11-06 15:13:34.0
54*12678;12;6*1*2018-11-06 15:13:36.0
55*13550;13;5*2*2018-11-06 15:13:39.0
56*11316;11;6*1*2018-11-06 15:13:49.0
57*14361;14;3*3*2018-11-06 15:13:49.0
58*12023;12;5*2*2018-11-06 15:13:52.0
59*add vm (192.168.80.65) in stage 1*98*2018-11-06 15:13:53.0
60*12323;12;6*1*2018-11-06 15:14:01.0
61*14842;14;3*3*2018-11-06 15:14:04.0
62*11071;11;7*1*2018-11-06 15:14:13.0
63*9472;9;3*3*2018-11-06 15:14:14.0
64*24003;24;5*2*2018-11-06 15:14:16.0
65*12105;12;7*1*2018-11-06 15:14:26.0
66*add vm (192.168.80.66) in stage 3*98*2018-11-06 15:14:27.0
67*add vm (192.168.80.67) in stage 3*98*2018-11-06 15:14:28.0
68*add vm (192.168.80.68) in stage 2*98*2018-11-06 15:14:28.0
69*14915;14;3*3*2018-11-06 15:14:29.0
70*13339;13;5*2*2018-11-06 15:14:30.0
71*13133;13;7*1*2018-11-06 15:14:40.0
72*12406;12;4*3*2018-11-06 15:14:43.0
73*12174;12;6*2*2018-11-06 15:14:43.0
74*14831;14;7*1*2018-11-06 15:14:55.0
75*13652;13;6*2*2018-11-06 15:14:57.0
76*17054;17;4*3*2018-11-06 15:15:00.0
77*7893;7;6*2*2018-11-06 15:15:06.0
78*12261;12;4*3*2018-11-06 15:15:13.0
79*add vm (192.168.80.69) in stage 1*98*2018-11-06 15:15:13.0
80*19730;19;7*1*2018-11-06 15:15:15.0
81*10364;10;4*3*2018-11-06 15:15:24.0
82*18720;18;6*2*2018-11-06 15:15:25.0
83*10763;10;8*1*2018-11-06 15:15:27.0
84*add vm (192.168.80.70) in stage 3*98*2018-11-06 15:15:29.0
85*add vm (192.168.80.71) in stage 2*98*2018-11-06 15:15:31.0
86*9934;9;4*3*2018-11-06 15:15:35.0
87*14975;14;8*1*2018-11-06 15:15:42.0
88*16024;16;6*2*2018-11-06 15:15:42.0
89*11552;11;5*3*2018-11-06 15:15:47.0
90*9926;9;5*3*2018-11-06 15:15:57.0
91*15441;15;8*1*2018-11-06 15:15:58.0
92*17360;17;7*2*2018-11-06 15:16:00.0
93*add vm (192.168.80.72) in stage 1*98*2018-11-06 15:16:06.0
94*13059;13;5*3*2018-11-06 15:16:11.0
95*17204;17;8*1*2018-11-06 15:16:16.0
96*15498;15;7*2*2018-11-06 15:16:16.0
97*7842;7;5*3*2018-11-06 15:16:19.0
98*14377;14;9*1*2018-11-06 15:16:32.0
99*15226;15;7*2*2018-11-06 15:16:32.0
100*add vm (192.168.80.73) in stage 3*98*2018-11-06 15:16:33.0
101*15641;15;5*3*2018-11-06 15:16:35.0
102*12993;12;9*1*2018-11-06 15:16:45.0
103*rem vm (192.168.80.72) in stage 1*97*2018-11-06 15:16:47.0
104*10701;10;6*3*2018-11-06 15:16:47.0
105*20302;20;7*2*2018-11-06 15:16:53.0
106*14857;14;6*3*2018-11-06 15:17:02.0
107*19371;19;9*1*2018-11-06 15:17:05.0
108*13468;13;7*2*2018-11-06 15:17:07.0
109*16119;16;6*3*2018-11-06 15:17:19.0
110*add vm 192.168.80.72*99*2018-11-06 15:17:22.0
111*7365;7;6*3*2018-11-06 15:17:27.0
112*20497;20;8*1*2018-11-06 15:17:28.0
113*add vm (192.168.80.72) in stage 1*98*2018-11-06 15:17:30.0
114*add vm (192.168.80.74) in stage 2*98*2018-11-06 15:17:33.0
115*9234;9;6*3*2018-11-06 15:17:36.0
116*13381;13;8*1*2018-11-06 15:17:42.0
117*7318;7;6*3*2018-11-06 15:17:44.0
118*41334;41;7*2*2018-11-06 15:17:51.0
119*add vm (192.168.80.69) in stage 2*98*2018-11-06 15:17:53.0
120*10758;10;6*3*2018-11-06 15:18:04.0
121*13719;13;8*2*2018-11-06 15:18:06.0
122*9102;9;6*3*2018-11-06 15:18:16.0
123*11571;11;9*2*2018-11-06 15:18:18.0
124*8450;8;6*3*2018-11-06 15:18:28.0
125*11083;11;9*2*2018-11-06 15:18:30.0
126*8074;8;6*3*2018-11-06 15:18:39.0
127*11107;11;9*2*2018-11-06 15:18:41.0
128*10883;10;6*3*2018-11-06 15:18:53.0
129*10863;10;9*2*2018-11-06 15:18:53.0
130*9418;9;6*3*2018-11-06 15:19:03.0
131*11397;11;9*2*2018-11-06 15:19:05.0
132*8101;8;6*3*2018-11-06 15:19:13.0
133*10959;10;9*2*2018-11-06 15:19:16.0
134*9995;9;9*2*2018-11-06 15:19:27.0
135*10637;10;6*3*2018-11-06 15:19:28.0
136*10532;10;9*2*2018-11-06 15:19:38.0
137*9995;9;6*3*2018-11-06 15:19:39.0
138*8935;8;6*3*2018-11-06 15:19:49.0
139*10855;10;9*2*2018-11-06 15:19:49.0
140*8554;8;6*3*2018-11-06 15:19:59.0
141*10092;10;9*2*2018-11-06 15:20:00.0
142*9219;9;6*3*2018-11-06 15:20:09.0
143*11140;11;9*2*2018-11-06 15:20:11.0
144*19218;19;6*3*2018-11-06 15:20:31.0
145*Final time: 722*96*2018-11-06 15:20:33.0
146*add vm (192.168.80.51) in stage 3*98*2018-11-06 15:20:54.0
