id*log*stage*time
1*49187;49;1*1*2018-11-06 14:55:23.0
2*16657;16;2*1*2018-11-06 14:55:40.0
3*15681;15;2*1*2018-11-06 14:55:56.0
4*add vm (192.168.80.55) in stage 1*98*2018-11-06 14:55:59.0
5*15430;15;2*1*2018-11-06 14:56:12.0
6*10248;10;3*1*2018-11-06 14:56:24.0
7*add vm (192.168.80.56) in stage 2*98*2018-11-06 14:56:24.0
8*64191;64;1*2*2018-11-06 14:56:28.0
9*10535;10;3*1*2018-11-06 14:56:35.0
10*10005;10;3*1*2018-11-06 14:56:46.0
11*22069;22;2*2*2018-11-06 14:56:52.0
12*10777;10;3*1*2018-11-06 14:56:57.0
13*add vm (192.168.80.57) in stage 1*98*2018-11-06 14:57:05.0
14*12949;12;3*1*2018-11-06 14:57:11.0
15*19075;19;2*2*2018-11-06 14:57:11.0
16*50452;50;1*3*2018-11-06 14:57:20.0
17*13069;13;4*1*2018-11-06 14:57:25.0
18*add vm (192.168.80.58) in stage 2*98*2018-11-06 14:57:31.0
19*20498;20;2*2*2018-11-06 14:57:32.0
20*8192;8;4*1*2018-11-06 14:57:34.0
21*add vm (192.168.80.59) in stage 3*98*2018-11-06 14:57:38.0
22*8651;8;4*1*2018-11-06 14:57:43.0
23*12593;12;3*2*2018-11-06 14:57:45.0
24*10374;10;4*1*2018-11-06 14:57:54.0
25*11148;11;3*2*2018-11-06 14:57:57.0
26*8587;8;4*1*2018-11-06 14:58:03.0
27*add vm (192.168.80.60) in stage 1*98*2018-11-06 14:58:05.0
28*46806;46;1*3*2018-11-06 14:58:07.0
29*8646;8;4*1*2018-11-06 14:58:12.0
30*14110;14;3*2*2018-11-06 14:58:12.0
31*10303;10;5*1*2018-11-06 14:58:23.0
32*17793;17;2*3*2018-11-06 14:58:26.0
33*14877;14;3*2*2018-11-06 14:58:27.0
34*add vm (192.168.80.61) in stage 2*98*2018-11-06 14:58:29.0
35*10078;10;5*1*2018-11-06 14:58:33.0
36*6900;6;5*1*2018-11-06 14:58:40.0
37*14609;14;3*2*2018-11-06 14:58:42.0
38*19445;19;2*3*2018-11-06 14:58:45.0
39*13045;13;5*1*2018-11-06 14:58:54.0
40*15920;15;4*2*2018-11-06 14:58:59.0
41*7390;7;5*1*2018-11-06 14:59:02.0
42*20338;20;2*3*2018-11-06 14:59:06.0
43*11344;11;4*2*2018-11-06 14:59:11.0
44*add vm (192.168.80.63) in stage 1*98*2018-11-06 14:59:13.0
45*10699;10;5*1*2018-11-06 14:59:13.0
46*add vm (192.168.80.62) in stage 3*98*2018-11-06 14:59:13.0
47*10736;10;4*2*2018-11-06 14:59:22.0
48*9523;9;6*1*2018-11-06 14:59:23.0
49*17799;17;2*3*2018-11-06 14:59:25.0
50*12212;12;4*2*2018-11-06 14:59:34.0
51*12962;12;6*1*2018-11-06 14:59:37.0
52*16149;16;3*3*2018-11-06 14:59:42.0
53*10829;10;4*2*2018-11-06 14:59:46.0
54*12610;12;6*1*2018-11-06 14:59:50.0
55*9829;9;3*3*2018-11-06 14:59:52.0
56*10134;10;4*2*2018-11-06 14:59:56.0
57*add vm (192.168.80.64) in stage 2*98*2018-11-06 14:59:58.0
58*14564;14;6*1*2018-11-06 15:00:05.0
59*11922;11;3*3*2018-11-06 15:00:05.0
60*10991;10;4*2*2018-11-06 15:00:08.0
61*11328;11;6*1*2018-11-06 15:00:16.0
62*add vm (192.168.80.65) in stage 1*98*2018-11-06 15:00:17.0
63*13442;13;3*3*2018-11-06 15:00:19.0
64*12462;12;5*2*2018-11-06 15:00:21.0
65*add vm (192.168.80.66) in stage 3*98*2018-11-06 15:00:26.0
66*9391;9;5*2*2018-11-06 15:00:31.0
67*11574;11;3*3*2018-11-06 15:00:31.0
68*14685;14;6*1*2018-11-06 15:00:31.0
69*12397;12;7*1*2018-11-06 15:00:45.0
70*12992;12;4*3*2018-11-06 15:00:45.0
71*20778;20;5*2*2018-11-06 15:00:52.0
72*add vm (192.168.80.67) in stage 2*98*2018-11-06 15:00:53.0
73*9886;9;4*3*2018-11-06 15:00:55.0
74*16239;16;7*1*2018-11-06 15:01:01.0
75*11300;11;6*2*2018-11-06 15:01:05.0
76*10108;10;4*3*2018-11-06 15:01:06.0
77*13341;13;7*1*2018-11-06 15:01:15.0
78*13023;13;6*2*2018-11-06 15:01:18.0
79*13394;13;4*3*2018-11-06 15:01:20.0
80*13669;13;7*1*2018-11-06 15:01:30.0
81*11034;11;6*2*2018-11-06 15:01:30.0
82*18862;18;4*3*2018-11-06 15:01:40.0
83*11469;11;7*1*2018-11-06 15:01:42.0
84*add vm (192.168.80.68) in stage 3*98*2018-11-06 15:01:43.0
85*add vm (192.168.80.69) in stage 1*98*2018-11-06 15:01:44.0
86*12955;12;6*2*2018-11-06 15:01:44.0
87*9843;9;4*3*2018-11-06 15:01:50.0
88*9889;9;7*1*2018-11-06 15:01:53.0
89*add vm (192.168.80.70) in stage 2*98*2018-11-06 15:01:53.0
90*17930;17;6*2*2018-11-06 15:02:03.0
91*12509;12;5*3*2018-11-06 15:02:04.0
92*18413;18;8*1*2018-11-06 15:02:12.0
93*9192;9;5*3*2018-11-06 15:02:13.0
94*12008;12;7*2*2018-11-06 15:02:15.0
95*10960;10;5*3*2018-11-06 15:02:25.0
96*16800;16;8*1*2018-11-06 15:02:30.0
97*add vm (192.168.80.71) in stage 3*98*2018-11-06 15:02:31.0
98*17438;17;7*2*2018-11-06 15:02:33.0
99*11988;11;5*3*2018-11-06 15:02:37.0
100*14861;14;8*1*2018-11-06 15:02:45.0
101*16914;16;7*2*2018-11-06 15:02:51.0
102*13514;13;6*3*2018-11-06 15:02:52.0
103*11247;11;7*2*2018-11-06 15:03:02.0
104*add vm (192.168.80.72) in stage 2*98*2018-11-06 15:03:02.0
105*17677;17;8*1*2018-11-06 15:03:04.0
106*12249;12;8*2*2018-11-06 15:03:15.0
107*23072;23;6*3*2018-11-06 15:03:16.0
108*13314;13;8*1*2018-11-06 15:03:18.0
109*add vm (192.168.80.73) in stage 1*98*2018-11-06 15:03:25.0
110*15529;15;6*3*2018-11-06 15:03:32.0
111*14205;14;8*1*2018-11-06 15:03:32.0
112*18264;18;8*2*2018-11-06 15:03:34.0
113*15348;15;6*3*2018-11-06 15:03:48.0
114*13802;13;8*2*2018-11-06 15:03:49.0
115*15471;15;9*1*2018-11-06 15:03:49.0
116*10718;10;6*3*2018-11-06 15:03:59.0
117*11694;11;8*2*2018-11-06 15:04:01.0
118*9464;9;6*3*2018-11-06 15:04:09.0
119*add vm (192.168.80.74) in stage 2*98*2018-11-06 15:04:17.0
120*add vm (192.168.80.75) in stage 3*98*2018-11-06 15:04:17.0
121*21120;21;8*2*2018-11-06 15:04:23.0
122*19529;19;6*3*2018-11-06 15:04:29.0
123*14705;14;9*2*2018-11-06 15:04:38.0
124*13222;13;7*3*2018-11-06 15:04:43.0
125*11034;11;9*2*2018-11-06 15:04:50.0
126*10686;10;7*3*2018-11-06 15:04:55.0
127*11030;11;9*2*2018-11-06 15:05:01.0
128*add vm (192.168.80.76) in stage 2*98*2018-11-06 15:05:04.0
129*11737;11;7*3*2018-11-06 15:05:07.0
130*11511;11;9*2*2018-11-06 15:05:13.0
131*7035;7;7*3*2018-11-06 15:05:14.0
132*9964;9;7*3*2018-11-06 15:05:25.0
133*12563;12;10*2*2018-11-06 15:05:26.0
134*8176;8;7*3*2018-11-06 15:05:34.0
135*14872;14;10*2*2018-11-06 15:05:42.0
136*7762;7;7*3*2018-11-06 15:05:42.0
137*8743;8;7*3*2018-11-06 15:05:51.0
138*15530;15;10*2*2018-11-06 15:05:58.0
139*6921;6;7*3*2018-11-06 15:05:59.0
140*17426;17;7*3*2018-11-06 15:06:16.0
141*add vm (192.168.80.51) in stage 3*98*2018-11-06 15:06:19.0
142*8226;8;7*3*2018-11-06 15:06:25.0
143*rem vm (192.168.80.51) in stage 3*97*2018-11-06 15:06:26.0
144*6380;6;8*3*2018-11-06 15:06:32.0
145*Final time: 721*96*2018-11-06 15:06:34.0
