id*log*stage*time
1*1042;1;1*1*2018-11-08 12:25:01.0
2*1968;1;1*2*2018-11-08 12:25:01.0
3*1111;1;1*2*2018-11-08 12:25:03.0
4*1770;1;1*3*2018-11-08 12:25:04.0
5*2960;2;1*1*2018-11-08 12:25:04.0
6*Trying to create vm in stage 1*98*2018-11-08 12:25:04.0
7*1005;1;1*3*2018-11-08 12:25:05.0
8*Trying to create vm in stage 2*98*2018-11-08 12:25:06.0
9*3292;3;1*1*2018-11-08 12:25:08.0
10*4062;4;1*2*2018-11-08 12:25:09.0
11*Trying to create vm in stage 3*98*2018-11-08 12:25:09.0
12*2630;2;1*3*2018-11-08 12:25:12.0
13*3680;3;1*2*2018-11-08 12:25:13.0
14*6114;6;1*1*2018-11-08 12:25:14.0
15*2837;2;1*3*2018-11-08 12:25:16.0
16*6078;6;1*1*2018-11-08 12:25:21.0
17*7190;7;1*2*2018-11-08 12:25:22.0
18*5658;5;1*3*2018-11-08 12:25:29.0
19*8018;8;1*2*2018-11-08 12:25:31.0
20*9801;9;1*1*2018-11-08 12:25:31.0
21*5890;5;1*3*2018-11-08 12:25:37.0
22*9369;9;1*1*2018-11-08 12:25:41.0
23*11330;11;1*2*2018-11-08 12:25:43.0
24*add vm (192.168.80.54) in stage 1*98*2018-11-08 12:25:43.0
25*add vm (192.168.80.55) in stage 2*98*2018-11-08 12:25:46.0
26*8266;8;1*3*2018-11-08 12:25:51.0
27*10805;10;1*2*2018-11-08 12:25:54.0
28*13456;13;1*1*2018-11-08 12:25:55.0
29*Trying to create vm in stage 1*98*2018-11-08 12:25:57.0
30*Trying to create vm in stage 2*98*2018-11-08 12:25:58.0
31*add vm (192.168.80.56) in stage 3*98*2018-11-08 12:26:02.0
32*5939;5;2*1*2018-11-08 12:26:02.0
33*8762;8;1*3*2018-11-08 12:26:04.0
34*7254;7;2*2*2018-11-08 12:26:04.0
35*Trying to create vm in stage 3*98*2018-11-08 12:26:05.0
36*7521;7;2*1*2018-11-08 12:26:10.0
37*6663;6;2*3*2018-11-08 12:26:12.0
38*7415;7;2*2*2018-11-08 12:26:12.0
39*7852;7;2*1*2018-11-08 12:26:19.0
40*5151;5;2*3*2018-11-08 12:26:19.0
41*8594;8;2*2*2018-11-08 12:26:21.0
42*8819;8;2*1*2018-11-08 12:26:28.0
43*7284;7;2*3*2018-11-08 12:26:30.0
44*8811;8;2*2*2018-11-08 12:26:31.0
45*9840;9;2*1*2018-11-08 12:26:38.0
46*6903;6;2*3*2018-11-08 12:26:38.0
47*10898;10;2*2*2018-11-08 12:26:42.0
48*10862;10;2*1*2018-11-08 12:26:50.0
49*9339;9;2*3*2018-11-08 12:26:52.0
50*11155;11;2*2*2018-11-08 12:26:53.0
51*add vm (192.168.80.57) in stage 1*98*2018-11-08 12:26:54.0
52*add vm (192.168.80.58) in stage 2*98*2018-11-08 12:26:55.0
53*add vm (192.168.80.59) in stage 3*98*2018-11-08 12:27:02.0
54*11577;11;2*1*2018-11-08 12:27:03.0
55*9154;9;2*3*2018-11-08 12:27:03.0
56*Trying to create vm in stage 1*98*2018-11-08 12:27:04.0
57*13890;13;2*2*2018-11-08 12:27:08.0
58*Trying to create vm in stage 2*98*2018-11-08 12:27:09.0
59*9250;9;3*1*2018-11-08 12:27:13.0
60*8896;8;3*2*2018-11-08 12:27:17.0
61*8849;8;3*3*2018-11-08 12:27:18.0
62*Trying to create vm in stage 3*98*2018-11-08 12:27:18.0
63*12087;12;3*1*2018-11-08 12:27:25.0
64*7790;7;3*3*2018-11-08 12:27:26.0
65*15494;15;3*2*2018-11-08 12:27:33.0
66*12632;12;3*1*2018-11-08 12:27:38.0
67*8919;8;3*3*2018-11-08 12:27:43.0
68*10943;10;3*2*2018-11-08 12:27:45.0
69*add vm (192.168.80.60) in stage 1*98*2018-11-08 12:27:45.0
70*add vm (192.168.80.61) in stage 2*98*2018-11-08 12:27:50.0
71*11079;11;3*1*2018-11-08 12:27:50.0
72*Trying to create vm in stage 1*98*2018-11-08 12:27:52.0
73*9208;9;3*3*2018-11-08 12:27:55.0
74*12630;12;3*2*2018-11-08 12:27:58.0
75*Trying to create vm in stage 2*98*2018-11-08 12:27:59.0
76*9860;9;4*1*2018-11-08 12:28:01.0
77*11581;11;3*3*2018-11-08 12:28:10.0
78*11519;11;4*1*2018-11-08 12:28:13.0
79*14320;14;4*2*2018-11-08 12:28:13.0
80*add vm (192.168.80.62) in stage 3*98*2018-11-08 12:28:15.0
81*12761;12;3*3*2018-11-08 12:28:26.0
82*13595;13;4*1*2018-11-08 12:28:27.0
83*14321;14;4*2*2018-11-08 12:28:28.0
84*Trying to create vm in stage 3*98*2018-11-08 12:28:29.0
85*14417;14;4*2*2018-11-08 12:28:43.0
86*15684;15;4*1*2018-11-08 12:28:43.0
87*16137;16;4*3*2018-11-08 12:28:45.0
88*add vm (192.168.80.63) in stage 1*98*2018-11-08 12:28:49.0
89*add vm (192.168.80.64) in stage 2*98*2018-11-08 12:28:57.0
90*11872;11;4*3*2018-11-08 12:28:58.0
91*15629;15;4*1*2018-11-08 12:28:59.0
92*Trying to create vm in stage 1*98*2018-11-08 12:29:00.0
93*16733;16;4*2*2018-11-08 12:29:00.0
94*Trying to create vm in stage 2*98*2018-11-08 12:29:01.0
95*12360;12;4*3*2018-11-08 12:29:13.0
96*16391;16;5*1*2018-11-08 12:29:16.0
97*18217;18;5*2*2018-11-08 12:29:19.0
98*add vm (192.168.80.65) in stage 3*98*2018-11-08 12:29:27.0
99*13975;13;5*1*2018-11-08 12:29:31.0
100*13429;13;4*3*2018-11-08 12:29:33.0
101*15471;15;5*2*2018-11-08 12:29:35.0
102*Trying to create vm in stage 3*98*2018-11-08 12:29:36.0
103*13462;13;5*2*2018-11-08 12:29:49.0
104*22862;22;5*1*2018-11-08 12:29:54.0
105*18190;18;5*3*2018-11-08 12:29:55.0
106*add vm (192.168.80.66) in stage 1*98*2018-11-08 12:30:02.0
107*add vm (192.168.80.67) in stage 2*98*2018-11-08 12:30:03.0
108*11683;11;5*3*2018-11-08 12:30:07.0
109*19900;19;5*2*2018-11-08 12:30:10.0
110*17971;17;5*1*2018-11-08 12:30:13.0
111*Trying to create vm in stage 2*98*2018-11-08 12:30:21.0
112*Trying to create vm in stage 1*98*2018-11-08 12:30:25.0
113*16385;16;5*3*2018-11-08 12:30:27.0
114*19923;19;6*2*2018-11-08 12:30:30.0
115*add vm (192.168.80.68) in stage 3*98*2018-11-08 12:30:31.0
116*17583;17;6*1*2018-11-08 12:30:32.0
117*16415;16;6*2*2018-11-08 12:30:47.0
118*20788;20;5*3*2018-11-08 12:30:51.0
119*Trying to create vm in stage 3*98*2018-11-08 12:30:53.0
120*20892;20;6*1*2018-11-08 12:30:53.0
121*15273;15;6*1*2018-11-08 12:31:09.0
122*23817;23;6*2*2018-11-08 12:31:11.0
123*20591;20;6*3*2018-11-08 12:31:13.0
124*add vm (192.168.80.69) in stage 2*98*2018-11-08 12:31:16.0
125*add vm (192.168.80.70) in stage 1*98*2018-11-08 12:31:18.0
126*19387;19;6*1*2018-11-08 12:31:30.0
127*20696;20;6*3*2018-11-08 12:31:34.0
128*23096;23;6*2*2018-11-08 12:31:35.0
129*Trying to create vm in stage 2*98*2018-11-08 12:31:36.0
130*add vm (192.168.80.71) in stage 3*98*2018-11-08 12:31:50.0
131*17256;17;6*3*2018-11-08 12:31:53.0
132*24209;24;7*1*2018-11-08 12:31:55.0
133*21929;21;7*2*2018-11-08 12:31:58.0
134*22632;22;7*1*2018-11-08 12:32:17.0
135*Trying to create vm in stage 1*98*2018-11-08 12:32:19.0
136*21803;21;7*2*2018-11-08 12:32:20.0
137*Trying to create vm in stage 3*98*2018-11-08 12:32:22.0
138*27858;27;7*3*2018-11-08 12:32:27.0
139*add vm (192.168.80.72) in stage 2*98*2018-11-08 12:32:28.0
140*23597;23;7*1*2018-11-08 12:32:42.0
141*18143;18;7*3*2018-11-08 12:32:46.0
142*30020;30;7*2*2018-11-08 12:32:51.0
143*Trying to create vm in stage 2*98*2018-11-08 12:32:52.0
144*23986;23;7*1*2018-11-08 12:33:06.0
145*24933;24;7*3*2018-11-08 12:33:17.0
146*27702;27;8*2*2018-11-08 12:33:19.0
147*add vm (192.168.80.73) in stage 1*98*2018-11-08 12:33:20.0
148*add vm (192.168.80.74) in stage 3*98*2018-11-08 12:33:21.0
149*25895;25;7*1*2018-11-08 12:33:33.0
150*27481;27;8*2*2018-11-08 12:33:48.0
151*30484;30;7*3*2018-11-08 12:33:51.0
152*Trying to create vm in stage 3*98*2018-11-08 12:33:52.0
153*add vm (192.168.80.75) in stage 2*98*2018-11-08 12:33:57.0
154*31263;31;8*1*2018-11-08 12:34:05.0
155*24251;24;8*3*2018-11-08 12:34:15.0
156*29619;29;8*2*2018-11-08 12:34:18.0
157*add vm (192.168.80.76) in stage 3*98*2018-11-08 12:34:34.0
158*30286;30;8*1*2018-11-08 12:34:36.0
159*29831;29;8*3*2018-11-08 12:34:48.0
160*32056;32;9*2*2018-11-08 12:34:50.0
161*add vm (192.168.80.70) in stage 2*98*2018-11-08 12:34:52.0
162*23076;23;9*3*2018-11-08 12:35:15.0
163*29044;29;9*2*2018-11-08 12:35:20.0
164*18356;18;9*3*2018-11-08 12:35:39.0
165*25480;25;10*2*2018-11-08 12:35:46.0
166*rem vm (192.168.80.76) in stage 3*97*2018-11-08 12:35:48.0
167*20401;20;9*3*2018-11-08 12:36:07.0
168*Final time: 673*96*2018-11-08 12:36:09.0
