id*log*stage*time
1*1054;1;1*1*2018-11-08 10:57:37.0
2*1828;1;1*2*2018-11-08 10:57:39.0
3*1095;1;1*2*2018-11-08 10:57:40.0
4*2897;2;1*1*2018-11-08 10:57:41.0
5*1660;1;1*3*2018-11-08 10:57:41.0
6*Trying to create vm in stage 1*99*2018-11-08 10:57:42.0
7*950;0;1*3*2018-11-08 10:57:43.0
8*Trying to create vm in stage 2*99*2018-11-08 10:57:44.0
9*2928;2;1*1*2018-11-08 10:57:44.0
10*3518;3;1*2*2018-11-08 10:57:45.0
11*Trying to create vm in stage 3*99*2018-11-08 10:57:47.0
12*2877;2;1*3*2018-11-08 10:57:49.0
13*3679;3;1*2*2018-11-08 10:57:49.0
14*5912;5;1*1*2018-11-08 10:57:50.0
15*2941;2;1*3*2018-11-08 10:57:53.0
16*7142;7;1*2*2018-11-08 10:57:58.0
17*9473;9;1*1*2018-11-08 10:58:00.0
18*5454;5;1*3*2018-11-08 10:58:04.0
19*7768;7;1*2*2018-11-08 10:58:08.0
20*9761;9;1*1*2018-11-08 10:58:10.0
21*5571;5;1*3*2018-11-08 10:58:15.0
22*9445;9;1*1*2018-11-08 10:58:20.0
23*10684;10;1*2*2018-11-08 10:58:22.0
24*add vm (192.168.80.54) in stage 1*98*2018-11-08 10:58:23.0
25*add vm (192.168.80.55) in stage 2*98*2018-11-08 10:58:25.0
26*7805;7;1*3*2018-11-08 10:58:30.0
27*10460;10;1*2*2018-11-08 10:58:32.0
28*13504;13;1*1*2018-11-08 10:58:34.0
29*Trying to create vm in stage 1*99*2018-11-08 10:58:34.0
30*Trying to create vm in stage 2*99*2018-11-08 10:58:35.0
31*add vm (192.168.80.56) in stage 3*98*2018-11-08 10:58:38.0
32*5726;5;2*1*2018-11-08 10:58:40.0
33*8951;8;1*3*2018-11-08 10:58:42.0
34*7203;7;2*2*2018-11-08 10:58:42.0
35*Trying to create vm in stage 3*99*2018-11-08 10:58:45.0
36*8549;8;2*1*2018-11-08 10:58:49.0
37*6392;6;2*2*2018-11-08 10:58:49.0
38*5500;5;2*3*2018-11-08 10:58:49.0
39*5813;5;2*3*2018-11-08 10:58:56.0
40*8933;8;2*1*2018-11-08 10:58:59.0
41*10522;10;2*2*2018-11-08 10:59:00.0
42*7076;7;2*3*2018-11-08 10:59:08.0
43*10071;10;2*1*2018-11-08 10:59:09.0
44*9509;9;2*2*2018-11-08 10:59:10.0
45*7690;7;2*3*2018-11-08 10:59:19.0
46*10747;10;2*1*2018-11-08 10:59:21.0
47*12017;12;2*2*2018-11-08 10:59:23.0
48*add vm (192.168.80.57) in stage 1*98*2018-11-08 10:59:28.0
49*add vm (192.168.80.58) in stage 2*98*2018-11-08 10:59:28.0
50*8448;8;2*3*2018-11-08 10:59:33.0
51*10986;10;2*2*2018-11-08 10:59:34.0
52*14364;14;2*1*2018-11-08 10:59:36.0
53*Trying to create vm in stage 1*99*2018-11-08 10:59:37.0
54*Trying to create vm in stage 2*99*2018-11-08 10:59:37.0
55*add vm (192.168.80.59) in stage 3*98*2018-11-08 10:59:41.0
56*8832;8;2*3*2018-11-08 10:59:44.0
57*9163;9;3*1*2018-11-08 10:59:45.0
58*9885;9;3*2*2018-11-08 10:59:46.0
59*Trying to create vm in stage 3*99*2018-11-08 10:59:48.0
60*10020;10;3*1*2018-11-08 10:59:56.0
61*9747;9;3*2*2018-11-08 10:59:57.0
62*11319;11;3*3*2018-11-08 10:59:59.0
63*10788;10;3*1*2018-11-08 11:00:07.0
64*7323;7;3*3*2018-11-08 11:00:07.0
65*12197;12;3*2*2018-11-08 11:00:09.0
66*9720;9;3*3*2018-11-08 11:00:20.0
67*12247;12;3*1*2018-11-08 11:00:20.0
68*11909;11;3*2*2018-11-08 11:00:22.0
69*add vm (192.168.80.61) in stage 2*98*2018-11-08 11:00:33.0
70*add vm (192.168.80.60) in stage 1*98*2018-11-08 11:00:33.0
71*10817;10;3*3*2018-11-08 11:00:33.0
72*12893;12;3*1*2018-11-08 11:00:33.0
73*Trying to create vm in stage 1*99*2018-11-08 11:00:35.0
74*14243;14;3*2*2018-11-08 11:00:37.0
75*Trying to create vm in stage 2*99*2018-11-08 11:00:38.0
76*10153;10;4*1*2018-11-08 11:00:44.0
77*add vm (192.168.80.62) in stage 3*98*2018-11-08 11:00:48.0
78*11946;11;4*2*2018-11-08 11:00:50.0
79*12983;12;3*3*2018-11-08 11:00:51.0
80*Trying to create vm in stage 3*99*2018-11-08 11:00:52.0
81*9608;9;4*1*2018-11-08 11:00:54.0
82*10639;10;4*3*2018-11-08 11:01:03.0
83*16588;16;4*2*2018-11-08 11:01:07.0
84*12415;12;4*1*2018-11-08 11:01:07.0
85*12503;12;4*2*2018-11-08 11:01:20.0
86*15536;15;4*1*2018-11-08 11:01:24.0
87*16116;16;4*3*2018-11-08 11:01:24.0
88*add vm (192.168.80.63) in stage 1*98*2018-11-08 11:01:29.0
89*add vm (192.168.80.64) in stage 2*98*2018-11-08 11:01:30.0
90*14001;14;4*2*2018-11-08 11:01:35.0
91*Trying to create vm in stage 2*98*2018-11-08 11:01:35.0
92*11320;11;4*3*2018-11-08 11:01:36.0
93*16510;16;4*1*2018-11-08 11:01:41.0
94*Trying to create vm in stage 1*98*2018-11-08 11:01:42.0
95*12096;12;4*3*2018-11-08 11:01:49.0
96*14610;14;5*2*2018-11-08 11:01:50.0
97*add vm (192.168.80.65) in stage 3*98*2018-11-08 11:01:54.0
98*17393;17;5*1*2018-11-08 11:01:59.0
99*12060;12;4*3*2018-11-08 11:02:02.0
100*13786;13;5*2*2018-11-08 11:02:04.0
101*Trying to create vm in stage 3*98*2018-11-08 11:02:06.0
102*13928;13;5*1*2018-11-08 11:02:13.0
103*10679;10;5*1*2018-11-08 11:02:24.0
104*21149;21;5*2*2018-11-08 11:02:26.0
105*22730;22;5*3*2018-11-08 11:02:28.0
106*add vm (192.168.80.66) in stage 2*98*2018-11-08 11:02:35.0
107*add vm (192.168.80.67) in stage 1*98*2018-11-08 11:02:37.0
108*12815;12;5*3*2018-11-08 11:02:41.0
109*17225;17;5*2*2018-11-08 11:02:44.0
110*Trying to create vm in stage 2*98*2018-11-08 11:02:45.0
111*22971;22;5*1*2018-11-08 11:02:48.0
112*Trying to create vm in stage 1*98*2018-11-08 11:02:49.0
113*17212;17;6*2*2018-11-08 11:03:02.0
114*add vm (192.168.80.68) in stage 3*98*2018-11-08 11:03:02.0
115*19247;19;5*3*2018-11-08 11:03:04.0
116*Trying to create vm in stage 3*98*2018-11-08 11:03:05.0
117*20266;20;6*1*2018-11-08 11:03:09.0
118*19340;19;6*3*2018-11-08 11:03:24.0
119*23580;23;6*2*2018-11-08 11:03:26.0
120*16972;16;6*1*2018-11-08 11:03:26.0
121*18262;18;6*1*2018-11-08 11:03:45.0
122*22019;22;6*3*2018-11-08 11:03:49.0
123*23683;23;6*2*2018-11-08 11:03:50.0
124*add vm (192.168.80.69) in stage 2*98*2018-11-08 11:03:52.0
125*add vm (192.168.80.70) in stage 1*98*2018-11-08 11:03:53.0
126*add vm (192.168.80.71) in stage 3*98*2018-11-08 11:04:02.0
127*21392;21;6*1*2018-11-08 11:04:07.0
128*Trying to create vm in stage 1*98*2018-11-08 11:04:08.0
129*18881;18;6*3*2018-11-08 11:04:10.0
130*19821;19;6*2*2018-11-08 11:04:11.0
131*Trying to create vm in stage 2*98*2018-11-08 11:04:12.0
132*Trying to create vm in stage 3*98*2018-11-08 11:04:22.0
133*17163;17;7*2*2018-11-08 11:04:29.0
134*19541;19;7*3*2018-11-08 11:04:31.0
135*add vm (192.168.80.72) in stage 1*98*2018-11-08 11:04:45.0
136*41707;41;7*1*2018-11-08 11:04:49.0
137*20499;20;7*2*2018-11-08 11:04:50.0
138*17706;17;7*3*2018-11-08 11:04:50.0
139*Trying to create vm in stage 1*98*2018-11-08 11:04:50.0
140*add vm (192.168.80.73) in stage 2*98*2018-11-08 11:05:13.0
141*27985;27;7*3*2018-11-08 11:05:18.0
142*27861;27;7*2*2018-11-08 11:05:18.0
143*32264;32;8*1*2018-11-08 11:05:22.0
144*add vm (192.168.80.74) in stage 3*98*2018-11-08 11:05:24.0
145*Trying to create vm in stage 2*98*2018-11-08 11:05:35.0
146*26420;26;7*3*2018-11-08 11:05:45.0
147*24037;24;8*2*2018-11-08 11:05:48.0
148*29305;29;8*1*2018-11-08 11:05:52.0
149*add vm (192.168.80.75) in stage 1*98*2018-11-08 11:05:53.0
150*22204;22;8*1*2018-11-08 11:06:15.0
151*Trying to create vm in stage 3*98*2018-11-08 11:06:20.0
152*28583;28;8*2*2018-11-08 11:06:21.0
153*Trying to create vm in stage 1*98*2018-11-08 11:06:25.0
154*41707;41;8*3*2018-11-08 11:06:31.0
155*add vm (192.168.80.76) in stage 2*98*2018-11-08 11:06:32.0
156*17081;17;8*3*2018-11-08 11:06:48.0
157*27188;27;8*2*2018-11-08 11:06:49.0
158*39344;39;9*1*2018-11-08 11:06:55.0
159*add vm (192.168.80.77) in stage 3*98*2018-11-08 11:07:16.0
160*29340;29;8*3*2018-11-08 11:07:19.0
161*23641;23;9*1*2018-11-08 11:07:19.0
162*add vm (192.168.80.78) in stage 1*98*2018-11-08 11:07:23.0
163*16378;16;9*1*2018-11-08 11:07:36.0
164*39574;39;9*2*2018-11-08 11:07:36.0
165*Trying to create vm in stage 2*98*2018-11-08 11:07:51.0
166*25772;25;9*2*2018-11-08 11:08:03.0
167*39304;39;9*3*2018-11-08 11:08:17.0
168*Trying to create vm in stage 3*98*2018-11-08 11:08:19.0
169*add vm (192.168.80.79) in stage 2*98*2018-11-08 11:08:32.0
170*20612;20;9*3*2018-11-08 11:08:38.0
171*34498;34;9*2*2018-11-08 11:08:38.0
172*21987;21;9*3*2018-11-08 11:09:00.0
173*add vm (192.168.80.60) in stage 3*98*2018-11-08 11:09:04.0
174*Final time: 693*96*2018-11-08 11:09:05.0
