id*log*stage*time
1*1002;1;1*1*2018-11-08 11:12:59.0
2*1833;1;1*2*2018-11-08 11:13:01.0
3*1230;1;1*2*2018-11-08 11:13:02.0
4*2995;2;1*1*2018-11-08 11:13:02.0
5*Trying to create vm in stage 1*98*2018-11-08 11:13:03.0
6*1945;1;1*3*2018-11-08 11:13:03.0
7*968;0;1*3*2018-11-08 11:13:04.0
8*3112;3;1*1*2018-11-08 11:13:06.0
9*Trying to create vm in stage 2*98*2018-11-08 11:13:06.0
10*4130;4;1*2*2018-11-08 11:13:07.0
11*Trying to create vm in stage 3*98*2018-11-08 11:13:08.0
12*3036;3;1*3*2018-11-08 11:13:10.0
13*3644;3;1*2*2018-11-08 11:13:11.0
14*5901;5;1*1*2018-11-08 11:13:12.0
15*2854;2;1*3*2018-11-08 11:13:14.0
16*5710;5;1*1*2018-11-08 11:13:18.0
17*7194;7;1*2*2018-11-08 11:13:20.0
18*5590;5;1*3*2018-11-08 11:13:27.0
19*9435;9;1*1*2018-11-08 11:13:28.0
20*7711;7;1*2*2018-11-08 11:13:29.0
21*5683;5;1*3*2018-11-08 11:13:35.0
22*9189;9;1*1*2018-11-08 11:13:38.0
23*11021;11;1*2*2018-11-08 11:13:40.0
24*add vm (192.168.80.54) in stage 1*98*2018-11-08 11:13:41.0
25*8400;8;1*3*2018-11-08 11:13:49.0
26*13449;13;1*1*2018-11-08 11:13:51.0
27*10936;10;1*2*2018-11-08 11:13:52.0
28*Trying to create vm in stage 1*98*2018-11-08 11:13:52.0
29*6553;6;2*1*2018-11-08 11:13:59.0
30*add vm (192.168.80.55) in stage 2*98*2018-11-08 11:14:00.0
31*8341;8;1*3*2018-11-08 11:14:01.0
32*add vm (192.168.80.56) in stage 3*98*2018-11-08 11:14:01.0
33*6525;6;2*1*2018-11-08 11:14:06.0
34*16758;16;1*2*2018-11-08 11:14:09.0
35*Trying to create vm in stage 2*98*2018-11-08 11:14:11.0
36*6538;6;2*1*2018-11-08 11:14:13.0
37*Trying to create vm in stage 3*98*2018-11-08 11:14:16.0
38*6097;6;2*3*2018-11-08 11:14:16.0
39*7106;7;2*2*2018-11-08 11:14:17.0
40*8885;8;2*1*2018-11-08 11:14:22.0
41*5844;5;2*3*2018-11-08 11:14:23.0
42*8530;8;2*2*2018-11-08 11:14:26.0
43*8787;8;2*1*2018-11-08 11:14:31.0
44*6935;6;2*3*2018-11-08 11:14:34.0
45*8968;8;2*2*2018-11-08 11:14:35.0
46*add vm (192.168.80.57) in stage 1*98*2018-11-08 11:14:41.0
47*7287;7;2*3*2018-11-08 11:14:44.0
48*11847;11;2*1*2018-11-08 11:14:44.0
49*Trying to create vm in stage 1*98*2018-11-08 11:14:45.0
50*11530;11;2*2*2018-11-08 11:14:47.0
51*9634;9;3*1*2018-11-08 11:14:54.0
52*8632;8;2*3*2018-11-08 11:14:57.0
53*11563;11;2*2*2018-11-08 11:14:59.0
54*8801;8;3*1*2018-11-08 11:15:03.0
55*add vm (192.168.80.58) in stage 2*98*2018-11-08 11:15:07.0
56*9520;9;2*3*2018-11-08 11:15:10.0
57*add vm (192.168.80.59) in stage 3*98*2018-11-08 11:15:10.0
58*7918;7;3*1*2018-11-08 11:15:12.0
59*14755;14;2*2*2018-11-08 11:15:15.0
60*Trying to create vm in stage 2*98*2018-11-08 11:15:16.0
61*Trying to create vm in stage 3*98*2018-11-08 11:15:23.0
62*9067;9;3*3*2018-11-08 11:15:25.0
63*9805;9;3*2*2018-11-08 11:15:25.0
64*13137;13;3*1*2018-11-08 11:15:25.0
65*add vm (192.168.80.60) in stage 1*98*2018-11-08 11:15:34.0
66*8553;8;3*3*2018-11-08 11:15:35.0
67*11024;11;3*2*2018-11-08 11:15:37.0
68*13837;13;3*1*2018-11-08 11:15:40.0
69*Trying to create vm in stage 1*98*2018-11-08 11:15:41.0
70*11487;11;3*3*2018-11-08 11:15:49.0
71*11923;11;3*2*2018-11-08 11:15:49.0
72*11243;11;4*1*2018-11-08 11:15:52.0
73*11224;11;3*3*2018-11-08 11:16:01.0
74*13040;13;3*2*2018-11-08 11:16:03.0
75*10447;10;4*1*2018-11-08 11:16:04.0
76*11851;11;3*3*2018-11-08 11:16:16.0
77*add vm (192.168.80.61) in stage 2*98*2018-11-08 11:16:17.0
78*12946;12;4*1*2018-11-08 11:16:17.0
79*add vm (192.168.80.62) in stage 3*98*2018-11-08 11:16:17.0
80*13994;13;3*2*2018-11-08 11:16:17.0
81*Trying to create vm in stage 2*98*2018-11-08 11:16:18.0
82*Trying to create vm in stage 3*98*2018-11-08 11:16:18.0
83*11874;11;4*3*2018-11-08 11:16:30.0
84*12862;12;4*1*2018-11-08 11:16:30.0
85*15437;15;4*2*2018-11-08 11:16:34.0
86*add vm (192.168.80.63) in stage 1*98*2018-11-08 11:16:40.0
87*12159;12;4*1*2018-11-08 11:16:43.0
88*Trying to create vm in stage 1*98*2018-11-08 11:16:44.0
89*11344;11;4*3*2018-11-08 11:16:46.0
90*13416;13;4*2*2018-11-08 11:16:47.0
91*11491;11;4*3*2018-11-08 11:16:59.0
92*13504;13;4*2*2018-11-08 11:17:01.0
93*24301;24;5*1*2018-11-08 11:17:09.0
94*13517;13;4*3*2018-11-08 11:17:15.0
95*14224;14;4*2*2018-11-08 11:17:16.0
96*add vm (192.168.80.64) in stage 2*98*2018-11-08 11:17:20.0
97*add vm (192.168.80.65) in stage 3*98*2018-11-08 11:17:20.0
98*14700;14;5*1*2018-11-08 11:17:24.0
99*12589;12;4*3*2018-11-08 11:17:29.0
100*15583;15;4*2*2018-11-08 11:17:32.0
101*Trying to create vm in stage 2*98*2018-11-08 11:17:33.0
102*Trying to create vm in stage 3*98*2018-11-08 11:17:33.0
103*13456;13;5*1*2018-11-08 11:17:38.0
104*add vm (192.168.80.66) in stage 1*98*2018-11-08 11:17:45.0
105*12716;12;5*3*2018-11-08 11:17:45.0
106*17260;17;5*2*2018-11-08 11:17:50.0
107*20477;20;5*1*2018-11-08 11:18:00.0
108*11429;11;5*3*2018-11-08 11:18:03.0
109*16444;16;5*2*2018-11-08 11:18:07.0
110*Trying to create vm in stage 1*98*2018-11-08 11:18:08.0
111*10976;10;5*3*2018-11-08 11:18:19.0
112*20750;20;6*1*2018-11-08 11:18:21.0
113*16881;16;5*2*2018-11-08 11:18:25.0
114*add vm (192.168.80.67) in stage 2*98*2018-11-08 11:18:28.0
115*add vm (192.168.80.68) in stage 3*98*2018-11-08 11:18:29.0
116*16183;16;5*3*2018-11-08 11:18:42.0
117*20524;20;6*1*2018-11-08 11:18:42.0
118*20164;20;5*2*2018-11-08 11:18:45.0
119*Trying to create vm in stage 2*98*2018-11-08 11:18:46.0
120*Trying to create vm in stage 3*98*2018-11-08 11:19:00.0
121*17618;17;6*1*2018-11-08 11:19:00.0
122*add vm (192.168.80.69) in stage 1*98*2018-11-08 11:19:08.0
123*24844;24;6*3*2018-11-08 11:19:11.0
124*25281;25;6*2*2018-11-08 11:19:12.0
125*18046;18;6*1*2018-11-08 11:19:19.0
126*rem vm (192.168.80.69) in stage 1*97*2018-11-08 11:19:20.0
127*20102;20;6*3*2018-11-08 11:19:33.0
128*23302;23;6*2*2018-11-08 11:19:36.0
129*add vm (192.168.80.70) in stage 2*98*2018-11-08 11:19:40.0
130*20607;20;7*1*2018-11-08 11:19:43.0
131*14911;14;6*3*2018-11-08 11:19:51.0
132*add vm 192.168.80.69*99*2018-11-08 11:19:55.0
133*add vm (192.168.80.69) in stage 1*98*2018-11-08 11:19:56.0
134*add vm (192.168.80.71) in stage 3*98*2018-11-08 11:19:57.0
135*22168;22;6*2*2018-11-08 11:19:58.0
136*Trying to create vm in stage 2*98*2018-11-08 11:20:01.0
137*Trying to create vm in stage 3*98*2018-11-08 11:20:09.0
138*24724;24;6*1*2018-11-08 11:20:12.0
139*20086;20;7*3*2018-11-08 11:20:20.0
140*22882;22;7*2*2018-11-08 11:20:23.0
141*Trying to create vm in stage 1*98*2018-11-08 11:20:25.0
142*add vm (192.168.80.72) in stage 2*98*2018-11-08 11:20:39.0
143*16931;16;7*2*2018-11-08 11:20:40.0
144*Trying to create vm in stage 2*98*2018-11-08 11:20:42.0
145*27632;27;7*3*2018-11-08 11:20:51.0
146*42316;42;7*1*2018-11-08 11:20:55.0
147*add vm (192.168.80.73) in stage 3*98*2018-11-08 11:21:05.0
148*18661;18;7*3*2018-11-08 11:21:10.0
149*30602;30;8*2*2018-11-08 11:21:11.0
150*add vm (192.168.80.74) in stage 1*98*2018-11-08 11:21:20.0
151*35655;35;7*1*2018-11-08 11:21:31.0
152*22403;22;8*2*2018-11-08 11:21:34.0
153*Trying to create vm in stage 3*98*2018-11-08 11:21:34.0
154*add vm (192.168.80.75) in stage 2*98*2018-11-08 11:21:45.0
155*34616;34;8*3*2018-11-08 11:21:47.0
156*Trying to create vm in stage 1*98*2018-11-08 11:21:52.0
157*27597;27;8*2*2018-11-08 11:22:02.0
158*30369;30;8*1*2018-11-08 11:22:02.0
159*Trying to create vm in stage 2*98*2018-11-08 11:22:14.0
160*27214;27;8*3*2018-11-08 11:22:16.0
161*add vm (192.168.80.76) in stage 3*98*2018-11-08 11:22:24.0
162*29354;29;8*1*2018-11-08 11:22:32.0
163*add vm (192.168.80.77) in stage 1*98*2018-11-08 11:22:35.0
164*31498;31;9*2*2018-11-08 11:22:36.0
165*32116;32;8*3*2018-11-08 11:22:48.0
166*Trying to create vm in stage 3*98*2018-11-08 11:22:50.0
167*28614;28;8*1*2018-11-08 11:23:01.0
168*add vm (192.168.80.78) in stage 2*98*2018-11-08 11:23:06.0
169*36249;36;9*2*2018-11-08 11:23:12.0
170*28771;28;9*3*2018-11-08 11:23:21.0
171*18654;18;9*3*2018-11-08 11:23:41.0
172*add vm (192.168.80.79) in stage 3*98*2018-11-08 11:23:45.0
173*Trying to create vm in stage 2*98*2018-11-08 11:23:45.0
174*34330;34;10*2*2018-11-08 11:23:47.0
175*add vm (192.168.80.52) in stage 3*98*2018-11-08 11:23:58.0
176*27315;27;10*3*2018-11-08 11:24:16.0
177*Final time: 683*96*2018-11-08 11:24:18.0
178*add vm (192.168.80.51) in stage 2*98*2018-11-08 11:24:24.0
