id*log*stage*time
1*1005;1;1*1*2018-11-08 11:27:41.0
2*1776;1;1*2*2018-11-08 11:27:42.0
3*1109;1;1*2*2018-11-08 11:27:44.0
4*2872;2;1*1*2018-11-08 11:27:45.0
5*2043;2;1*3*2018-11-08 11:27:45.0
6*Trying to create vm in stage 1*98*2018-11-08 11:27:45.0
7*983;0;1*3*2018-11-08 11:27:47.0
8*Trying to create vm in stage 2*98*2018-11-08 11:27:48.0
9*3041;3;1*1*2018-11-08 11:27:48.0
10*3545;3;1*2*2018-11-08 11:27:49.0
11*Trying to create vm in stage 3*98*2018-11-08 11:27:51.0
12*2822;2;1*3*2018-11-08 11:27:52.0
13*3621;3;1*2*2018-11-08 11:27:53.0
14*5868;5;1*1*2018-11-08 11:27:54.0
15*3108;3;1*3*2018-11-08 11:27:57.0
16*5974;5;1*1*2018-11-08 11:28:01.0
17*7310;7;1*2*2018-11-08 11:28:03.0
18*5666;5;1*3*2018-11-08 11:28:09.0
19*9459;9;1*1*2018-11-08 11:28:11.0
20*7740;7;1*2*2018-11-08 11:28:11.0
21*5903;5;1*3*2018-11-08 11:28:18.0
22*add vm (192.168.80.54) in stage 1*98*2018-11-08 11:28:21.0
23*9901;9;1*1*2018-11-08 11:28:21.0
24*449;0;2*1*2018-11-08 11:28:22.0
25*Trying to create vm in stage 1*98*2018-11-08 11:28:22.0
26*11474;11;1*2*2018-11-08 11:28:23.0
27*666;0;2*1*2018-11-08 11:28:23.0
28*1134;1;2*1*2018-11-08 11:28:25.0
29*515;0;2*1*2018-11-08 11:28:26.0
30*666;0;2*1*2018-11-08 11:28:27.0
31*548;0;2*1*2018-11-08 11:28:28.0
32*8752;8;1*3*2018-11-08 11:28:33.0
33*4666;4;2*1*2018-11-08 11:28:33.0
34*11640;11;1*2*2018-11-08 11:28:35.0
35*add vm (192.168.80.55) in stage 2*98*2018-11-08 11:28:41.0
36*7731;7;2*1*2018-11-08 11:28:41.0
37*add vm (192.168.80.56) in stage 3*98*2018-11-08 11:28:42.0
38*7971;7;1*3*2018-11-08 11:28:44.0
39*8597;8;2*1*2018-11-08 11:28:50.0
40*16166;16;1*2*2018-11-08 11:28:52.0
41*Trying to create vm in stage 2*98*2018-11-08 11:28:53.0
42*6505;6;2*1*2018-11-08 11:28:57.0
43*Trying to create vm in stage 3*98*2018-11-08 11:29:00.0
44*6244;6;2*3*2018-11-08 11:29:00.0
45*7721;7;2*2*2018-11-08 11:29:00.0
46*5361;5;2*3*2018-11-08 11:29:07.0
47*9255;9;2*1*2018-11-08 11:29:07.0
48*8476;8;2*2*2018-11-08 11:29:09.0
49*8332;8;2*1*2018-11-08 11:29:16.0
50*add vm (192.168.80.57) in stage 1*98*2018-11-08 11:29:17.0
51*7785;7;2*3*2018-11-08 11:29:18.0
52*9651;9;2*2*2018-11-08 11:29:20.0
53*10064;10;2*1*2018-11-08 11:29:27.0
54*7272;7;2*3*2018-11-08 11:29:28.0
55*Trying to create vm in stage 1*98*2018-11-08 11:29:28.0
56*11435;11;2*2*2018-11-08 11:29:32.0
57*13566;13;3*1*2018-11-08 11:29:41.0
58*9523;9;2*3*2018-11-08 11:29:42.0
59*12799;12;2*2*2018-11-08 11:29:45.0
60*add vm (192.168.80.58) in stage 2*98*2018-11-08 11:29:47.0
61*9307;9;2*3*2018-11-08 11:29:55.0
62*add vm (192.168.80.59) in stage 3*98*2018-11-08 11:29:55.0
63*14677;14;3*1*2018-11-08 11:29:56.0
64*14931;14;2*2*2018-11-08 11:30:00.0
65*Trying to create vm in stage 2*98*2018-11-08 11:30:02.0
66*rem vm (192.168.80.59) in stage 3*97*2018-11-08 11:30:03.0
67*13272;13;3*1*2018-11-08 11:30:10.0
68*11415;11;3*2*2018-11-08 11:30:13.0
69*11647;11;3*3*2018-11-08 11:30:14.0
70*Trying to create vm in stage 3*98*2018-11-08 11:30:15.0
71*add vm 192.168.80.59*99*2018-11-08 11:30:19.0
72*add vm (192.168.80.60) in stage 1*98*2018-11-08 11:30:20.0
73*11901;11;3*1*2018-11-08 11:30:22.0
74*add vm (192.168.80.59) in stage 1*98*2018-11-08 11:30:23.0
75*11056;11;3*2*2018-11-08 11:30:25.0
76*12953;12;2*3*2018-11-08 11:30:30.0
77*11454;11;4*1*2018-11-08 11:30:34.0
78*Trying to create vm in stage 1*98*2018-11-08 11:30:35.0
79*12787;12;3*2*2018-11-08 11:30:38.0
80*12332;12;2*3*2018-11-08 11:30:42.0
81*11304;11;5*1*2018-11-08 11:30:46.0
82*add vm (192.168.80.61) in stage 2*98*2018-11-08 11:30:49.0
83*11497;11;3*2*2018-11-08 11:30:50.0
84*Trying to create vm in stage 2*98*2018-11-08 11:30:52.0
85*14109;14;2*3*2018-11-08 11:30:57.0
86*10866;10;5*1*2018-11-08 11:30:58.0
87*12107;12;4*2*2018-11-08 11:31:03.0
88*add vm (192.168.80.62) in stage 3*98*2018-11-08 11:31:05.0
89*11049;11;5*1*2018-11-08 11:31:09.0
90*9311;9;4*2*2018-11-08 11:31:13.0
91*17134;17;2*3*2018-11-08 11:31:15.0
92*Trying to create vm in stage 3*98*2018-11-08 11:31:16.0
93*14108;14;5*1*2018-11-08 11:31:24.0
94*12110;12;4*2*2018-11-08 11:31:25.0
95*add vm (192.168.80.63) in stage 1*98*2018-11-08 11:31:27.0
96*11281;11;3*3*2018-11-08 11:31:27.0
97*14597;14;5*1*2018-11-08 11:31:39.0
98*11942;11;3*3*2018-11-08 11:31:40.0
99*14981;14;4*2*2018-11-08 11:31:41.0
100*Trying to create vm in stage 1*98*2018-11-08 11:31:42.0
101*add vm (192.168.80.64) in stage 2*98*2018-11-08 11:31:44.0
102*11863;11;3*3*2018-11-08 11:31:52.0
103*15004;15;4*2*2018-11-08 11:31:56.0
104*Trying to create vm in stage 2*98*2018-11-08 11:31:57.0
105*21036;21;6*1*2018-11-08 11:32:02.0
106*13285;13;3*3*2018-11-08 11:32:06.0
107*11919;11;5*2*2018-11-08 11:32:09.0
108*add vm (192.168.80.65) in stage 3*98*2018-11-08 11:32:10.0
109*17124;17;6*1*2018-11-08 11:32:19.0
110*17561;17;3*3*2018-11-08 11:32:24.0
111*Trying to create vm in stage 3*98*2018-11-08 11:32:26.0
112*18459;18;5*2*2018-11-08 11:32:28.0
113*18832;18;6*1*2018-11-08 11:32:39.0
114*13989;13;5*2*2018-11-08 11:32:42.0
115*18032;18;4*3*2018-11-08 11:32:43.0
116*add vm (192.168.80.66) in stage 1*98*2018-11-08 11:32:45.0
117*add vm (192.168.80.67) in stage 2*98*2018-11-08 11:32:52.0
118*14419;14;4*3*2018-11-08 11:32:58.0
119*15043;15;5*2*2018-11-08 11:32:58.0
120*Trying to create vm in stage 2*98*2018-11-08 11:33:00.0
121*rem vm (192.168.80.67) in stage 2*97*2018-11-08 11:33:00.0
122*26497;26;6*1*2018-11-08 11:33:06.0
123*Trying to create vm in stage 1*98*2018-11-08 11:33:07.0
124*13571;13;4*3*2018-11-08 11:33:12.0
125*21823;21;6*2*2018-11-08 11:33:21.0
126*11270;11;4*3*2018-11-08 11:33:24.0
127*Trying to create vm in stage 2*98*2018-11-08 11:33:30.0
128*add vm (192.168.80.68) in stage 3*98*2018-11-08 11:33:31.0
129*add vm 192.168.80.67*99*2018-11-08 11:33:33.0
130*26867;26;7*1*2018-11-08 11:33:34.0
131*13971;13;4*3*2018-11-08 11:33:38.0
132*18303;18;5*2*2018-11-08 11:33:39.0
133*add vm (192.168.80.67) in stage 3*98*2018-11-08 11:33:41.0
134*add vm (192.168.80.69) in stage 2*98*2018-11-08 11:33:44.0
135*22732;22;7*1*2018-11-08 11:33:57.0
136*add vm (192.168.80.70) in stage 1*98*2018-11-08 11:34:00.0
137*19043;19;5*3*2018-11-08 11:34:01.0
138*22173;22;5*2*2018-11-08 11:34:02.0
139*Trying to create vm in stage 2*98*2018-11-08 11:34:04.0
140*rem vm (192.168.80.67) in stage 3*97*2018-11-08 11:34:04.0
141*17182;17;6*3*2018-11-08 11:34:21.0
142*20114;20;6*2*2018-11-08 11:34:23.0
143*25935;25;7*1*2018-11-08 11:34:23.0
144*Trying to create vm in stage 3*98*2018-11-08 11:34:24.0
145*add vm (192.168.80.71) in stage 2*98*2018-11-08 11:34:30.0
146*Trying to create vm in stage 1*98*2018-11-08 11:34:32.0
147*add vm 192.168.80.67*99*2018-11-08 11:34:36.0
148*21425;21;6*2*2018-11-08 11:34:45.0
149*add vm (192.168.80.67) in stage 2*98*2018-11-08 11:34:47.0
150*23731;23;5*3*2018-11-08 11:34:47.0
151*add vm (192.168.80.72) in stage 2*98*2018-11-08 11:34:58.0
152*30128;30;8*1*2018-11-08 11:35:01.0
153*15332;15;5*3*2018-11-08 11:35:03.0
154*25046;25;7*2*2018-11-08 11:35:11.0
155*add vm (192.168.80.73) in stage 3*98*2018-11-08 11:35:19.0
156*Trying to create vm in stage 2*98*2018-11-08 11:35:21.0
157*add vm (192.168.80.74) in stage 1*98*2018-11-08 11:35:30.0
158*18585;18;5*3*2018-11-08 11:35:30.0
159*20524;20;8*2*2018-11-08 11:35:32.0
160*37897;37;8*1*2018-11-08 11:35:42.0
161*Trying to create vm in stage 3*98*2018-11-08 11:35:43.0
162*21124;21;6*3*2018-11-08 11:35:54.0
163*23298;23;8*2*2018-11-08 11:35:56.0
164*16357;16;6*3*2018-11-08 11:36:13.0
165*add vm (192.168.80.75) in stage 2*98*2018-11-08 11:36:21.0
166*28708;28;8*2*2018-11-08 11:36:25.0
167*Trying to create vm in stage 2*98*2018-11-08 11:36:26.0
168*add vm (192.168.80.76) in stage 3*98*2018-11-08 11:36:29.0
169*16061;16;6*3*2018-11-08 11:36:41.0
170*22590;22;9*2*2018-11-08 11:36:48.0
171*Trying to create vm in stage 3*98*2018-11-08 11:36:58.0
172*19872;19;7*3*2018-11-08 11:37:09.0
173*24553;24;9*2*2018-11-08 11:37:13.0
174*add vm (192.168.80.51) in stage 2*98*2018-11-08 11:37:24.0
175*23295;23;9*2*2018-11-08 11:37:37.0
176*23084;23;7*3*2018-11-08 11:37:37.0
177*add vm (192.168.80.54) in stage 3*98*2018-11-08 11:37:55.0
178*19075;19;7*3*2018-11-08 11:37:56.0
179*Final time: 621*96*2018-11-08 11:37:58.0
