id*log*stage*time
1*1010;1;1*1*2018-11-08 12:39:50.0
2*2232;2;1*2*2018-11-08 12:39:51.0
3*1206;1;1*2*2018-11-08 12:39:53.0
4*2924;2;1*1*2018-11-08 12:39:53.0
5*2086;2;1*3*2018-11-08 12:39:54.0
6*Trying to create vm in stage 1*98*2018-11-08 12:39:54.0
7*954;0;1*3*2018-11-08 12:39:55.0
8*Trying to create vm in stage 2*98*2018-11-08 12:39:56.0
9*3138;3;1*1*2018-11-08 12:39:57.0
10*3971;3;1*2*2018-11-08 12:39:57.0
11*Trying to create vm in stage 3*98*2018-11-08 12:40:00.0
12*2764;2;1*3*2018-11-08 12:40:01.0
13*3703;3;1*2*2018-11-08 12:40:02.0
14*5839;5;1*1*2018-11-08 12:40:03.0
15*2752;2;1*3*2018-11-08 12:40:06.0
16*5985;5;1*1*2018-11-08 12:40:09.0
17*7647;7;1*2*2018-11-08 12:40:11.0
18*5589;5;1*3*2018-11-08 12:40:18.0
19*7764;7;1*2*2018-11-08 12:40:19.0
20*9607;9;1*1*2018-11-08 12:40:20.0
21*5529;5;1*3*2018-11-08 12:40:26.0
22*9356;9;1*1*2018-11-08 12:40:29.0
23*10706;10;1*2*2018-11-08 12:40:31.0
24*add vm (192.168.80.54) in stage 1*98*2018-11-08 12:40:33.0
25*add vm (192.168.80.55) in stage 2*98*2018-11-08 12:40:36.0
26*7729;7;1*3*2018-11-08 12:40:40.0
27*10515;10;1*2*2018-11-08 12:40:42.0
28*13623;13;1*1*2018-11-08 12:40:44.0
29*Trying to create vm in stage 1*98*2018-11-08 12:40:44.0
30*Trying to create vm in stage 2*98*2018-11-08 12:40:45.0
31*5780;5;2*1*2018-11-08 12:40:50.0
32*8556;8;1*3*2018-11-08 12:40:51.0
33*7044;7;2*2*2018-11-08 12:40:52.0
34*add vm (192.168.80.56) in stage 3*98*2018-11-08 12:40:53.0
35*6924;6;2*1*2018-11-08 12:40:58.0
36*6502;6;2*2*2018-11-08 12:40:59.0
37*12660;12;1*3*2018-11-08 12:41:05.0
38*7847;7;2*1*2018-11-08 12:41:06.0
39*Trying to create vm in stage 3*98*2018-11-08 12:41:06.0
40*8703;8;2*2*2018-11-08 12:41:09.0
41*6191;6;2*3*2018-11-08 12:41:12.0
42*9620;9;2*1*2018-11-08 12:41:16.0
43*9234;9;2*2*2018-11-08 12:41:18.0
44*6274;6;2*3*2018-11-08 12:41:19.0
45*9276;9;2*1*2018-11-08 12:41:26.0
46*10648;10;2*2*2018-11-08 12:41:29.0
47*10085;10;2*3*2018-11-08 12:41:30.0
48*11045;11;2*1*2018-11-08 12:41:37.0
49*add vm (192.168.80.57) in stage 1*98*2018-11-08 12:41:37.0
50*add vm (192.168.80.58) in stage 2*98*2018-11-08 12:41:38.0
51*Trying to create vm in stage 1*98*2018-11-08 12:41:39.0
52*9191;9;2*3*2018-11-08 12:41:40.0
53*11678;11;2*2*2018-11-08 12:41:42.0
54*Trying to create vm in stage 2*98*2018-11-08 12:41:42.0
55*10352;10;3*1*2018-11-08 12:41:48.0
56*9290;9;2*3*2018-11-08 12:41:52.0
57*12168;12;3*2*2018-11-08 12:41:55.0
58*8791;8;3*1*2018-11-08 12:41:58.0
59*add vm (192.168.80.59) in stage 3*98*2018-11-08 12:42:05.0
60*10987;10;3*2*2018-11-08 12:42:06.0
61*11715;11;2*3*2018-11-08 12:42:07.0
62*9595;9;3*1*2018-11-08 12:42:08.0
63*Trying to create vm in stage 3*98*2018-11-08 12:42:09.0
64*12758;12;3*2*2018-11-08 12:42:19.0
65*17015;17;3*3*2018-11-08 12:42:26.0
66*17418;17;3*1*2018-11-08 12:42:26.0
67*10639;10;3*2*2018-11-08 12:42:31.0
68*9551;9;3*3*2018-11-08 12:42:36.0
69*add vm (192.168.80.60) in stage 1*98*2018-11-08 12:42:39.0
70*12597;12;3*1*2018-11-08 12:42:39.0
71*add vm (192.168.80.61) in stage 2*98*2018-11-08 12:42:39.0
72*Trying to create vm in stage 1*98*2018-11-08 12:42:40.0
73*12033;12;3*2*2018-11-08 12:42:44.0
74*7968;7;3*3*2018-11-08 12:42:44.0
75*Trying to create vm in stage 2*98*2018-11-08 12:42:46.0
76*13428;13;4*1*2018-11-08 12:42:53.0
77*13903;13;3*3*2018-11-08 12:42:59.0
78*14760;14;4*2*2018-11-08 12:42:59.0
79*9867;9;4*1*2018-11-08 12:43:04.0
80*add vm (192.168.80.62) in stage 3*98*2018-11-08 12:43:08.0
81*11975;11;3*3*2018-11-08 12:43:12.0
82*13417;13;4*2*2018-11-08 12:43:13.0
83*Trying to create vm in stage 3*98*2018-11-08 12:43:15.0
84*12944;12;4*1*2018-11-08 12:43:17.0
85*12372;12;4*2*2018-11-08 12:43:26.0
86*14471;14;4*3*2018-11-08 12:43:29.0
87*14201;14;4*1*2018-11-08 12:43:32.0
88*add vm (192.168.80.63) in stage 1*98*2018-11-08 12:43:40.0
89*13330;13;4*2*2018-11-08 12:43:40.0
90*11398;11;4*3*2018-11-08 12:43:41.0
91*13517;13;4*1*2018-11-08 12:43:46.0
92*add vm (192.168.80.64) in stage 2*98*2018-11-08 12:43:46.0
93*Trying to create vm in stage 1*98*2018-11-08 12:43:48.0
94*14850;14;4*2*2018-11-08 12:43:56.0
95*14591;14;4*3*2018-11-08 12:43:56.0
96*Trying to create vm in stage 2*98*2018-11-08 12:43:57.0
97*17419;17;5*1*2018-11-08 12:44:04.0
98*12035;12;4*3*2018-11-08 12:44:09.0
99*14638;14;5*2*2018-11-08 12:44:11.0
100*add vm (192.168.80.65) in stage 3*98*2018-11-08 12:44:13.0
101*15385;15;5*1*2018-11-08 12:44:20.0
102*14715;14;5*2*2018-11-08 12:44:26.0
103*15641;15;4*3*2018-11-08 12:44:27.0
104*11567;11;5*1*2018-11-08 12:44:32.0
105*15671;15;5*2*2018-11-08 12:44:42.0
106*add vm (192.168.80.66) in stage 1*98*2018-11-08 12:44:48.0
107*15723;15;5*1*2018-11-08 12:44:48.0
108*Trying to create vm in stage 1*98*2018-11-08 12:44:49.0
109*23605;23;5*3*2018-11-08 12:44:52.0
110*Trying to create vm in stage 3*98*2018-11-08 12:44:54.0
111*add vm (192.168.80.67) in stage 2*98*2018-11-08 12:44:59.0
112*10291;10;5*3*2018-11-08 12:45:03.0
113*22220;22;5*2*2018-11-08 12:45:05.0
114*17177;17;6*1*2018-11-08 12:45:06.0
115*Trying to create vm in stage 2*98*2018-11-08 12:45:07.0
116*19056;19;6*2*2018-11-08 12:45:25.0
117*19207;19;5*3*2018-11-08 12:45:25.0
118*24862;24;6*1*2018-11-08 12:45:32.0
119*add vm (192.168.80.68) in stage 1*98*2018-11-08 12:45:35.0
120*add vm (192.168.80.69) in stage 3*98*2018-11-08 12:45:40.0
121*20923;20;6*2*2018-11-08 12:45:47.0
122*20692;20;5*3*2018-11-08 12:45:47.0
123*17642;17;6*1*2018-11-08 12:45:50.0
124*rem vm (192.168.80.68) in stage 1*97*2018-11-08 12:45:51.0
125*add vm (192.168.80.70) in stage 2*98*2018-11-08 12:46:01.0
126*19364;19;6*3*2018-11-08 12:46:07.0
127*21746;21;6*2*2018-11-08 12:46:09.0
128*22008;22;7*1*2018-11-08 12:46:16.0
129*Trying to create vm in stage 1*98*2018-11-08 12:46:17.0
130*Trying to create vm in stage 3*98*2018-11-08 12:46:23.0
131*17070;17;6*3*2018-11-08 12:46:26.0
132*20065;20;7*2*2018-11-08 12:46:29.0
133*add vm 192.168.80.68*99*2018-11-08 12:46:35.0
134*add vm (192.168.80.68) in stage 2*98*2018-11-08 12:46:42.0
135*15606;15;6*3*2018-11-08 12:46:45.0
136*21056;21;7*2*2018-11-08 12:46:51.0
137*35320;35;6*1*2018-11-08 12:46:54.0
138*add vm (192.168.80.71) in stage 1*98*2018-11-08 12:46:54.0
139*Trying to create vm in stage 1*98*2018-11-08 12:46:56.0
140*add vm (192.168.80.72) in stage 3*98*2018-11-08 12:47:16.0
141*24597;24;6*3*2018-11-08 12:47:17.0
142*24135;24;8*2*2018-11-08 12:47:19.0
143*24219;24;7*1*2018-11-08 12:47:19.0
144*26257;26;8*2*2018-11-08 12:47:46.0
145*27104;27;7*1*2018-11-08 12:47:46.0
146*27074;27;7*3*2018-11-08 12:47:46.0
147*add vm (192.168.80.73) in stage 1*98*2018-11-08 12:47:48.0
148*24785;24;8*2*2018-11-08 12:48:11.0
149*28925;28;7*3*2018-11-08 12:48:16.0
150*29287;29;7*1*2018-11-08 12:48:16.0
151*rem vm (192.168.80.68) in stage 2*97*2018-11-08 12:48:18.0
152*27585;27;7*3*2018-11-08 12:48:44.0
153*30951;30;8*1*2018-11-08 12:48:48.0
154*30825;30;8*2*2018-11-08 12:48:48.0
155*rem vm (192.168.80.72) in stage 3*97*2018-11-08 12:48:50.0
156*24611;24;7*3*2018-11-08 12:49:13.0
157*add vm 192.168.80.68*99*2018-11-08 12:49:14.0
158*30457;30;8*1*2018-11-08 12:49:18.0
159*30714;30;7*2*2018-11-08 12:49:22.0
160*rem vm (192.168.80.69) in stage 3*97*2018-11-08 12:49:25.0
161*19241;19;8*1*2018-11-08 12:49:38.0
162*24130;24;6*3*2018-11-08 12:49:49.0
163*add vm (192.168.80.68) in stage 2*98*2018-11-08 12:49:51.0
164*add vm 192.168.80.72*99*2018-11-08 12:50:01.0
165*43419;43;7*2*2018-11-08 12:50:06.0
166*add vm (192.168.80.72) in stage 2*98*2018-11-08 12:50:07.0
167*Trying to create vm in stage 3*98*2018-11-08 12:50:20.0
168*add vm 192.168.80.69*99*2018-11-08 12:50:21.0
169*22232;22;8*2*2018-11-08 12:50:29.0
170*21828;21;5*3*2018-11-08 12:50:29.0
171*20278;20;5*3*2018-11-08 12:50:50.0
172*Final time: 666*96*2018-11-08 12:50:51.0
173*add vm (192.168.80.51) in stage 3*98*2018-11-08 12:50:58.0
174*remm vm 192.168.80.69*99*2018-11-08 12:51:22.0
