id*log*stage*time
1*995;0;1*1*2018-11-08 11:42:33.0
2*1860;1;1*2*2018-11-08 11:42:34.0
3*1109;1;1*2*2018-11-08 11:42:35.0
4*Trying to create vm in stage 2*98*2018-11-08 11:42:36.0
5*2897;2;1*1*2018-11-08 11:42:36.0
6*Trying to create vm in stage 1*98*2018-11-08 11:42:37.0
7*2236;2;1*3*2018-11-08 11:42:37.0
8*966;0;1*3*2018-11-08 11:42:38.0
9*2970;2;1*1*2018-11-08 11:42:39.0
10*3638;3;1*2*2018-11-08 11:42:41.0
11*Trying to create vm in stage 3*98*2018-11-08 11:42:42.0
12*2694;2;1*3*2018-11-08 11:42:44.0
13*3619;3;1*2*2018-11-08 11:42:45.0
14*5881;5;1*1*2018-11-08 11:42:46.0
15*2706;2;1*3*2018-11-08 11:42:48.0
16*6122;6;1*1*2018-11-08 11:42:52.0
17*7501;7;1*2*2018-11-08 11:42:54.0
18*5894;5;1*3*2018-11-08 11:43:00.0
19*9576;9;1*1*2018-11-08 11:43:02.0
20*7722;7;1*2*2018-11-08 11:43:02.0
21*5771;5;1*3*2018-11-08 11:43:09.0
22*9700;9;1*1*2018-11-08 11:43:12.0
23*10931;10;1*2*2018-11-08 11:43:14.0
24*add vm (192.168.80.54) in stage 2*98*2018-11-08 11:43:15.0
25*add vm (192.168.80.55) in stage 1*98*2018-11-08 11:43:15.0
26*7746;7;1*3*2018-11-08 11:43:23.0
27*10383;10;1*2*2018-11-08 11:43:25.0
28*13627;13;1*1*2018-11-08 11:43:26.0
29*Trying to create vm in stage 1*98*2018-11-08 11:43:27.0
30*Trying to create vm in stage 2*98*2018-11-08 11:43:27.0
31*add vm (192.168.80.56) in stage 3*98*2018-11-08 11:43:31.0
32*6167;6;2*1*2018-11-08 11:43:33.0
33*8660;8;1*3*2018-11-08 11:43:34.0
34*7624;7;2*2*2018-11-08 11:43:35.0
35*Trying to create vm in stage 3*98*2018-11-08 11:43:37.0
36*8066;8;2*1*2018-11-08 11:43:42.0
37*6378;6;2*2*2018-11-08 11:43:42.0
38*6255;6;2*3*2018-11-08 11:43:43.0
39*5838;5;2*3*2018-11-08 11:43:49.0
40*8309;8;2*1*2018-11-08 11:43:51.0
41*9947;9;2*2*2018-11-08 11:43:53.0
42*10045;10;2*1*2018-11-08 11:44:01.0
43*7691;7;2*3*2018-11-08 11:44:02.0
44*9157;9;2*2*2018-11-08 11:44:03.0
45*9200;9;2*1*2018-11-08 11:44:11.0
46*9875;9;2*3*2018-11-08 11:44:14.0
47*11043;11;2*2*2018-11-08 11:44:14.0
48*add vm (192.168.80.57) in stage 1*98*2018-11-08 11:44:23.0
49*11822;11;2*1*2018-11-08 11:44:23.0
50*8832;8;2*3*2018-11-08 11:44:24.0
51*add vm (192.168.80.58) in stage 2*98*2018-11-08 11:44:25.0
52*Trying to create vm in stage 1*98*2018-11-08 11:44:25.0
53*11174;11;2*2*2018-11-08 11:44:26.0
54*Trying to create vm in stage 2*98*2018-11-08 11:44:27.0
55*add vm (192.168.80.59) in stage 3*98*2018-11-08 11:44:32.0
56*9144;9;3*1*2018-11-08 11:44:33.0
57*10796;10;3*2*2018-11-08 11:44:37.0
58*10628;10;2*3*2018-11-08 11:44:37.0
59*Trying to create vm in stage 3*98*2018-11-08 11:44:38.0
60*9518;9;3*1*2018-11-08 11:44:44.0
61*9742;9;3*3*2018-11-08 11:44:48.0
62*10003;10;3*2*2018-11-08 11:44:48.0
63*9074;9;3*1*2018-11-08 11:44:53.0
64*8618;8;3*3*2018-11-08 11:44:57.0
65*9748;9;3*1*2018-11-08 11:45:03.0
66*18468;18;3*2*2018-11-08 11:45:07.0
67*10463;10;3*1*2018-11-08 11:45:15.0
68*9329;9;3*3*2018-11-08 11:45:17.0
69*10584;10;3*2*2018-11-08 11:45:18.0
70*add vm (192.168.80.60) in stage 1*98*2018-11-08 11:45:21.0
71*add vm (192.168.80.61) in stage 2*98*2018-11-08 11:45:21.0
72*11012;11;3*3*2018-11-08 11:45:29.0
73*14030;14;3*2*2018-11-08 11:45:32.0
74*17174;17;3*1*2018-11-08 11:45:32.0
75*Trying to create vm in stage 1*98*2018-11-08 11:45:33.0
76*Trying to create vm in stage 2*98*2018-11-08 11:45:33.0
77*add vm (192.168.80.62) in stage 3*98*2018-11-08 11:45:33.0
78*11550;11;3*3*2018-11-08 11:45:44.0
79*12265;12;4*2*2018-11-08 11:45:45.0
80*Trying to create vm in stage 3*98*2018-11-08 11:45:47.0
81*14499;14;4*1*2018-11-08 11:45:48.0
82*11636;11;4*2*2018-11-08 11:45:57.0
83*13107;13;4*1*2018-11-08 11:46:02.0
84*10249;10;4*2*2018-11-08 11:46:08.0
85*25724;25;4*3*2018-11-08 11:46:12.0
86*10518;10;4*1*2018-11-08 11:46:13.0
87*add vm (192.168.80.63) in stage 2*98*2018-11-08 11:46:22.0
88*10635;10;4*3*2018-11-08 11:46:23.0
89*add vm (192.168.80.64) in stage 1*98*2018-11-08 11:46:26.0
90*17723;17;4*2*2018-11-08 11:46:26.0
91*14697;14;4*1*2018-11-08 11:46:28.0
92*Trying to create vm in stage 2*98*2018-11-08 11:46:28.0
93*Trying to create vm in stage 1*98*2018-11-08 11:46:29.0
94*add vm (192.168.80.65) in stage 3*98*2018-11-08 11:46:34.0
95*11180;11;4*3*2018-11-08 11:46:35.0
96*Trying to create vm in stage 3*98*2018-11-08 11:46:35.0
97*15839;15;5*2*2018-11-08 11:46:43.0
98*15633;15;5*1*2018-11-08 11:46:44.0
99*19401;19;5*3*2018-11-08 11:46:55.0
100*15634;15;5*1*2018-11-08 11:47:01.0
101*17573;17;5*2*2018-11-08 11:47:01.0
102*14994;14;5*3*2018-11-08 11:47:10.0
103*add vm (192.168.80.66) in stage 2*98*2018-11-08 11:47:15.0
104*add vm (192.168.80.67) in stage 1*98*2018-11-08 11:47:16.0
105*14213;14;5*2*2018-11-08 11:47:16.0
106*14779;14;5*1*2018-11-08 11:47:16.0
107*Trying to create vm in stage 1*98*2018-11-08 11:47:17.0
108*Trying to create vm in stage 2*98*2018-11-08 11:47:17.0
109*add vm (192.168.80.68) in stage 3*98*2018-11-08 11:47:21.0
110*21388;21;5*3*2018-11-08 11:47:32.0
111*16733;16;6*1*2018-11-08 11:47:34.0
112*Trying to create vm in stage 3*98*2018-11-08 11:47:34.0
113*19534;19;6*2*2018-11-08 11:47:36.0
114*15663;15;6*3*2018-11-08 11:47:49.0
115*18294;18;6*2*2018-11-08 11:47:55.0
116*add vm (192.168.80.69) in stage 1*98*2018-11-08 11:47:56.0
117*22928;22;6*1*2018-11-08 11:47:57.0
118*Trying to create vm in stage 1*98*2018-11-08 11:47:58.0
119*13914;13;6*3*2018-11-08 11:48:03.0
120*add vm (192.168.80.70) in stage 2*98*2018-11-08 11:48:15.0
121*20353;20;6*2*2018-11-08 11:48:16.0
122*Trying to create vm in stage 2*98*2018-11-08 11:48:18.0
123*22628;22;7*1*2018-11-08 11:48:20.0
124*23907;23;6*3*2018-11-08 11:48:28.0
125*add vm (192.168.80.71) in stage 3*98*2018-11-08 11:48:29.0
126*25077;25;7*2*2018-11-08 11:48:42.0
127*21657;21;7*1*2018-11-08 11:48:43.0
128*16511;16;6*3*2018-11-08 11:48:45.0
129*add vm (192.168.80.72) in stage 1*98*2018-11-08 11:49:00.0
130*23592;23;7*2*2018-11-08 11:49:06.0
131*22854;22;7*3*2018-11-08 11:49:09.0
132*23319;23;7*1*2018-11-08 11:49:09.0
133*add vm (192.168.80.73) in stage 2*98*2018-11-08 11:49:12.0
134*19087;19;7*2*2018-11-08 11:49:25.0
135*19428;19;7*3*2018-11-08 11:49:29.0
136*31956;31;8*1*2018-11-08 11:49:42.0
137*Trying to create vm in stage 1*98*2018-11-08 11:49:44.0
138*19422;19;7*3*2018-11-08 11:49:49.0
139*26767;26;8*2*2018-11-08 11:49:53.0
140*19338;19;7*3*2018-11-08 11:50:14.0
141*30889;30;8*1*2018-11-08 11:50:15.0
142*21108;21;8*2*2018-11-08 11:50:15.0
143*add vm (192.168.80.74) in stage 1*98*2018-11-08 11:50:20.0
144*23027;23;8*1*2018-11-08 11:50:38.0
145*26613;26;7*3*2018-11-08 11:50:43.0
146*30571;30;8*2*2018-11-08 11:50:46.0
147*Trying to create vm in stage 2*98*2018-11-08 11:50:47.0
148*Trying to create vm in stage 3*98*2018-11-08 11:51:00.0
149*25557;25;9*1*2018-11-08 11:51:05.0
150*28533;28;7*3*2018-11-08 11:51:15.0
151*30974;30;8*2*2018-11-08 11:51:17.0
152*add vm (192.168.80.75) in stage 2*98*2018-11-08 11:51:24.0
153*20124;20;7*3*2018-11-08 11:51:38.0
154*23679;23;8*2*2018-11-08 11:51:42.0
155*36616;36;9*1*2018-11-08 11:51:42.0
156*add vm (192.168.80.76) in stage 3*98*2018-11-08 11:51:51.0
157*27351;27;7*3*2018-11-08 11:52:10.0
158*29785;29;9*2*2018-11-08 11:52:12.0
159*34319;34;9*1*2018-11-08 11:52:17.0
160*Trying to create vm in stage 1*98*2018-11-08 11:52:18.0
161*24781;24;8*3*2018-11-08 11:52:39.0
162*30204;30;9*1*2018-11-08 11:52:47.0
163*31968;31;9*2*2018-11-08 11:52:50.0
164*add vm (192.168.80.77) in stage 1*98*2018-11-08 11:52:54.0
165*26303;26;8*3*2018-11-08 11:53:17.0
166*34848;34;9*2*2018-11-08 11:53:25.0
167*add vm (192.168.80.54) in stage 3*98*2018-11-08 11:53:42.0
168*16945;16;8*3*2018-11-08 11:53:43.0
169*Final time: 676*96*2018-11-08 11:53:44.0
