id*log*stage*time
1*988;0;1*1*2018-11-08 12:55:09.0
2*1974;1;1*2*2018-11-08 12:55:11.0
3*Trying to create vm in stage 2*98*2018-11-08 12:55:12.0
4*1141;1;1*2*2018-11-08 12:55:12.0
5*2901;2;1*1*2018-11-08 12:55:12.0
6*1770;1;1*3*2018-11-08 12:55:13.0
7*Trying to create vm in stage 1*98*2018-11-08 12:55:14.0
8*1081;1;1*3*2018-11-08 12:55:15.0
9*3131;3;1*1*2018-11-08 12:55:16.0
10*3779;3;1*2*2018-11-08 12:55:17.0
11*Trying to create vm in stage 3*98*2018-11-08 12:55:19.0
12*2775;2;1*3*2018-11-08 12:55:21.0
13*3639;3;1*2*2018-11-08 12:55:21.0
14*7904;7;1*1*2018-11-08 12:55:24.0
15*2719;2;1*3*2018-11-08 12:55:25.0
16*6448;6;1*1*2018-11-08 12:55:31.0
17*7688;7;1*2*2018-11-08 12:55:33.0
18*5454;5;1*3*2018-11-08 12:55:39.0
19*7425;7;1*2*2018-11-08 12:55:41.0
20*9346;9;1*1*2018-11-08 12:55:41.0
21*5862;5;1*3*2018-11-08 12:55:47.0
22*add vm (192.168.80.54) in stage 2*98*2018-11-08 12:55:47.0
23*9821;9;1*1*2018-11-08 12:55:52.0
24*10907;10;1*2*2018-11-08 12:55:53.0
25*Trying to create vm in stage 2*98*2018-11-08 12:55:54.0
26*5699;5;2*2*2018-11-08 12:56:00.0
27*8243;8;1*3*2018-11-08 12:56:02.0
28*13248;13;1*1*2018-11-08 12:56:05.0
29*add vm (192.168.80.55) in stage 1*98*2018-11-08 12:56:09.0
30*7863;7;1*3*2018-11-08 12:56:11.0
31*add vm (192.168.80.56) in stage 3*98*2018-11-08 12:56:11.0
32*5765;5;2*2*2018-11-08 12:56:12.0
33*Trying to create vm in stage 3*98*2018-11-08 12:56:13.0
34*5239;5;2*3*2018-11-08 12:56:19.0
35*13456;13;1*1*2018-11-08 12:56:19.0
36*Trying to create vm in stage 1*98*2018-11-08 12:56:21.0
37*6710;6;2*2*2018-11-08 12:56:27.0
38*8769;8;2*1*2018-11-08 12:56:29.0
39*5003;5;2*3*2018-11-08 12:56:33.0
40*7666;7;2*1*2018-11-08 12:56:38.0
41*8906;8;2*2*2018-11-08 12:56:39.0
42*add vm (192.168.80.57) in stage 2*98*2018-11-08 12:56:45.0
43*7005;7;2*3*2018-11-08 12:56:47.0
44*9550;9;2*1*2018-11-08 12:56:47.0
45*9707;9;2*2*2018-11-08 12:56:49.0
46*Trying to create vm in stage 2*98*2018-11-08 12:56:50.0
47*7116;7;2*3*2018-11-08 12:56:57.0
48*9351;9;2*1*2018-11-08 12:56:57.0
49*11276;11;3*2*2018-11-08 12:57:01.0
50*7234;7;3*2*2018-11-08 12:57:09.0
51*11605;11;2*1*2018-11-08 12:57:09.0
52*add vm (192.168.80.58) in stage 3*98*2018-11-08 12:57:13.0
53*10429;10;2*3*2018-11-08 12:57:13.0
54*Trying to create vm in stage 3*98*2018-11-08 12:57:14.0
55*add vm (192.168.80.59) in stage 1*98*2018-11-08 12:57:16.0
56*9449;9;3*2*2018-11-08 12:57:19.0
57*6132;6;3*3*2018-11-08 12:57:20.0
58*13154;13;2*1*2018-11-08 12:57:23.0
59*Trying to create vm in stage 1*98*2018-11-08 12:57:24.0
60*7203;7;3*3*2018-11-08 12:57:28.0
61*8747;8;3*2*2018-11-08 12:57:32.0
62*14291;14;3*1*2018-11-08 12:57:38.0
63*7079;7;3*3*2018-11-08 12:57:41.0
64*add vm (192.168.80.60) in stage 2*98*2018-11-08 12:57:47.0
65*10059;10;3*1*2018-11-08 12:57:49.0
66*12283;12;3*2*2018-11-08 12:57:50.0
67*Trying to create vm in stage 2*98*2018-11-08 12:57:51.0
68*9211;9;3*3*2018-11-08 12:58:01.0
69*11606;11;4*2*2018-11-08 12:58:03.0
70*13870;13;3*1*2018-11-08 12:58:03.0
71*add vm (192.168.80.61) in stage 3*98*2018-11-08 12:58:12.0
72*12624;12;4*2*2018-11-08 12:58:16.0
73*12413;12;3*3*2018-11-08 12:58:16.0
74*Trying to create vm in stage 3*98*2018-11-08 12:58:17.0
75*13513;13;3*1*2018-11-08 12:58:17.0
76*add vm (192.168.80.62) in stage 1*98*2018-11-08 12:58:19.0
77*10213;10;4*3*2018-11-08 12:58:27.0
78*13428;13;4*2*2018-11-08 12:58:31.0
79*14202;14;3*1*2018-11-08 12:58:32.0
80*Trying to create vm in stage 1*98*2018-11-08 12:58:33.0
81*11630;11;4*3*2018-11-08 12:58:44.0
82*14047;14;4*2*2018-11-08 12:58:46.0
83*14332;14;4*1*2018-11-08 12:58:47.0
84*add vm (192.168.80.63) in stage 2*98*2018-11-08 12:58:54.0
85*14124;14;4*3*2018-11-08 12:59:02.0
86*14423;14;4*1*2018-11-08 12:59:02.0
87*15911;15;4*2*2018-11-08 12:59:04.0
88*Trying to create vm in stage 2*98*2018-11-08 12:59:05.0
89*13524;13;4*1*2018-11-08 12:59:16.0
90*add vm (192.168.80.64) in stage 3*98*2018-11-08 12:59:17.0
91*14399;14;4*3*2018-11-08 12:59:19.0
92*16852;16;5*2*2018-11-08 12:59:22.0
93*add vm (192.168.80.65) in stage 1*98*2018-11-08 12:59:29.0
94*13445;13;4*1*2018-11-08 12:59:30.0
95*Trying to create vm in stage 1*98*2018-11-08 12:59:30.0
96*Trying to create vm in stage 3*98*2018-11-08 12:59:33.0
97*11978;11;5*3*2018-11-08 12:59:34.0
98*14835;14;5*2*2018-11-08 12:59:37.0
99*13590;13;5*1*2018-11-08 12:59:44.0
100*12998;12;5*3*2018-11-08 12:59:50.0
101*15055;15;5*2*2018-11-08 12:59:52.0
102*15092;15;5*1*2018-11-08 13:00:00.0
103*add vm (192.168.80.66) in stage 2*98*2018-11-08 13:00:06.0
104*14604;14;5*3*2018-11-08 13:00:07.0
105*19181;19;5*2*2018-11-08 13:00:12.0
106*Trying to create vm in stage 2*98*2018-11-08 13:00:13.0
107*18731;18;5*1*2018-11-08 13:00:20.0
108*14347;14;5*3*2018-11-08 13:00:27.0
109*19043;19;6*2*2018-11-08 13:00:31.0
110*add vm (192.168.80.67) in stage 1*98*2018-11-08 13:00:34.0
111*add vm (192.168.80.68) in stage 3*98*2018-11-08 13:00:35.0
112*17415;17;5*1*2018-11-08 13:00:39.0
113*14998;14;5*3*2018-11-08 13:00:47.0
114*16524;16;6*2*2018-11-08 13:00:49.0
115*Trying to create vm in stage 1*98*2018-11-08 13:00:55.0
116*15678;15;6*1*2018-11-08 13:00:55.0
117*16290;16;6*3*2018-11-08 13:01:07.0
118*19457;19;6*2*2018-11-08 13:01:10.0
119*add vm (192.168.80.69) in stage 2*98*2018-11-08 13:01:12.0
120*20106;20;6*1*2018-11-08 13:01:15.0
121*18866;18;6*2*2018-11-08 13:01:30.0
122*19905;19;6*3*2018-11-08 13:01:30.0
123*19232;19;6*1*2018-11-08 13:01:35.0
124*17041;17;6*3*2018-11-08 13:01:47.0
125*20593;20;7*2*2018-11-08 13:01:51.0
126*Trying to create vm in stage 2*98*2018-11-08 13:01:52.0
127*add vm (192.168.80.70) in stage 1*98*2018-11-08 13:01:57.0
128*25822;25;6*1*2018-11-08 13:02:01.0
129*Trying to create vm in stage 1*98*2018-11-08 13:02:03.0
130*21118;21;7*2*2018-11-08 13:02:13.0
131*21548;21;6*3*2018-11-08 13:02:13.0
132*27490;27;7*1*2018-11-08 13:02:29.0
133*20178;20;7*2*2018-11-08 13:02:34.0
134*31902;31;6*3*2018-11-08 13:02:46.0
135*add vm (192.168.80.71) in stage 2*98*2018-11-08 13:02:51.0
136*19531;19;7*2*2018-11-08 13:02:54.0
137*25334;25;7*1*2018-11-08 13:02:55.0
138*add vm (192.168.80.72) in stage 1*98*2018-11-08 13:02:56.0
139*Trying to create vm in stage 3*98*2018-11-08 13:02:57.0
140*14589;14;6*3*2018-11-08 13:03:01.0
141*21043;21;6*3*2018-11-08 13:03:22.0
142*27936;27;7*1*2018-11-08 13:03:24.0
143*Trying to create vm in stage 1*98*2018-11-08 13:03:26.0
144*29985;29;8*2*2018-11-08 13:03:27.0
145*add vm (192.168.80.73) in stage 3*98*2018-11-08 13:03:37.0
146*21861;21;6*3*2018-11-08 13:03:49.0
147*26366;26;8*1*2018-11-08 13:03:51.0
148*30572;30;8*2*2018-11-08 13:03:58.0
149*Trying to create vm in stage 2*98*2018-11-08 13:03:59.0
150*add vm (192.168.80.74) in stage 1*98*2018-11-08 13:04:04.0
151*27240;27;8*1*2018-11-08 13:04:19.0
152*24299;24;8*2*2018-11-08 13:04:23.0
153*26723;26;7*3*2018-11-08 13:04:26.0
154*add vm (192.168.80.75) in stage 2*98*2018-11-08 13:04:38.0
155*26668;26;8*2*2018-11-08 13:04:50.0
156*32201;32;9*1*2018-11-08 13:04:51.0
157*Trying to create vm in stage 1*98*2018-11-08 13:04:53.0
158*44265;44;7*3*2018-11-08 13:05:10.0
159*Trying to create vm in stage 3*98*2018-11-08 13:05:11.0
160*21563;21;9*1*2018-11-08 13:05:13.0
161*add vm (192.168.80.76) in stage 1*98*2018-11-08 13:05:34.0
162*32078;32;7*3*2018-11-08 13:05:43.0
163*54745;54;9*2*2018-11-08 13:05:47.0
164*Trying to create vm in stage 2*98*2018-11-08 13:05:49.0
165*add vm (192.168.80.77) in stage 3*98*2018-11-08 13:06:00.0
166*18918;18;7*3*2018-11-08 13:06:07.0
167*24765;24;9*2*2018-11-08 13:06:13.0
168*add vm (192.168.80.51) in stage 2*98*2018-11-08 13:06:37.0
169*27196;27;8*3*2018-11-08 13:06:41.0
170*Final time: 698*96*2018-11-08 13:06:43.0
