id*log*stage*time
1*1052;1;1*1*2018-11-08 11:56:50.0
2*1893;1;1*2*2018-11-08 11:56:51.0
3*1104;1;1*2*2018-11-08 11:56:53.0
4*2914;2;1*1*2018-11-08 11:56:53.0
5*Trying to create vm in stage 1*98*2018-11-08 11:56:53.0
6*1668;1;1*3*2018-11-08 11:56:54.0
7*945;0;1*3*2018-11-08 11:56:56.0
8*Trying to create vm in stage 2*98*2018-11-08 11:56:57.0
9*3033;3;1*1*2018-11-08 11:56:57.0
10*3825;3;1*2*2018-11-08 11:56:58.0
11*Trying to create vm in stage 3*98*2018-11-08 11:57:00.0
12*2657;2;1*3*2018-11-08 11:57:02.0
13*3603;3;1*2*2018-11-08 11:57:02.0
14*5965;5;1*1*2018-11-08 11:57:03.0
15*3287;3;1*3*2018-11-08 11:57:07.0
16*6053;6;1*1*2018-11-08 11:57:10.0
17*7491;7;1*2*2018-11-08 11:57:11.0
18*5428;5;1*3*2018-11-08 11:57:18.0
19*7516;7;1*2*2018-11-08 11:57:19.0
20*9404;9;1*1*2018-11-08 11:57:20.0
21*5863;5;1*3*2018-11-08 11:57:26.0
22*add vm (192.168.80.54) in stage 1*98*2018-11-08 11:57:29.0
23*9530;9;1*1*2018-11-08 11:57:30.0
24*Trying to create vm in stage 1*98*2018-11-08 11:57:31.0
25*10919;10;1*2*2018-11-08 11:57:31.0
26*7740;7;1*3*2018-11-08 11:57:40.0
27*10517;10;1*2*2018-11-08 11:57:42.0
28*13382;13;2*1*2018-11-08 11:57:44.0
29*4816;4;2*1*2018-11-08 11:57:49.0
30*add vm (192.168.80.56) in stage 3*98*2018-11-08 11:57:50.0
31*8029;8;1*3*2018-11-08 11:57:51.0
32*add vm (192.168.80.55) in stage 2*98*2018-11-08 11:57:51.0
33*6564;6;2*1*2018-11-08 11:57:56.0
34*15903;15;1*2*2018-11-08 11:58:01.0
35*Trying to create vm in stage 2*98*2018-11-08 11:58:02.0
36*7650;7;2*1*2018-11-08 11:58:04.0
37*6145;6;2*3*2018-11-08 11:58:08.0
38*Trying to create vm in stage 3*98*2018-11-08 11:58:09.0
39*7207;7;2*2*2018-11-08 11:58:09.0
40*8546;8;2*1*2018-11-08 11:58:13.0
41*4924;4;2*3*2018-11-08 11:58:14.0
42*10702;10;2*2*2018-11-08 11:58:20.0
43*9609;9;2*1*2018-11-08 11:58:23.0
44*add vm (192.168.80.57) in stage 1*98*2018-11-08 11:58:25.0
45*7528;7;2*3*2018-11-08 11:58:28.0
46*9361;9;2*2*2018-11-08 11:58:30.0
47*11230;11;2*1*2018-11-08 11:58:34.0
48*Trying to create vm in stage 1*98*2018-11-08 11:58:36.0
49*7413;7;2*3*2018-11-08 11:58:37.0
50*11346;11;2*2*2018-11-08 11:58:42.0
51*10911;10;3*1*2018-11-08 11:58:46.0
52*8712;8;2*3*2018-11-08 11:58:51.0
53*11581;11;2*2*2018-11-08 11:58:54.0
54*add vm (192.168.80.58) in stage 2*98*2018-11-08 11:58:55.0
55*8892;8;3*1*2018-11-08 11:58:55.0
56*9481;9;2*3*2018-11-08 11:59:04.0
57*9153;9;3*1*2018-11-08 11:59:05.0
58*add vm (192.168.80.59) in stage 3*98*2018-11-08 11:59:06.0
59*15855;15;2*2*2018-11-08 11:59:10.0
60*Trying to create vm in stage 2*98*2018-11-08 11:59:11.0
61*10329;10;3*1*2018-11-08 11:59:16.0
62*Trying to create vm in stage 3*98*2018-11-08 11:59:19.0
63*10435;10;3*3*2018-11-08 11:59:22.0
64*11931;11;3*2*2018-11-08 11:59:23.0
65*12017;12;3*1*2018-11-08 11:59:28.0
66*add vm (192.168.80.60) in stage 1*98*2018-11-08 11:59:28.0
67*Trying to create vm in stage 1*98*2018-11-08 11:59:30.0
68*9683;9;3*3*2018-11-08 11:59:34.0
69*12331;12;3*2*2018-11-08 11:59:36.0
70*11343;11;4*1*2018-11-08 11:59:40.0
71*10038;10;3*3*2018-11-08 11:59:47.0
72*13187;13;3*2*2018-11-08 11:59:50.0
73*9169;9;4*1*2018-11-08 11:59:50.0
74*10413;10;3*3*2018-11-08 12:00:02.0
75*12873;12;4*1*2018-11-08 12:00:03.0
76*15645;15;3*2*2018-11-08 12:00:06.0
77*add vm (192.168.80.61) in stage 2*98*2018-11-08 12:00:12.0
78*11820;11;4*1*2018-11-08 12:00:16.0
79*add vm (192.168.80.62) in stage 3*98*2018-11-08 12:00:18.0
80*11813;11;3*3*2018-11-08 12:00:19.0
81*14316;14;3*2*2018-11-08 12:00:21.0
82*Trying to create vm in stage 2*98*2018-11-08 12:00:22.0
83*Trying to create vm in stage 3*98*2018-11-08 12:00:22.0
84*add vm (192.168.80.63) in stage 1*98*2018-11-08 12:00:25.0
85*13297;13;4*1*2018-11-08 12:00:30.0
86*Trying to create vm in stage 1*98*2018-11-08 12:00:30.0
87*11577;11;4*3*2018-11-08 12:00:34.0
88*14628;14;4*2*2018-11-08 12:00:36.0
89*12388;12;5*1*2018-11-08 12:00:42.0
90*18330;18;4*3*2018-11-08 12:00:56.0
91*19039;19;4*2*2018-11-08 12:00:56.0
92*8521;8;4*3*2018-11-08 12:01:06.0
93*24209;24;5*1*2018-11-08 12:01:07.0
94*14441;14;4*2*2018-11-08 12:01:11.0
95*add vm (192.168.80.64) in stage 2*98*2018-11-08 12:01:11.0
96*Trying to create vm in stage 2*98*2018-11-08 12:01:12.0
97*add vm (192.168.80.65) in stage 3*98*2018-11-08 12:01:13.0
98*add vm (192.168.80.66) in stage 1*98*2018-11-08 12:01:19.0
99*12272;12;5*1*2018-11-08 12:01:20.0
100*Trying to create vm in stage 1*98*2018-11-08 12:01:21.0
101*13940;13;4*3*2018-11-08 12:01:25.0
102*17918;17;5*2*2018-11-08 12:01:30.0
103*14223;14;6*1*2018-11-08 12:01:35.0
104*13746;13;5*2*2018-11-08 12:01:44.0
105*Trying to create vm in stage 3*98*2018-11-08 12:01:47.0
106*20580;20;5*3*2018-11-08 12:01:52.0
107*12357;12;5*2*2018-11-08 12:01:57.0
108*23231;23;6*1*2018-11-08 12:01:59.0
109*add vm (192.168.80.67) in stage 2*98*2018-11-08 12:02:03.0
110*13316;13;5*3*2018-11-08 12:02:06.0
111*add vm (192.168.80.68) in stage 1*98*2018-11-08 12:02:09.0
112*10707;10;5*3*2018-11-08 12:02:17.0
113*20404;20;6*1*2018-11-08 12:02:20.0
114*23119;23;5*2*2018-11-08 12:02:20.0
115*Trying to create vm in stage 1*98*2018-11-08 12:02:22.0
116*Trying to create vm in stage 2*98*2018-11-08 12:02:33.0
117*15994;15;5*3*2018-11-08 12:02:38.0
118*20401;20;6*2*2018-11-08 12:02:42.0
119*22290;22;7*1*2018-11-08 12:02:43.0
120*add vm (192.168.80.69) in stage 3*98*2018-11-08 12:02:47.0
121*18750;18;6*2*2018-11-08 12:03:01.0
122*17874;17;5*3*2018-11-08 12:03:01.0
123*Trying to create vm in stage 3*98*2018-11-08 12:03:02.0
124*29748;29;7*1*2018-11-08 12:03:14.0
125*add vm (192.168.80.70) in stage 1*98*2018-11-08 12:03:15.0
126*17271;17;6*2*2018-11-08 12:03:18.0
127*21904;21;6*3*2018-11-08 12:03:23.0
128*add vm (192.168.80.71) in stage 2*98*2018-11-08 12:03:34.0
129*20720;20;7*1*2018-11-08 12:03:35.0
130*Trying to create vm in stage 1*98*2018-11-08 12:03:37.0
131*15155;15;6*3*2018-11-08 12:03:40.0
132*20475;20;6*2*2018-11-08 12:03:40.0
133*Trying to create vm in stage 2*98*2018-11-08 12:03:41.0
134*16856;16;7*2*2018-11-08 12:03:57.0
135*add vm (192.168.80.72) in stage 3*98*2018-11-08 12:03:58.0
136*20598;20;6*3*2018-11-08 12:04:01.0
137*35644;35;8*1*2018-11-08 12:04:11.0
138*15951;15;8*1*2018-11-08 12:04:28.0
139*36206;36;7*2*2018-11-08 12:04:34.0
140*35189;35;7*3*2018-11-08 12:04:37.0
141*add vm (192.168.80.73) in stage 1*98*2018-11-08 12:04:42.0
142*add vm (192.168.80.74) in stage 2*98*2018-11-08 12:04:46.0
143*Trying to create vm in stage 3*98*2018-11-08 12:04:49.0
144*17576;17;7*3*2018-11-08 12:04:55.0
145*29598;29;8*1*2018-11-08 12:04:58.0
146*28891;28;7*2*2018-11-08 12:05:04.0
147*Trying to create vm in stage 2*98*2018-11-08 12:05:22.0
148*20639;20;7*3*2018-11-08 12:05:25.0
149*22153;22;8*2*2018-11-08 12:05:26.0
150*add vm (192.168.80.75) in stage 3*98*2018-11-08 12:05:27.0
151*47109;47;9*1*2018-11-08 12:05:46.0
152*Trying to create vm in stage 1*98*2018-11-08 12:05:47.0
153*25914;25;8*2*2018-11-08 12:05:53.0
154*33188;33;8*3*2018-11-08 12:06:01.0
155*add vm (192.168.80.76) in stage 2*98*2018-11-08 12:06:17.0
156*24279;24;8*2*2018-11-08 12:06:17.0
157*34898;34;9*1*2018-11-08 12:06:21.0
158*add vm (192.168.80.77) in stage 1*98*2018-11-08 12:06:28.0
159*29762;29;8*3*2018-11-08 12:06:31.0
160*32759;32;9*2*2018-11-08 12:06:51.0
161*Trying to create vm in stage 2*98*2018-11-08 12:06:51.0
162*29917;29;8*3*2018-11-08 12:07:01.0
163*39524;39;9*1*2018-11-08 12:07:05.0
164*add vm (192.168.80.70) in stage 3*98*2018-11-08 12:07:12.0
165*29541;29;9*2*2018-11-08 12:07:21.0
166*add vm (192.168.80.78) in stage 2*98*2018-11-08 12:07:32.0
167*38666;38;8*3*2018-11-08 12:07:40.0
168*Trying to create vm in stage 3*98*2018-11-08 12:07:41.0
169*24593;24;9*2*2018-11-08 12:07:46.0
170*24065;24;9*3*2018-11-08 12:08:07.0
171*14438;14;9*3*2018-11-08 12:08:22.0
172*Final time: 699*96*2018-11-08 12:08:24.0
173*add vm (192.168.80.51) in stage 3*98*2018-11-08 12:08:26.0
