id*log*stage*time
1*1018;1;1*1*2018-11-08 13:08:57.0
2*1767;1;1*2*2018-11-08 13:08:58.0
3*1111;1;1*2*2018-11-08 13:08:59.0
4*2884;2;1*1*2018-11-08 13:09:00.0
5*1655;1;1*3*2018-11-08 13:09:00.0
6*Trying to create vm in stage 1*98*2018-11-08 13:09:00.0
7*948;0;1*3*2018-11-08 13:09:02.0
8*Trying to create vm in stage 2*98*2018-11-08 13:09:03.0
9*2928;2;1*1*2018-11-08 13:09:04.0
10*3600;3;1*2*2018-11-08 13:09:04.0
11*Trying to create vm in stage 3*98*2018-11-08 13:09:06.0
12*2888;2;1*3*2018-11-08 13:09:08.0
13*3593;3;1*2*2018-11-08 13:09:08.0
14*6201;6;1*1*2018-11-08 13:09:10.0
15*2881;2;1*3*2018-11-08 13:09:11.0
16*6258;6;1*1*2018-11-08 13:09:17.0
17*7809;7;1*2*2018-11-08 13:09:19.0
18*5559;5;1*3*2018-11-08 13:09:25.0
19*7609;7;1*2*2018-11-08 13:09:27.0
20*9429;9;1*1*2018-11-08 13:09:27.0
21*5326;5;1*3*2018-11-08 13:09:33.0
22*9259;9;1*1*2018-11-08 13:09:37.0
23*10626;10;1*2*2018-11-08 13:09:39.0
24*7737;7;1*3*2018-11-08 13:09:48.0
25*10766;10;1*2*2018-11-08 13:09:50.0
26*13416;13;1*1*2018-11-08 13:09:51.0
27*add vm (192.168.80.54) in stage 1*98*2018-11-08 13:09:55.0
28*add vm (192.168.80.55) in stage 2*98*2018-11-08 13:09:59.0
29*add vm (192.168.80.56) in stage 3*98*2018-11-08 13:09:59.0
30*8266;8;1*3*2018-11-08 13:10:00.0
31*13506;13;1*1*2018-11-08 13:10:05.0
32*Trying to create vm in stage 1*98*2018-11-08 13:10:07.0
33*15932;15;1*2*2018-11-08 13:10:08.0
34*Trying to create vm in stage 2*98*2018-11-08 13:10:09.0
35*rem vm (192.168.80.56) in stage 3*97*2018-11-08 13:10:10.0
36*7851;7;2*1*2018-11-08 13:10:14.0
37*5993;5;2*3*2018-11-08 13:10:15.0
38*7712;7;2*2*2018-11-08 13:10:16.0
39*Trying to create vm in stage 3*98*2018-11-08 13:10:17.0
40*add vm 192.168.80.56*99*2018-11-08 13:10:19.0
41*7280;7;2*1*2018-11-08 13:10:22.0
42*7977;7;2*2*2018-11-08 13:10:25.0
43*12090;12;1*3*2018-11-08 13:10:30.0
44*9286;9;2*1*2018-11-08 13:10:32.0
45*8651;8;2*2*2018-11-08 13:10:34.0
46*9099;9;2*1*2018-11-08 13:10:42.0
47*10852;10;2*2*2018-11-08 13:10:46.0
48*17824;17;1*3*2018-11-08 13:10:49.0
49*add vm (192.168.80.57) in stage 1*98*2018-11-08 13:10:49.0
50*add vm (192.168.80.58) in stage 2*98*2018-11-08 13:10:52.0
51*10876;10;2*1*2018-11-08 13:10:53.0
52*add vm (192.168.80.56) in stage 1*98*2018-11-08 13:10:54.0
53*10947;10;2*2*2018-11-08 13:10:57.0
54*Trying to create vm in stage 2*98*2018-11-08 13:10:58.0
55*8689;8;3*1*2018-11-08 13:11:02.0
56*Trying to create vm in stage 1*98*2018-11-08 13:11:03.0
57*9226;9;3*2*2018-11-08 13:11:07.0
58*17370;17;1*3*2018-11-08 13:11:07.0
59*add vm (192.168.80.59) in stage 3*98*2018-11-08 13:11:09.0
60*7330;7;4*1*2018-11-08 13:11:10.0
61*9809;9;3*2*2018-11-08 13:11:18.0
62*6955;6;4*1*2018-11-08 13:11:18.0
63*8834;8;4*1*2018-11-08 13:11:27.0
64*11619;11;3*2*2018-11-08 13:11:30.0
65*27570;27;1*3*2018-11-08 13:11:36.0
66*Trying to create vm in stage 3*98*2018-11-08 13:11:37.0
67*11414;11;4*1*2018-11-08 13:11:39.0
68*13443;13;3*2*2018-11-08 13:11:44.0
69*8530;8;4*1*2018-11-08 13:11:48.0
70*14223;14;2*3*2018-11-08 13:11:51.0
71*add vm (192.168.80.60) in stage 2*98*2018-11-08 13:11:54.0
72*11326;11;3*2*2018-11-08 13:11:56.0
73*add vm (192.168.80.61) in stage 1*98*2018-11-08 13:11:56.0
74*Trying to create vm in stage 2*98*2018-11-08 13:11:56.0
75*10527;10;4*1*2018-11-08 13:11:59.0
76*Trying to create vm in stage 1*98*2018-11-08 13:12:01.0
77*12461;12;2*3*2018-11-08 13:12:04.0
78*11458;11;4*2*2018-11-08 13:12:08.0
79*11371;11;5*1*2018-11-08 13:12:11.0
80*11679;11;2*3*2018-11-08 13:12:16.0
81*12329;12;4*2*2018-11-08 13:12:21.0
82*11124;11;5*1*2018-11-08 13:12:23.0
83*12721;12;2*3*2018-11-08 13:12:29.0
84*12066;12;4*2*2018-11-08 13:12:33.0
85*12053;12;5*1*2018-11-08 13:12:36.0
86*add vm (192.168.80.62) in stage 3*98*2018-11-08 13:12:37.0
87*14835;14;2*3*2018-11-08 13:12:45.0
88*Trying to create vm in stage 3*98*2018-11-08 13:12:46.0
89*13705;13;4*2*2018-11-08 13:12:47.0
90*14686;14;5*1*2018-11-08 13:12:51.0
91*11366;11;3*3*2018-11-08 13:12:57.0
92*add vm (192.168.80.63) in stage 2*98*2018-11-08 13:12:59.0
93*13551;13;4*2*2018-11-08 13:13:01.0
94*Trying to create vm in stage 2*98*2018-11-08 13:13:02.0
95*add vm (192.168.80.64) in stage 1*98*2018-11-08 13:13:04.0
96*15758;15;5*1*2018-11-08 13:13:08.0
97*10264;10;3*3*2018-11-08 13:13:08.0
98*11519;11;5*2*2018-11-08 13:13:13.0
99*14573;14;3*3*2018-11-08 13:13:23.0
100*18053;18;6*1*2018-11-08 13:13:27.0
101*Trying to create vm in stage 1*98*2018-11-08 13:13:28.0
102*14969;14;5*2*2018-11-08 13:13:29.0
103*10259;10;3*3*2018-11-08 13:13:34.0
104*add vm (192.168.80.65) in stage 3*98*2018-11-08 13:13:40.0
105*11882;11;3*3*2018-11-08 13:13:46.0
106*Trying to create vm in stage 3*98*2018-11-08 13:13:47.0
107*18072;18;5*2*2018-11-08 13:13:47.0
108*23913;23;6*1*2018-11-08 13:13:54.0
109*add vm (192.168.80.66) in stage 2*98*2018-11-08 13:14:00.0
110*13331;13;4*3*2018-11-08 13:14:00.0
111*17013;17;5*2*2018-11-08 13:14:05.0
112*13932;13;4*3*2018-11-08 13:14:14.0
113*Trying to create vm in stage 2*98*2018-11-08 13:14:16.0
114*25048;25;6*1*2018-11-08 13:14:20.0
115*16499;16;6*2*2018-11-08 13:14:22.0
116*10438;10;4*3*2018-11-08 13:14:25.0
117*add vm (192.168.80.67) in stage 1*98*2018-11-08 13:14:35.0
118*13082;13;4*3*2018-11-08 13:14:39.0
119*22109;22;6*1*2018-11-08 13:14:42.0
120*Trying to create vm in stage 1*98*2018-11-08 13:14:44.0
121*add vm (192.168.80.68) in stage 3*98*2018-11-08 13:14:44.0
122*23367;23;6*2*2018-11-08 13:14:46.0
123*14828;14;4*3*2018-11-08 13:14:54.0
124*Trying to create vm in stage 3*98*2018-11-08 13:14:56.0
125*19794;19;6*2*2018-11-08 13:15:07.0
126*16658;16;5*3*2018-11-08 13:15:12.0
127*28393;28;7*1*2018-11-08 13:15:12.0
128*add vm (192.168.80.69) in stage 2*98*2018-11-08 13:15:21.0
129*18929;18;5*3*2018-11-08 13:15:31.0
130*22382;22;6*2*2018-11-08 13:15:35.0
131*24630;24;7*1*2018-11-08 13:15:37.0
132*add vm (192.168.80.70) in stage 1*98*2018-11-08 13:15:48.0
133*add vm (192.168.80.71) in stage 3*98*2018-11-08 13:15:52.0
134*18747;18;7*1*2018-11-08 13:15:56.0
135*28165;28;5*3*2018-11-08 13:16:00.0
136*Trying to create vm in stage 3*98*2018-11-08 13:16:02.0
137*24570;24;7*2*2018-11-08 13:16:03.0
138*Trying to create vm in stage 2*98*2018-11-08 13:16:21.0
139*17682;17;7*2*2018-11-08 13:16:21.0
140*22401;22;6*3*2018-11-08 13:16:24.0
141*28292;28;8*1*2018-11-08 13:16:25.0
142*add vm (192.168.80.72) in stage 3*98*2018-11-08 13:16:39.0
143*23029;23;6*3*2018-11-08 13:16:48.0
144*26875;26;7*2*2018-11-08 13:16:52.0
145*28703;28;8*1*2018-11-08 13:16:54.0
146*Trying to create vm in stage 1*98*2018-11-08 13:16:55.0
147*21319;21;7*3*2018-11-08 13:17:10.0
148*rem vm (192.168.80.72) in stage 3*97*2018-11-08 13:17:12.0
149*add vm (192.168.80.73) in stage 2*98*2018-11-08 13:17:12.0
150*26483;26;7*2*2018-11-08 13:17:21.0
151*15509;15;7*3*2018-11-08 13:17:26.0
152*rem vm (192.168.80.71) in stage 3*97*2018-11-08 13:17:27.0
153*35666;35;8*1*2018-11-08 13:17:30.0
154*Trying to create vm in stage 2*98*2018-11-08 13:17:47.0
155*21703;21;8*2*2018-11-08 13:17:52.0
156*add vm 192.168.80.72*99*2018-11-08 13:17:54.0
157*28630;28;6*3*2018-11-08 13:17:55.0
158*add vm (192.168.80.74) in stage 1*98*2018-11-08 13:17:57.0
159*30045;30;8*1*2018-11-08 13:18:00.0
160*add vm (192.168.80.72) in stage 3*98*2018-11-08 13:18:06.0
161*21441;21;8*2*2018-11-08 13:18:22.0
162*add vm 192.168.80.71*99*2018-11-08 13:18:24.0
163*25666;25;9*1*2018-11-08 13:18:27.0
164*add vm (192.168.80.75) in stage 2*98*2018-11-08 13:18:38.0
165*43337;43;5*3*2018-11-08 13:18:39.0
166*add vm (192.168.80.71) in stage 3*98*2018-11-08 13:18:41.0
167*31147;31;8*2*2018-11-08 13:18:59.0
168*19781;19;6*3*2018-11-08 13:19:00.0
169*32758;32;9*1*2018-11-08 13:19:00.0
170*rem vm (192.168.80.71) in stage 3*97*2018-11-08 13:19:02.0
171*34103;34;9*2*2018-11-08 13:19:36.0
172*38905;38;7*3*2018-11-08 13:19:40.0
173*add vm (192.168.80.69) in stage 3*98*2018-11-08 13:19:42.0
174*add vm 192.168.80.71*99*2018-11-08 13:19:50.0
175*24469;24;6*3*2018-11-08 13:20:05.0
176*Final time: 674*96*2018-11-08 13:20:06.0
